{"C:\\Users\\tedhw\\Documents\\dev\\mipa-ted\\src\\App.vue": {"path":"C:\\Users\\tedhw\\Documents\\dev\\mipa-ted\\src\\App.vue","statementMap":{"0":{"start":{"line":8,"column":0},"end":{"line":8,"column":null}},"1":{"start":{"line":16,"column":0},"end":{"line":16,"column":null}},"2":{"start":{"line":17,"column":0},"end":{"line":17,"column":null}}},"fnMap":{"0":{"name":"(anonymous_1)","decl":{"start":{"line":15,"column":0},"end":{"line":15,"column":null}},"loc":{"start":{"line":15,"column":0},"end":{"line":18,"column":null}}}},"branchMap":{},"s":{"0":0,"1":0,"2":0},"f":{"0":0},"b":{}}
,"C:\\Users\\tedhw\\Documents\\dev\\mipa-ted\\src\\api\\idb.js": {"path":"C:\\Users\\tedhw\\Documents\\dev\\mipa-ted\\src\\api\\idb.js","statementMap":{"0":{"start":{"line":1,"column":16},"end":{"line":1,"column":22}},"1":{"start":{"line":2,"column":19},"end":{"line":2,"column":20}},"2":{"start":{"line":7,"column":4},"end":{"line":56,"column":7}},"3":{"start":{"line":8,"column":6},"end":{"line":10,"column":7}},"4":{"start":{"line":9,"column":8},"end":{"line":9,"column":27}},"5":{"start":{"line":12,"column":20},"end":{"line":12,"column":62}},"6":{"start":{"line":14,"column":6},"end":{"line":17,"column":8}},"7":{"start":{"line":15,"column":8},"end":{"line":15,"column":43}},"8":{"start":{"line":16,"column":8},"end":{"line":16,"column":24}},"9":{"start":{"line":19,"column":6},"end":{"line":22,"column":8}},"10":{"start":{"line":20,"column":8},"end":{"line":20,"column":29}},"11":{"start":{"line":21,"column":8},"end":{"line":21,"column":20}},"12":{"start":{"line":24,"column":6},"end":{"line":30,"column":8}},"13":{"start":{"line":25,"column":8},"end":{"line":25,"column":39}},"14":{"start":{"line":26,"column":17},"end":{"line":26,"column":32}},"15":{"start":{"line":27,"column":8},"end":{"line":27,"column":42}},"16":{"start":{"line":28,"column":8},"end":{"line":28,"column":49}},"17":{"start":{"line":29,"column":8},"end":{"line":29,"column":55}},"18":{"start":{"line":32,"column":6},"end":{"line":55,"column":8}},"19":{"start":{"line":34,"column":17},"end":{"line":34,"column":36}},"20":{"start":{"line":36,"column":8},"end":{"line":38,"column":10}},"21":{"start":{"line":37,"column":10},"end":{"line":37,"column":63}},"22":{"start":{"line":40,"column":8},"end":{"line":47,"column":9}},"23":{"start":{"line":42,"column":10},"end":{"line":42,"column":44}},"24":{"start":{"line":43,"column":10},"end":{"line":43,"column":51}},"25":{"start":{"line":48,"column":8},"end":{"line":54,"column":9}},"26":{"start":{"line":49,"column":10},"end":{"line":51,"column":13}},"27":{"start":{"line":59,"column":13},"end":{"line":59,"column":31}},"28":{"start":{"line":61,"column":4},"end":{"line":69,"column":7}},"29":{"start":{"line":62,"column":18},"end":{"line":62,"column":67}},"30":{"start":{"line":63,"column":6},"end":{"line":65,"column":8}},"31":{"start":{"line":64,"column":8},"end":{"line":64,"column":18}},"32":{"start":{"line":67,"column":18},"end":{"line":67,"column":55}},"33":{"start":{"line":68,"column":6},"end":{"line":68,"column":40}},"34":{"start":{"line":72,"column":13},"end":{"line":72,"column":31}},"35":{"start":{"line":74,"column":4},"end":{"line":90,"column":7}},"36":{"start":{"line":75,"column":18},"end":{"line":75,"column":66}},"37":{"start":{"line":76,"column":6},"end":{"line":78,"column":8}},"38":{"start":{"line":77,"column":8},"end":{"line":77,"column":34}},"39":{"start":{"line":80,"column":18},"end":{"line":80,"column":55}},"40":{"start":{"line":81,"column":29},"end":{"line":81,"column":31}},"41":{"start":{"line":83,"column":6},"end":{"line":89,"column":8}},"42":{"start":{"line":84,"column":21},"end":{"line":84,"column":36}},"43":{"start":{"line":85,"column":8},"end":{"line":88,"column":9}},"44":{"start":{"line":86,"column":10},"end":{"line":86,"column":46}},"45":{"start":{"line":87,"column":10},"end":{"line":87,"column":28}},"46":{"start":{"line":94,"column":13},"end":{"line":94,"column":31}},"47":{"start":{"line":96,"column":4},"end":{"line":108,"column":7}},"48":{"start":{"line":97,"column":18},"end":{"line":97,"column":59}},"49":{"start":{"line":98,"column":6},"end":{"line":100,"column":8}},"50":{"start":{"line":99,"column":8},"end":{"line":99,"column":26}},"51":{"start":{"line":102,"column":18},"end":{"line":102,"column":48}},"52":{"start":{"line":103,"column":21},"end":{"line":103,"column":23}},"53":{"start":{"line":105,"column":6},"end":{"line":107,"column":8}},"54":{"start":{"line":106,"column":8},"end":{"line":106,"column":35}},"55":{"start":{"line":112,"column":13},"end":{"line":112,"column":31}},"56":{"start":{"line":114,"column":4},"end":{"line":126,"column":7}},"57":{"start":{"line":115,"column":18},"end":{"line":115,"column":66}},"58":{"start":{"line":116,"column":6},"end":{"line":118,"column":8}},"59":{"start":{"line":117,"column":8},"end":{"line":117,"column":33}},"60":{"start":{"line":120,"column":18},"end":{"line":120,"column":55}},"61":{"start":{"line":121,"column":28},"end":{"line":121,"column":30}},"62":{"start":{"line":123,"column":6},"end":{"line":125,"column":8}},"63":{"start":{"line":124,"column":8},"end":{"line":124,"column":42}},"64":{"start":{"line":131,"column":13},"end":{"line":131,"column":31}},"65":{"start":{"line":133,"column":4},"end":{"line":141,"column":7}},"66":{"start":{"line":134,"column":18},"end":{"line":134,"column":60}},"67":{"start":{"line":135,"column":6},"end":{"line":137,"column":8}},"68":{"start":{"line":136,"column":8},"end":{"line":136,"column":18}},"69":{"start":{"line":139,"column":18},"end":{"line":139,"column":48}},"70":{"start":{"line":140,"column":6},"end":{"line":140,"column":44}},"71":{"start":{"line":145,"column":13},"end":{"line":145,"column":31}},"72":{"start":{"line":147,"column":4},"end":{"line":155,"column":7}},"73":{"start":{"line":148,"column":18},"end":{"line":148,"column":67}},"74":{"start":{"line":149,"column":6},"end":{"line":151,"column":8}},"75":{"start":{"line":150,"column":8},"end":{"line":150,"column":18}},"76":{"start":{"line":153,"column":18},"end":{"line":153,"column":55}},"77":{"start":{"line":154,"column":6},"end":{"line":154,"column":34}},"78":{"start":{"line":159,"column":13},"end":{"line":159,"column":31}},"79":{"start":{"line":161,"column":4},"end":{"line":168,"column":7}},"80":{"start":{"line":162,"column":18},"end":{"line":162,"column":73}},"81":{"start":{"line":163,"column":6},"end":{"line":165,"column":8}},"82":{"start":{"line":164,"column":8},"end":{"line":164,"column":18}},"83":{"start":{"line":166,"column":18},"end":{"line":166,"column":61}},"84":{"start":{"line":167,"column":6},"end":{"line":167,"column":26}},"85":{"start":{"line":172,"column":13},"end":{"line":172,"column":31}},"86":{"start":{"line":174,"column":4},"end":{"line":186,"column":7}},"87":{"start":{"line":175,"column":18},"end":{"line":175,"column":72}},"88":{"start":{"line":176,"column":6},"end":{"line":178,"column":8}},"89":{"start":{"line":177,"column":8},"end":{"line":177,"column":26}},"90":{"start":{"line":180,"column":18},"end":{"line":180,"column":61}},"91":{"start":{"line":181,"column":21},"end":{"line":181,"column":23}},"92":{"start":{"line":183,"column":6},"end":{"line":185,"column":8}},"93":{"start":{"line":184,"column":8},"end":{"line":184,"column":35}}},"fnMap":{"0":{"name":"(anonymous_0)","decl":{"start":{"line":6,"column":2},"end":{"line":6,"column":3}},"loc":{"start":{"line":6,"column":16},"end":{"line":57,"column":3}},"line":6},"1":{"name":"(anonymous_1)","decl":{"start":{"line":7,"column":23},"end":{"line":7,"column":24}},"loc":{"start":{"line":7,"column":44},"end":{"line":56,"column":5}},"line":7},"2":{"name":"(anonymous_2)","decl":{"start":{"line":14,"column":24},"end":{"line":14,"column":25}},"loc":{"start":{"line":14,"column":29},"end":{"line":17,"column":7}},"line":14},"3":{"name":"(anonymous_3)","decl":{"start":{"line":19,"column":26},"end":{"line":19,"column":27}},"loc":{"start":{"line":19,"column":31},"end":{"line":22,"column":7}},"line":19},"4":{"name":"(anonymous_4)","decl":{"start":{"line":24,"column":32},"end":{"line":24,"column":33}},"loc":{"start":{"line":24,"column":37},"end":{"line":30,"column":7}},"line":24},"5":{"name":"(anonymous_5)","decl":{"start":{"line":32,"column":32},"end":{"line":32,"column":33}},"loc":{"start":{"line":32,"column":48},"end":{"line":55,"column":7}},"line":32},"6":{"name":"(anonymous_6)","decl":{"start":{"line":36,"column":21},"end":{"line":36,"column":22}},"loc":{"start":{"line":36,"column":42},"end":{"line":38,"column":9}},"line":36},"7":{"name":"(anonymous_7)","decl":{"start":{"line":58,"column":2},"end":{"line":58,"column":3}},"loc":{"start":{"line":58,"column":49},"end":{"line":70,"column":3}},"line":58},"8":{"name":"(anonymous_8)","decl":{"start":{"line":61,"column":23},"end":{"line":61,"column":24}},"loc":{"start":{"line":61,"column":34},"end":{"line":69,"column":5}},"line":61},"9":{"name":"(anonymous_9)","decl":{"start":{"line":63,"column":25},"end":{"line":63,"column":26}},"loc":{"start":{"line":63,"column":31},"end":{"line":65,"column":7}},"line":63},"10":{"name":"(anonymous_10)","decl":{"start":{"line":71,"column":2},"end":{"line":71,"column":3}},"loc":{"start":{"line":71,"column":30},"end":{"line":91,"column":3}},"line":71},"11":{"name":"(anonymous_11)","decl":{"start":{"line":74,"column":23},"end":{"line":74,"column":24}},"loc":{"start":{"line":74,"column":34},"end":{"line":90,"column":5}},"line":74},"12":{"name":"(anonymous_12)","decl":{"start":{"line":76,"column":25},"end":{"line":76,"column":26}},"loc":{"start":{"line":76,"column":31},"end":{"line":78,"column":7}},"line":76},"13":{"name":"(anonymous_13)","decl":{"start":{"line":83,"column":37},"end":{"line":83,"column":38}},"loc":{"start":{"line":83,"column":42},"end":{"line":89,"column":7}},"line":83},"14":{"name":"(anonymous_14)","decl":{"start":{"line":93,"column":2},"end":{"line":93,"column":3}},"loc":{"start":{"line":93,"column":25},"end":{"line":109,"column":3}},"line":93},"15":{"name":"(anonymous_15)","decl":{"start":{"line":96,"column":23},"end":{"line":96,"column":24}},"loc":{"start":{"line":96,"column":34},"end":{"line":108,"column":5}},"line":96},"16":{"name":"(anonymous_16)","decl":{"start":{"line":98,"column":25},"end":{"line":98,"column":26}},"loc":{"start":{"line":98,"column":31},"end":{"line":100,"column":7}},"line":98},"17":{"name":"(anonymous_17)","decl":{"start":{"line":105,"column":33},"end":{"line":105,"column":34}},"loc":{"start":{"line":105,"column":38},"end":{"line":107,"column":7}},"line":105},"18":{"name":"(anonymous_18)","decl":{"start":{"line":111,"column":2},"end":{"line":111,"column":3}},"loc":{"start":{"line":111,"column":32},"end":{"line":127,"column":3}},"line":111},"19":{"name":"(anonymous_19)","decl":{"start":{"line":114,"column":23},"end":{"line":114,"column":24}},"loc":{"start":{"line":114,"column":34},"end":{"line":126,"column":5}},"line":114},"20":{"name":"(anonymous_20)","decl":{"start":{"line":116,"column":25},"end":{"line":116,"column":26}},"loc":{"start":{"line":116,"column":31},"end":{"line":118,"column":7}},"line":116},"21":{"name":"(anonymous_21)","decl":{"start":{"line":123,"column":33},"end":{"line":123,"column":34}},"loc":{"start":{"line":123,"column":38},"end":{"line":125,"column":7}},"line":123},"22":{"name":"(anonymous_22)","decl":{"start":{"line":129,"column":2},"end":{"line":129,"column":3}},"loc":{"start":{"line":129,"column":31},"end":{"line":142,"column":3}},"line":129},"23":{"name":"(anonymous_23)","decl":{"start":{"line":133,"column":23},"end":{"line":133,"column":24}},"loc":{"start":{"line":133,"column":34},"end":{"line":141,"column":5}},"line":133},"24":{"name":"(anonymous_24)","decl":{"start":{"line":135,"column":25},"end":{"line":135,"column":26}},"loc":{"start":{"line":135,"column":31},"end":{"line":137,"column":7}},"line":135},"25":{"name":"(anonymous_25)","decl":{"start":{"line":144,"column":2},"end":{"line":144,"column":3}},"loc":{"start":{"line":144,"column":47},"end":{"line":156,"column":3}},"line":144},"26":{"name":"(anonymous_26)","decl":{"start":{"line":147,"column":23},"end":{"line":147,"column":24}},"loc":{"start":{"line":147,"column":34},"end":{"line":155,"column":5}},"line":147},"27":{"name":"(anonymous_27)","decl":{"start":{"line":149,"column":25},"end":{"line":149,"column":26}},"loc":{"start":{"line":149,"column":31},"end":{"line":151,"column":7}},"line":149},"28":{"name":"(anonymous_28)","decl":{"start":{"line":158,"column":2},"end":{"line":158,"column":3}},"loc":{"start":{"line":158,"column":45},"end":{"line":169,"column":3}},"line":158},"29":{"name":"(anonymous_29)","decl":{"start":{"line":161,"column":23},"end":{"line":161,"column":24}},"loc":{"start":{"line":161,"column":34},"end":{"line":168,"column":5}},"line":161},"30":{"name":"(anonymous_30)","decl":{"start":{"line":163,"column":25},"end":{"line":163,"column":26}},"loc":{"start":{"line":163,"column":31},"end":{"line":165,"column":7}},"line":163},"31":{"name":"(anonymous_31)","decl":{"start":{"line":171,"column":2},"end":{"line":171,"column":3}},"loc":{"start":{"line":171,"column":39},"end":{"line":187,"column":3}},"line":171},"32":{"name":"(anonymous_32)","decl":{"start":{"line":174,"column":23},"end":{"line":174,"column":24}},"loc":{"start":{"line":174,"column":34},"end":{"line":186,"column":5}},"line":174},"33":{"name":"(anonymous_33)","decl":{"start":{"line":176,"column":25},"end":{"line":176,"column":26}},"loc":{"start":{"line":176,"column":31},"end":{"line":178,"column":7}},"line":176},"34":{"name":"(anonymous_34)","decl":{"start":{"line":183,"column":33},"end":{"line":183,"column":34}},"loc":{"start":{"line":183,"column":38},"end":{"line":185,"column":7}},"line":183}},"branchMap":{"0":{"loc":{"start":{"line":8,"column":6},"end":{"line":10,"column":7}},"type":"if","locations":[{"start":{"line":8,"column":6},"end":{"line":10,"column":7}},{"start":{"line":8,"column":6},"end":{"line":10,"column":7}}],"line":8},"1":{"loc":{"start":{"line":40,"column":8},"end":{"line":47,"column":9}},"type":"if","locations":[{"start":{"line":40,"column":8},"end":{"line":47,"column":9}},{"start":{"line":40,"column":8},"end":{"line":47,"column":9}}],"line":40},"2":{"loc":{"start":{"line":48,"column":8},"end":{"line":54,"column":9}},"type":"if","locations":[{"start":{"line":48,"column":8},"end":{"line":54,"column":9}},{"start":{"line":48,"column":8},"end":{"line":54,"column":9}}],"line":48},"3":{"loc":{"start":{"line":85,"column":8},"end":{"line":88,"column":9}},"type":"if","locations":[{"start":{"line":85,"column":8},"end":{"line":88,"column":9}},{"start":{"line":85,"column":8},"end":{"line":88,"column":9}}],"line":85}},"s":{"0":0,"1":0,"2":0,"3":0,"4":0,"5":0,"6":0,"7":0,"8":0,"9":0,"10":0,"11":0,"12":0,"13":0,"14":0,"15":0,"16":0,"17":0,"18":0,"19":0,"20":0,"21":0,"22":0,"23":0,"24":0,"25":0,"26":0,"27":0,"28":0,"29":0,"30":0,"31":0,"32":0,"33":0,"34":0,"35":0,"36":0,"37":0,"38":0,"39":0,"40":0,"41":0,"42":0,"43":0,"44":0,"45":0,"46":0,"47":0,"48":0,"49":0,"50":0,"51":0,"52":0,"53":0,"54":0,"55":0,"56":0,"57":0,"58":0,"59":0,"60":0,"61":0,"62":0,"63":0,"64":0,"65":0,"66":0,"67":0,"68":0,"69":0,"70":0,"71":0,"72":0,"73":0,"74":0,"75":0,"76":0,"77":0,"78":0,"79":0,"80":0,"81":0,"82":0,"83":0,"84":0,"85":0,"86":0,"87":0,"88":0,"89":0,"90":0,"91":0,"92":0,"93":0},"f":{"0":0,"1":0,"2":0,"3":0,"4":0,"5":0,"6":0,"7":0,"8":0,"9":0,"10":0,"11":0,"12":0,"13":0,"14":0,"15":0,"16":0,"17":0,"18":0,"19":0,"20":0,"21":0,"22":0,"23":0,"24":0,"25":0,"26":0,"27":0,"28":0,"29":0,"30":0,"31":0,"32":0,"33":0,"34":0},"b":{"0":[0,0],"1":[0,0],"2":[0,0],"3":[0,0]}}
,"C:\\Users\\tedhw\\Documents\\dev\\mipa-ted\\src\\boot\\firebase.js": {"path":"C:\\Users\\tedhw\\Documents\\dev\\mipa-ted\\src\\boot\\firebase.js","statementMap":{"0":{"start":{"line":5,"column":0},"end":{"line":5,"column":33}},"1":{"start":{"line":6,"column":0},"end":{"line":6,"column":38}},"2":{"start":{"line":11,"column":21},"end":{"line":19,"column":1}},"3":{"start":{"line":21,"column":18},"end":{"line":21,"column":56}},"4":{"start":{"line":22,"column":19},"end":{"line":22,"column":37}},"5":{"start":{"line":23,"column":17},"end":{"line":23,"column":40}},"6":{"start":{"line":26,"column":0},"end":{"line":29,"column":1}},"7":{"start":{"line":27,"column":2},"end":{"line":27,"column":59}},"8":{"start":{"line":28,"column":2},"end":{"line":28,"column":44}},"9":{"start":{"line":37,"column":0},"end":{"line":54,"column":1}},"10":{"start":{"line":38,"column":2},"end":{"line":53,"column":7}},"11":{"start":{"line":42,"column":6},"end":{"line":52,"column":7}},"12":{"start":{"line":43,"column":8},"end":{"line":46,"column":10}},"13":{"start":{"line":47,"column":13},"end":{"line":52,"column":7}},"14":{"start":{"line":48,"column":8},"end":{"line":51,"column":10}},"15":{"start":{"line":58,"column":32},"end":{"line":58,"column":50}}},"fnMap":{"0":{"name":"(anonymous_0)","decl":{"start":{"line":41,"column":11},"end":{"line":41,"column":12}},"loc":{"start":{"line":41,"column":25},"end":{"line":53,"column":5}},"line":41}},"branchMap":{"0":{"loc":{"start":{"line":26,"column":0},"end":{"line":29,"column":1}},"type":"if","locations":[{"start":{"line":26,"column":0},"end":{"line":29,"column":1}},{"start":{"line":26,"column":0},"end":{"line":29,"column":1}}],"line":26},"1":{"loc":{"start":{"line":37,"column":0},"end":{"line":54,"column":1}},"type":"if","locations":[{"start":{"line":37,"column":0},"end":{"line":54,"column":1}},{"start":{"line":37,"column":0},"end":{"line":54,"column":1}}],"line":37},"2":{"loc":{"start":{"line":37,"column":4},"end":{"line":37,"column":39}},"type":"binary-expr","locations":[{"start":{"line":37,"column":4},"end":{"line":37,"column":20}},{"start":{"line":37,"column":24},"end":{"line":37,"column":39}}],"line":37},"3":{"loc":{"start":{"line":42,"column":6},"end":{"line":52,"column":7}},"type":"if","locations":[{"start":{"line":42,"column":6},"end":{"line":52,"column":7}},{"start":{"line":42,"column":6},"end":{"line":52,"column":7}}],"line":42},"4":{"loc":{"start":{"line":47,"column":13},"end":{"line":52,"column":7}},"type":"if","locations":[{"start":{"line":47,"column":13},"end":{"line":52,"column":7}},{"start":{"line":47,"column":13},"end":{"line":52,"column":7}}],"line":47}},"s":{"0":0,"1":0,"2":0,"3":0,"4":0,"5":0,"6":0,"7":0,"8":0,"9":0,"10":0,"11":0,"12":0,"13":0,"14":0,"15":0},"f":{"0":0},"b":{"0":[0,0],"1":[0,0],"2":[0,0],"3":[0,0],"4":[0,0]}}
,"C:\\Users\\tedhw\\Documents\\dev\\mipa-ted\\src\\boot\\i18n.js": {"path":"C:\\Users\\tedhw\\Documents\\dev\\mipa-ted\\src\\boot\\i18n.js","statementMap":{"0":{"start":{"line":5,"column":0},"end":{"line":5,"column":17}},"1":{"start":{"line":7,"column":13},"end":{"line":11,"column":2}},"2":{"start":{"line":15,"column":2},"end":{"line":15,"column":18}}},"fnMap":{"0":{"name":"(anonymous_0)","decl":{"start":{"line":13,"column":15},"end":{"line":13,"column":16}},"loc":{"start":{"line":13,"column":28},"end":{"line":16,"column":1}},"line":13}},"branchMap":{},"s":{"0":0,"1":0,"2":0},"f":{"0":0},"b":{}}
,"C:\\Users\\tedhw\\Documents\\dev\\mipa-ted\\src\\boot\\router-auth.js": {"path":"C:\\Users\\tedhw\\Documents\\dev\\mipa-ted\\src\\boot\\router-auth.js","statementMap":{"0":{"start":{"line":4,"column":2},"end":{"line":11,"column":5}},"1":{"start":{"line":5,"column":19},"end":{"line":5,"column":51}},"2":{"start":{"line":6,"column":4},"end":{"line":10,"column":5}},"3":{"start":{"line":7,"column":6},"end":{"line":7,"column":20}},"4":{"start":{"line":9,"column":6},"end":{"line":9,"column":13}}},"fnMap":{"0":{"name":"(anonymous_0)","decl":{"start":{"line":3,"column":15},"end":{"line":3,"column":16}},"loc":{"start":{"line":3,"column":31},"end":{"line":12,"column":1}},"line":3},"1":{"name":"(anonymous_1)","decl":{"start":{"line":4,"column":20},"end":{"line":4,"column":21}},"loc":{"start":{"line":4,"column":40},"end":{"line":11,"column":3}},"line":4}},"branchMap":{"0":{"loc":{"start":{"line":6,"column":4},"end":{"line":10,"column":5}},"type":"if","locations":[{"start":{"line":6,"column":4},"end":{"line":10,"column":5}},{"start":{"line":6,"column":4},"end":{"line":10,"column":5}}],"line":6},"1":{"loc":{"start":{"line":6,"column":8},"end":{"line":6,"column":40}},"type":"binary-expr","locations":[{"start":{"line":6,"column":8},"end":{"line":6,"column":17}},{"start":{"line":6,"column":21},"end":{"line":6,"column":40}}],"line":6}},"s":{"0":0,"1":0,"2":0,"3":0,"4":0},"f":{"0":0,"1":0},"b":{"0":[0,0],"1":[0,0]}}
,"C:\\Users\\tedhw\\Documents\\dev\\mipa-ted\\src\\components\\Actions\\ActionSummary.vue": {"path":"C:\\Users\\tedhw\\Documents\\dev\\mipa-ted\\src\\components\\Actions\\ActionSummary.vue","statementMap":{"0":{"start":{"line":250,"column":0},"end":{"line":250,"column":null}},"1":{"start":{"line":251,"column":0},"end":{"line":251,"column":null}},"2":{"start":{"line":252,"column":0},"end":{"line":252,"column":null}},"3":{"start":{"line":253,"column":0},"end":{"line":253,"column":null}},"4":{"start":{"line":254,"column":0},"end":{"line":254,"column":null}},"5":{"start":{"line":255,"column":0},"end":{"line":255,"column":null}},"6":{"start":{"line":256,"column":0},"end":{"line":256,"column":null}},"7":{"start":{"line":258,"column":0},"end":{"line":258,"column":null}},"8":{"start":{"line":277,"column":0},"end":{"line":277,"column":null}},"9":{"start":{"line":341,"column":0},"end":{"line":341,"column":null}},"10":{"start":{"line":342,"column":0},"end":{"line":348,"column":null}},"11":{"start":{"line":343,"column":0},"end":{"line":343,"column":null}},"12":{"start":{"line":344,"column":0},"end":{"line":344,"column":null}},"13":{"start":{"line":345,"column":0},"end":{"line":348,"column":null}},"14":{"start":{"line":346,"column":0},"end":{"line":346,"column":null}},"15":{"start":{"line":347,"column":0},"end":{"line":347,"column":null}},"16":{"start":{"line":349,"column":0},"end":{"line":349,"column":null}},"17":{"start":{"line":351,"column":0},"end":{"line":358,"column":null}},"18":{"start":{"line":353,"column":0},"end":{"line":355,"column":null}},"19":{"start":{"line":354,"column":0},"end":{"line":354,"column":null}},"20":{"start":{"line":357,"column":0},"end":{"line":357,"column":null}},"21":{"start":{"line":362,"column":0},"end":{"line":362,"column":null}},"22":{"start":{"line":369,"column":0},"end":{"line":369,"column":null}},"23":{"start":{"line":370,"column":0},"end":{"line":370,"column":null}},"24":{"start":{"line":374,"column":0},"end":{"line":374,"column":null}},"25":{"start":{"line":375,"column":0},"end":{"line":375,"column":null}},"26":{"start":{"line":377,"column":0},"end":{"line":377,"column":null}},"27":{"start":{"line":384,"column":0},"end":{"line":384,"column":null}},"28":{"start":{"line":386,"column":0},"end":{"line":386,"column":null}},"29":{"start":{"line":389,"column":0},"end":{"line":389,"column":null}},"30":{"start":{"line":391,"column":0},"end":{"line":391,"column":null}},"31":{"start":{"line":393,"column":0},"end":{"line":393,"column":null}},"32":{"start":{"line":401,"column":0},"end":{"line":401,"column":null}},"33":{"start":{"line":410,"column":0},"end":{"line":410,"column":null}},"34":{"start":{"line":411,"column":0},"end":{"line":413,"column":null}},"35":{"start":{"line":412,"column":0},"end":{"line":412,"column":null}},"36":{"start":{"line":417,"column":0},"end":{"line":417,"column":null}},"37":{"start":{"line":418,"column":0},"end":{"line":418,"column":null}},"38":{"start":{"line":428,"column":0},"end":{"line":428,"column":null}},"39":{"start":{"line":432,"column":0},"end":{"line":432,"column":null}},"40":{"start":{"line":433,"column":0},"end":{"line":433,"column":null}},"41":{"start":{"line":437,"column":0},"end":{"line":437,"column":null}},"42":{"start":{"line":438,"column":0},"end":{"line":438,"column":null}},"43":{"start":{"line":445,"column":0},"end":{"line":494,"column":null}},"44":{"start":{"line":450,"column":0},"end":{"line":450,"column":null}},"45":{"start":{"line":451,"column":0},"end":{"line":451,"column":null}},"46":{"start":{"line":452,"column":0},"end":{"line":452,"column":null}},"47":{"start":{"line":453,"column":0},"end":{"line":453,"column":null}},"48":{"start":{"line":455,"column":0},"end":{"line":455,"column":null}},"49":{"start":{"line":456,"column":0},"end":{"line":473,"column":null}},"50":{"start":{"line":457,"column":0},"end":{"line":457,"column":null}},"51":{"start":{"line":458,"column":0},"end":{"line":458,"column":null}},"52":{"start":{"line":469,"column":0},"end":{"line":469,"column":null}},"53":{"start":{"line":471,"column":0},"end":{"line":471,"column":null}},"54":{"start":{"line":472,"column":0},"end":{"line":472,"column":null}},"55":{"start":{"line":474,"column":0},"end":{"line":491,"column":null}},"56":{"start":{"line":475,"column":0},"end":{"line":475,"column":null}},"57":{"start":{"line":482,"column":0},"end":{"line":490,"column":null}},"58":{"start":{"line":482,"column":0},"end":{"line":482,"column":null}},"59":{"start":{"line":483,"column":0},"end":{"line":483,"column":null}},"60":{"start":{"line":493,"column":0},"end":{"line":493,"column":null}},"61":{"start":{"line":497,"column":0},"end":{"line":497,"column":null}},"62":{"start":{"line":499,"column":0},"end":{"line":499,"column":null}},"63":{"start":{"line":500,"column":0},"end":{"line":500,"column":null}},"64":{"start":{"line":502,"column":0},"end":{"line":502,"column":null}},"65":{"start":{"line":503,"column":0},"end":{"line":503,"column":null}},"66":{"start":{"line":504,"column":0},"end":{"line":504,"column":null}},"67":{"start":{"line":505,"column":0},"end":{"line":505,"column":null}},"68":{"start":{"line":508,"column":0},"end":{"line":508,"column":null}},"69":{"start":{"line":509,"column":0},"end":{"line":509,"column":null}},"70":{"start":{"line":511,"column":0},"end":{"line":513,"column":null}},"71":{"start":{"line":512,"column":0},"end":{"line":512,"column":null}},"72":{"start":{"line":516,"column":0},"end":{"line":516,"column":null}},"73":{"start":{"line":521,"column":0},"end":{"line":521,"column":null}},"74":{"start":{"line":522,"column":0},"end":{"line":522,"column":null}},"75":{"start":{"line":526,"column":0},"end":{"line":526,"column":null}},"76":{"start":{"line":527,"column":0},"end":{"line":527,"column":null}},"77":{"start":{"line":532,"column":0},"end":{"line":532,"column":null}},"78":{"start":{"line":533,"column":0},"end":{"line":544,"column":null}},"79":{"start":{"line":534,"column":0},"end":{"line":539,"column":null}},"80":{"start":{"line":538,"column":0},"end":{"line":538,"column":null}},"81":{"start":{"line":540,"column":0},"end":{"line":540,"column":null}},"82":{"start":{"line":541,"column":0},"end":{"line":541,"column":null}},"83":{"start":{"line":542,"column":0},"end":{"line":542,"column":null}},"84":{"start":{"line":543,"column":0},"end":{"line":543,"column":null}},"85":{"start":{"line":548,"column":0},"end":{"line":548,"column":null}},"86":{"start":{"line":551,"column":0},"end":{"line":551,"column":null}},"87":{"start":{"line":554,"column":0},"end":{"line":554,"column":null}},"88":{"start":{"line":557,"column":0},"end":{"line":557,"column":null}},"89":{"start":{"line":560,"column":0},"end":{"line":569,"column":null}},"90":{"start":{"line":563,"column":0},"end":{"line":563,"column":null}},"91":{"start":{"line":564,"column":0},"end":{"line":564,"column":null}},"92":{"start":{"line":568,"column":0},"end":{"line":568,"column":null}},"93":{"start":{"line":572,"column":0},"end":{"line":572,"column":null}},"94":{"start":{"line":573,"column":0},"end":{"line":573,"column":null}},"95":{"start":{"line":574,"column":0},"end":{"line":574,"column":null}},"96":{"start":{"line":575,"column":0},"end":{"line":579,"column":null}},"97":{"start":{"line":576,"column":0},"end":{"line":576,"column":null}},"98":{"start":{"line":578,"column":0},"end":{"line":578,"column":null}},"99":{"start":{"line":583,"column":0},"end":{"line":591,"column":null}},"100":{"start":{"line":584,"column":0},"end":{"line":584,"column":null}},"101":{"start":{"line":595,"column":0},"end":{"line":595,"column":null}},"102":{"start":{"line":596,"column":0},"end":{"line":596,"column":null}},"103":{"start":{"line":597,"column":0},"end":{"line":597,"column":null}},"104":{"start":{"line":598,"column":0},"end":{"line":598,"column":null}},"105":{"start":{"line":599,"column":0},"end":{"line":599,"column":null}},"106":{"start":{"line":600,"column":0},"end":{"line":600,"column":null}},"107":{"start":{"line":601,"column":0},"end":{"line":601,"column":null}}},"fnMap":{"0":{"name":"(anonymous_1)","decl":{"start":{"line":276,"column":0},"end":{"line":276,"column":null}},"loc":{"start":{"line":276,"column":0},"end":{"line":307,"column":null}}},"1":{"name":"(anonymous_2)","decl":{"start":{"line":340,"column":0},"end":{"line":340,"column":null}},"loc":{"start":{"line":340,"column":0},"end":{"line":359,"column":null}}},"2":{"name":"(anonymous_3)","decl":{"start":{"line":353,"column":0},"end":{"line":353,"column":null}},"loc":{"start":{"line":353,"column":0},"end":{"line":355,"column":null}}},"3":{"name":"(anonymous_4)","decl":{"start":{"line":361,"column":0},"end":{"line":361,"column":null}},"loc":{"start":{"line":361,"column":0},"end":{"line":366,"column":null}}},"4":{"name":"(anonymous_5)","decl":{"start":{"line":362,"column":0},"end":{"line":362,"column":null}},"loc":{"start":{"line":362,"column":0},"end":{"line":362,"column":null}}},"5":{"name":"(anonymous_6)","decl":{"start":{"line":368,"column":0},"end":{"line":368,"column":null}},"loc":{"start":{"line":368,"column":0},"end":{"line":402,"column":null}}},"6":{"name":"(anonymous_7)","decl":{"start":{"line":370,"column":0},"end":{"line":370,"column":null}},"loc":{"start":{"line":370,"column":0},"end":{"line":370,"column":null}}},"7":{"name":"(anonymous_8)","decl":{"start":{"line":409,"column":0},"end":{"line":409,"column":null}},"loc":{"start":{"line":409,"column":0},"end":{"line":414,"column":null}}},"8":{"name":"(anonymous_9)","decl":{"start":{"line":415,"column":0},"end":{"line":415,"column":null}},"loc":{"start":{"line":415,"column":0},"end":{"line":439,"column":null}}},"9":{"name":"(anonymous_10)","decl":{"start":{"line":428,"column":0},"end":{"line":428,"column":null}},"loc":{"start":{"line":428,"column":0},"end":{"line":428,"column":null}}},"10":{"name":"(anonymous_11)","decl":{"start":{"line":441,"column":0},"end":{"line":441,"column":null}},"loc":{"start":{"line":441,"column":0},"end":{"line":495,"column":null}}},"11":{"name":"(anonymous_12)","decl":{"start":{"line":455,"column":0},"end":{"line":455,"column":null}},"loc":{"start":{"line":455,"column":0},"end":{"line":455,"column":null}}},"12":{"name":"(anonymous_13)","decl":{"start":{"line":496,"column":0},"end":{"line":496,"column":null}},"loc":{"start":{"line":496,"column":0},"end":{"line":519,"column":null}}},"13":{"name":"(anonymous_14)","decl":{"start":{"line":511,"column":0},"end":{"line":511,"column":null}},"loc":{"start":{"line":511,"column":0},"end":{"line":513,"column":null}}},"14":{"name":"(anonymous_15)","decl":{"start":{"line":516,"column":0},"end":{"line":516,"column":null}},"loc":{"start":{"line":516,"column":0},"end":{"line":516,"column":null}}},"15":{"name":"(anonymous_16)","decl":{"start":{"line":520,"column":0},"end":{"line":520,"column":null}},"loc":{"start":{"line":520,"column":0},"end":{"line":524,"column":null}}},"16":{"name":"(anonymous_17)","decl":{"start":{"line":521,"column":0},"end":{"line":521,"column":null}},"loc":{"start":{"line":521,"column":0},"end":{"line":521,"column":null}}},"17":{"name":"(anonymous_18)","decl":{"start":{"line":525,"column":0},"end":{"line":525,"column":null}},"loc":{"start":{"line":525,"column":0},"end":{"line":529,"column":null}}},"18":{"name":"(anonymous_19)","decl":{"start":{"line":526,"column":0},"end":{"line":526,"column":null}},"loc":{"start":{"line":526,"column":0},"end":{"line":526,"column":null}}},"19":{"name":"(anonymous_20)","decl":{"start":{"line":532,"column":0},"end":{"line":532,"column":null}},"loc":{"start":{"line":532,"column":0},"end":{"line":545,"column":null}}},"20":{"name":"(anonymous_21)","decl":{"start":{"line":533,"column":0},"end":{"line":533,"column":null}},"loc":{"start":{"line":533,"column":0},"end":{"line":544,"column":null}}},"21":{"name":"(anonymous_22)","decl":{"start":{"line":538,"column":0},"end":{"line":538,"column":null}},"loc":{"start":{"line":538,"column":0},"end":{"line":538,"column":null}}},"22":{"name":"(anonymous_23)","decl":{"start":{"line":547,"column":0},"end":{"line":547,"column":null}},"loc":{"start":{"line":547,"column":0},"end":{"line":549,"column":null}}},"23":{"name":"(anonymous_24)","decl":{"start":{"line":550,"column":0},"end":{"line":550,"column":null}},"loc":{"start":{"line":550,"column":0},"end":{"line":552,"column":null}}},"24":{"name":"(anonymous_25)","decl":{"start":{"line":553,"column":0},"end":{"line":553,"column":null}},"loc":{"start":{"line":553,"column":0},"end":{"line":592,"column":null}}},"25":{"name":"(anonymous_26)","decl":{"start":{"line":560,"column":0},"end":{"line":560,"column":null}},"loc":{"start":{"line":560,"column":0},"end":{"line":569,"column":null}}},"26":{"name":"(anonymous_27)","decl":{"start":{"line":594,"column":0},"end":{"line":594,"column":null}},"loc":{"start":{"line":594,"column":0},"end":{"line":602,"column":null}}}},"branchMap":{"0":{"loc":{"start":{"line":342,"column":0},"end":{"line":348,"column":null}},"type":"if","locations":[{"start":{"line":342,"column":0},"end":{"line":348,"column":null}},{"start":{"line":342,"column":0},"end":{"line":348,"column":null}}]},"1":{"loc":{"start":{"line":345,"column":0},"end":{"line":348,"column":null}},"type":"if","locations":[{"start":{"line":345,"column":0},"end":{"line":348,"column":null}},{"start":{"line":345,"column":0},"end":{"line":348,"column":null}}]},"2":{"loc":{"start":{"line":351,"column":0},"end":{"line":358,"column":null}},"type":"if","locations":[{"start":{"line":351,"column":0},"end":{"line":358,"column":null}},{"start":{"line":351,"column":0},"end":{"line":358,"column":null}}]},"3":{"loc":{"start":{"line":369,"column":0},"end":{"line":369,"column":null}},"type":"if","locations":[{"start":{"line":369,"column":0},"end":{"line":369,"column":null}},{"start":{"line":369,"column":0},"end":{"line":369,"column":null}}]},"4":{"loc":{"start":{"line":375,"column":0},"end":{"line":375,"column":null}},"type":"cond-expr","locations":[{"start":{"line":375,"column":0},"end":{"line":375,"column":null}},{"start":{"line":375,"column":0},"end":{"line":375,"column":null}}]},"5":{"loc":{"start":{"line":377,"column":0},"end":{"line":377,"column":null}},"type":"cond-expr","locations":[{"start":{"line":377,"column":0},"end":{"line":377,"column":null}},{"start":{"line":377,"column":0},"end":{"line":377,"column":null}}]},"6":{"loc":{"start":{"line":386,"column":0},"end":{"line":386,"column":null}},"type":"cond-expr","locations":[{"start":{"line":386,"column":0},"end":{"line":386,"column":null}},{"start":{"line":386,"column":0},"end":{"line":386,"column":null}}]},"7":{"loc":{"start":{"line":389,"column":0},"end":{"line":389,"column":null}},"type":"cond-expr","locations":[{"start":{"line":389,"column":0},"end":{"line":389,"column":null}},{"start":{"line":389,"column":0},"end":{"line":389,"column":null}}]},"8":{"loc":{"start":{"line":411,"column":0},"end":{"line":413,"column":null}},"type":"if","locations":[{"start":{"line":411,"column":0},"end":{"line":413,"column":null}},{"start":{"line":411,"column":0},"end":{"line":413,"column":null}}]},"9":{"loc":{"start":{"line":445,"column":0},"end":{"line":494,"column":null}},"type":"if","locations":[{"start":{"line":445,"column":0},"end":{"line":494,"column":null}},{"start":{"line":445,"column":0},"end":{"line":494,"column":null}}]},"10":{"loc":{"start":{"line":445,"column":0},"end":{"line":445,"column":null}},"type":"binary-expr","locations":[{"start":{"line":445,"column":0},"end":{"line":445,"column":null}},{"start":{"line":445,"column":0},"end":{"line":445,"column":null}},{"start":{"line":445,"column":0},"end":{"line":445,"column":null}}]},"11":{"loc":{"start":{"line":456,"column":0},"end":{"line":473,"column":null}},"type":"if","locations":[{"start":{"line":456,"column":0},"end":{"line":473,"column":null}},{"start":{"line":456,"column":0},"end":{"line":473,"column":null}}]},"12":{"loc":{"start":{"line":474,"column":0},"end":{"line":491,"column":null}},"type":"if","locations":[{"start":{"line":474,"column":0},"end":{"line":491,"column":null}},{"start":{"line":474,"column":0},"end":{"line":491,"column":null}}]},"13":{"loc":{"start":{"line":497,"column":0},"end":{"line":497,"column":null}},"type":"if","locations":[{"start":{"line":497,"column":0},"end":{"line":497,"column":null}},{"start":{"line":497,"column":0},"end":{"line":497,"column":null}}]},"14":{"loc":{"start":{"line":522,"column":0},"end":{"line":522,"column":null}},"type":"if","locations":[{"start":{"line":522,"column":0},"end":{"line":522,"column":null}},{"start":{"line":522,"column":0},"end":{"line":522,"column":null}}]},"15":{"loc":{"start":{"line":527,"column":0},"end":{"line":527,"column":null}},"type":"if","locations":[{"start":{"line":527,"column":0},"end":{"line":527,"column":null}},{"start":{"line":527,"column":0},"end":{"line":527,"column":null}}]},"16":{"loc":{"start":{"line":554,"column":0},"end":{"line":554,"column":null}},"type":"if","locations":[{"start":{"line":554,"column":0},"end":{"line":554,"column":null}},{"start":{"line":554,"column":0},"end":{"line":554,"column":null}}]},"17":{"loc":{"start":{"line":554,"column":0},"end":{"line":554,"column":null}},"type":"binary-expr","locations":[{"start":{"line":554,"column":0},"end":{"line":554,"column":null}},{"start":{"line":554,"column":0},"end":{"line":554,"column":null}},{"start":{"line":554,"column":0},"end":{"line":554,"column":null}}]},"18":{"loc":{"start":{"line":575,"column":0},"end":{"line":579,"column":null}},"type":"if","locations":[{"start":{"line":575,"column":0},"end":{"line":579,"column":null}},{"start":{"line":575,"column":0},"end":{"line":579,"column":null}}]},"19":{"loc":{"start":{"line":583,"column":0},"end":{"line":591,"column":null}},"type":"if","locations":[{"start":{"line":583,"column":0},"end":{"line":591,"column":null}},{"start":{"line":583,"column":0},"end":{"line":591,"column":null}}]},"20":{"loc":{"start":{"line":595,"column":0},"end":{"line":595,"column":null}},"type":"if","locations":[{"start":{"line":595,"column":0},"end":{"line":595,"column":null}},{"start":{"line":595,"column":0},"end":{"line":595,"column":null}}]}},"s":{"0":0,"1":0,"2":0,"3":0,"4":0,"5":0,"6":0,"7":0,"8":0,"9":0,"10":0,"11":0,"12":0,"13":0,"14":0,"15":0,"16":0,"17":0,"18":0,"19":0,"20":0,"21":0,"22":0,"23":0,"24":0,"25":0,"26":0,"27":0,"28":0,"29":0,"30":0,"31":0,"32":0,"33":0,"34":0,"35":0,"36":0,"37":0,"38":0,"39":0,"40":0,"41":0,"42":0,"43":0,"44":0,"45":0,"46":0,"47":0,"48":0,"49":0,"50":0,"51":0,"52":0,"53":0,"54":0,"55":0,"56":0,"57":0,"58":0,"59":0,"60":0,"61":0,"62":0,"63":0,"64":0,"65":0,"66":0,"67":0,"68":0,"69":0,"70":0,"71":0,"72":0,"73":0,"74":0,"75":0,"76":0,"77":0,"78":0,"79":0,"80":0,"81":0,"82":0,"83":0,"84":0,"85":0,"86":0,"87":0,"88":0,"89":0,"90":0,"91":0,"92":0,"93":0,"94":0,"95":0,"96":0,"97":0,"98":0,"99":0,"100":0,"101":0,"102":0,"103":0,"104":0,"105":0,"106":0,"107":0},"f":{"0":0,"1":0,"2":0,"3":0,"4":0,"5":0,"6":0,"7":0,"8":0,"9":0,"10":0,"11":0,"12":0,"13":0,"14":0,"15":0,"16":0,"17":0,"18":0,"19":0,"20":0,"21":0,"22":0,"23":0,"24":0,"25":0,"26":0},"b":{"0":[0,0],"1":[0,0],"2":[0,0],"3":[0,0],"4":[0,0],"5":[0,0],"6":[0,0],"7":[0,0],"8":[0,0],"9":[0,0],"10":[0,0,0],"11":[0,0],"12":[0,0],"13":[0,0],"14":[0,0],"15":[0,0],"16":[0,0],"17":[0,0,0],"18":[0,0],"19":[0,0],"20":[0,0]}}
,"C:\\Users\\tedhw\\Documents\\dev\\mipa-ted\\src\\components\\Actions\\ActionsChart.vue": {"path":"C:\\Users\\tedhw\\Documents\\dev\\mipa-ted\\src\\components\\Actions\\ActionsChart.vue","statementMap":{"0":{"start":{"line":11,"column":0},"end":{"line":11,"column":null}},"1":{"start":{"line":12,"column":0},"end":{"line":12,"column":null}},"2":{"start":{"line":13,"column":0},"end":{"line":13,"column":null}},"3":{"start":{"line":14,"column":0},"end":{"line":14,"column":null}},"4":{"start":{"line":15,"column":0},"end":{"line":15,"column":null}},"5":{"start":{"line":17,"column":0},"end":{"line":17,"column":null}},"6":{"start":{"line":17,"column":0},"end":{"line":19,"column":null}},"7":{"start":{"line":23,"column":0},"end":{"line":23,"column":null}},"8":{"start":{"line":35,"column":0},"end":{"line":35,"column":null}},"9":{"start":{"line":50,"column":0},"end":{"line":50,"column":null}},"10":{"start":{"line":62,"column":0},"end":{"line":62,"column":null}},"11":{"start":{"line":64,"column":0},"end":{"line":64,"column":null}},"12":{"start":{"line":81,"column":0},"end":{"line":81,"column":null}},"13":{"start":{"line":90,"column":0},"end":{"line":90,"column":null}},"14":{"start":{"line":96,"column":0},"end":{"line":96,"column":null}},"15":{"start":{"line":104,"column":0},"end":{"line":104,"column":null}},"16":{"start":{"line":111,"column":0},"end":{"line":111,"column":null}},"17":{"start":{"line":118,"column":0},"end":{"line":118,"column":null}},"18":{"start":{"line":126,"column":0},"end":{"line":126,"column":null}},"19":{"start":{"line":133,"column":0},"end":{"line":133,"column":null}},"20":{"start":{"line":136,"column":0},"end":{"line":136,"column":null}},"21":{"start":{"line":153,"column":0},"end":{"line":163,"column":null}},"22":{"start":{"line":153,"column":0},"end":{"line":153,"column":null}},"23":{"start":{"line":162,"column":0},"end":{"line":162,"column":null}},"24":{"start":{"line":163,"column":0},"end":{"line":163,"column":null}},"25":{"start":{"line":172,"column":0},"end":{"line":172,"column":null}},"26":{"start":{"line":174,"column":0},"end":{"line":193,"column":null}},"27":{"start":{"line":175,"column":0},"end":{"line":188,"column":null}},"28":{"start":{"line":185,"column":0},"end":{"line":185,"column":null}},"29":{"start":{"line":186,"column":0},"end":{"line":186,"column":null}},"30":{"start":{"line":187,"column":0},"end":{"line":187,"column":null}},"31":{"start":{"line":190,"column":0},"end":{"line":190,"column":null}},"32":{"start":{"line":191,"column":0},"end":{"line":191,"column":null}},"33":{"start":{"line":192,"column":0},"end":{"line":192,"column":null}},"34":{"start":{"line":197,"column":0},"end":{"line":197,"column":null}},"35":{"start":{"line":198,"column":0},"end":{"line":209,"column":null}},"36":{"start":{"line":199,"column":0},"end":{"line":199,"column":null}},"37":{"start":{"line":200,"column":0},"end":{"line":200,"column":null}},"38":{"start":{"line":201,"column":0},"end":{"line":201,"column":null}},"39":{"start":{"line":204,"column":0},"end":{"line":204,"column":null}},"40":{"start":{"line":208,"column":0},"end":{"line":208,"column":null}},"41":{"start":{"line":210,"column":0},"end":{"line":210,"column":null}},"42":{"start":{"line":214,"column":0},"end":{"line":214,"column":null}},"43":{"start":{"line":215,"column":0},"end":{"line":215,"column":null}},"44":{"start":{"line":217,"column":0},"end":{"line":217,"column":null}},"45":{"start":{"line":218,"column":0},"end":{"line":218,"column":null}},"46":{"start":{"line":220,"column":0},"end":{"line":220,"column":null}},"47":{"start":{"line":221,"column":0},"end":{"line":221,"column":null}},"48":{"start":{"line":223,"column":0},"end":{"line":223,"column":null}},"49":{"start":{"line":225,"column":0},"end":{"line":225,"column":null}},"50":{"start":{"line":226,"column":0},"end":{"line":251,"column":null}},"51":{"start":{"line":227,"column":0},"end":{"line":227,"column":null}},"52":{"start":{"line":236,"column":0},"end":{"line":236,"column":null}},"53":{"start":{"line":244,"column":0},"end":{"line":244,"column":null}},"54":{"start":{"line":250,"column":0},"end":{"line":250,"column":null}},"55":{"start":{"line":251,"column":0},"end":{"line":251,"column":null}},"56":{"start":{"line":254,"column":0},"end":{"line":311,"column":null}},"57":{"start":{"line":255,"column":0},"end":{"line":255,"column":null}},"58":{"start":{"line":264,"column":0},"end":{"line":264,"column":null}},"59":{"start":{"line":267,"column":0},"end":{"line":267,"column":null}},"60":{"start":{"line":284,"column":0},"end":{"line":297,"column":null}},"61":{"start":{"line":285,"column":0},"end":{"line":285,"column":null}},"62":{"start":{"line":286,"column":0},"end":{"line":286,"column":null}},"63":{"start":{"line":287,"column":0},"end":{"line":287,"column":null}},"64":{"start":{"line":288,"column":0},"end":{"line":296,"column":null}},"65":{"start":{"line":292,"column":0},"end":{"line":292,"column":null}},"66":{"start":{"line":293,"column":0},"end":{"line":293,"column":null}},"67":{"start":{"line":294,"column":0},"end":{"line":294,"column":null}},"68":{"start":{"line":295,"column":0},"end":{"line":295,"column":null}},"69":{"start":{"line":298,"column":0},"end":{"line":298,"column":null}},"70":{"start":{"line":299,"column":0},"end":{"line":299,"column":null}},"71":{"start":{"line":300,"column":0},"end":{"line":300,"column":null}},"72":{"start":{"line":301,"column":0},"end":{"line":301,"column":null}},"73":{"start":{"line":302,"column":0},"end":{"line":310,"column":null}},"74":{"start":{"line":303,"column":0},"end":{"line":303,"column":null}},"75":{"start":{"line":317,"column":0},"end":{"line":317,"column":null}},"76":{"start":{"line":319,"column":0},"end":{"line":319,"column":null}},"77":{"start":{"line":321,"column":0},"end":{"line":325,"column":null}},"78":{"start":{"line":324,"column":0},"end":{"line":324,"column":null}},"79":{"start":{"line":327,"column":0},"end":{"line":331,"column":null}},"80":{"start":{"line":330,"column":0},"end":{"line":330,"column":null}},"81":{"start":{"line":333,"column":0},"end":{"line":337,"column":null}},"82":{"start":{"line":336,"column":0},"end":{"line":336,"column":null}},"83":{"start":{"line":339,"column":0},"end":{"line":343,"column":null}},"84":{"start":{"line":342,"column":0},"end":{"line":342,"column":null}},"85":{"start":{"line":345,"column":0},"end":{"line":349,"column":null}},"86":{"start":{"line":348,"column":0},"end":{"line":348,"column":null}},"87":{"start":{"line":352,"column":0},"end":{"line":352,"column":null}},"88":{"start":{"line":359,"column":0},"end":{"line":359,"column":null}},"89":{"start":{"line":368,"column":0},"end":{"line":368,"column":null}},"90":{"start":{"line":369,"column":0},"end":{"line":369,"column":null}},"91":{"start":{"line":372,"column":0},"end":{"line":372,"column":null}},"92":{"start":{"line":380,"column":0},"end":{"line":390,"column":null}},"93":{"start":{"line":381,"column":0},"end":{"line":381,"column":null}},"94":{"start":{"line":389,"column":0},"end":{"line":389,"column":null}},"95":{"start":{"line":392,"column":0},"end":{"line":392,"column":null}},"96":{"start":{"line":395,"column":0},"end":{"line":395,"column":null}},"97":{"start":{"line":408,"column":0},"end":{"line":408,"column":null}},"98":{"start":{"line":420,"column":0},"end":{"line":427,"column":null}},"99":{"start":{"line":421,"column":0},"end":{"line":421,"column":null}},"100":{"start":{"line":422,"column":0},"end":{"line":422,"column":null}},"101":{"start":{"line":428,"column":0},"end":{"line":432,"column":null}},"102":{"start":{"line":429,"column":0},"end":{"line":429,"column":null}},"103":{"start":{"line":433,"column":0},"end":{"line":438,"column":null}},"104":{"start":{"line":434,"column":0},"end":{"line":434,"column":null}},"105":{"start":{"line":441,"column":0},"end":{"line":441,"column":null}},"106":{"start":{"line":442,"column":0},"end":{"line":468,"column":null}},"107":{"start":{"line":449,"column":0},"end":{"line":449,"column":null}},"108":{"start":{"line":452,"column":0},"end":{"line":452,"column":null}},"109":{"start":{"line":455,"column":0},"end":{"line":455,"column":null}},"110":{"start":{"line":458,"column":0},"end":{"line":458,"column":null}},"111":{"start":{"line":461,"column":0},"end":{"line":461,"column":null}},"112":{"start":{"line":467,"column":0},"end":{"line":467,"column":null}},"113":{"start":{"line":470,"column":0},"end":{"line":470,"column":null}},"114":{"start":{"line":471,"column":0},"end":{"line":494,"column":null}},"115":{"start":{"line":471,"column":0},"end":{"line":471,"column":null}},"116":{"start":{"line":493,"column":0},"end":{"line":493,"column":null}},"117":{"start":{"line":498,"column":0},"end":{"line":498,"column":null}},"118":{"start":{"line":499,"column":0},"end":{"line":499,"column":null}},"119":{"start":{"line":500,"column":0},"end":{"line":500,"column":null}}},"fnMap":{"0":{"name":"(anonymous_1)","decl":{"start":{"line":34,"column":0},"end":{"line":34,"column":null}},"loc":{"start":{"line":34,"column":0},"end":{"line":46,"column":null}}},"1":{"name":"(anonymous_2)","decl":{"start":{"line":48,"column":0},"end":{"line":48,"column":null}},"loc":{"start":{"line":48,"column":0},"end":{"line":143,"column":null}}},"2":{"name":"(anonymous_3)","decl":{"start":{"line":152,"column":0},"end":{"line":152,"column":null}},"loc":{"start":{"line":152,"column":0},"end":{"line":165,"column":null}}},"3":{"name":"(anonymous_4)","decl":{"start":{"line":153,"column":0},"end":{"line":153,"column":null}},"loc":{"start":{"line":153,"column":0},"end":{"line":153,"column":null}}},"4":{"name":"(anonymous_6)","decl":{"start":{"line":171,"column":0},"end":{"line":171,"column":null}},"loc":{"start":{"line":171,"column":0},"end":{"line":194,"column":null}}},"5":{"name":"(anonymous_7)","decl":{"start":{"line":176,"column":0},"end":{"line":176,"column":null}},"loc":{"start":{"line":176,"column":0},"end":{"line":188,"column":null}}},"6":{"name":"(anonymous_8)","decl":{"start":{"line":187,"column":0},"end":{"line":187,"column":null}},"loc":{"start":{"line":187,"column":0},"end":{"line":187,"column":null}}},"7":{"name":"(anonymous_9)","decl":{"start":{"line":192,"column":0},"end":{"line":192,"column":null}},"loc":{"start":{"line":192,"column":0},"end":{"line":192,"column":null}}},"8":{"name":"(anonymous_10)","decl":{"start":{"line":196,"column":0},"end":{"line":196,"column":null}},"loc":{"start":{"line":196,"column":0},"end":{"line":211,"column":null}}},"9":{"name":"(anonymous_11)","decl":{"start":{"line":198,"column":0},"end":{"line":198,"column":null}},"loc":{"start":{"line":198,"column":0},"end":{"line":209,"column":null}}},"10":{"name":"(anonymous_12)","decl":{"start":{"line":213,"column":0},"end":{"line":213,"column":null}},"loc":{"start":{"line":213,"column":0},"end":{"line":252,"column":null}}},"11":{"name":"(anonymous_13)","decl":{"start":{"line":225,"column":0},"end":{"line":225,"column":null}},"loc":{"start":{"line":225,"column":0},"end":{"line":225,"column":null}}},"12":{"name":"(anonymous_14)","decl":{"start":{"line":253,"column":0},"end":{"line":253,"column":null}},"loc":{"start":{"line":253,"column":0},"end":{"line":312,"column":null}}},"13":{"name":"(anonymous_15)","decl":{"start":{"line":254,"column":0},"end":{"line":254,"column":null}},"loc":{"start":{"line":254,"column":0},"end":{"line":311,"column":null}}},"14":{"name":"(anonymous_16)","decl":{"start":{"line":316,"column":0},"end":{"line":316,"column":null}},"loc":{"start":{"line":316,"column":0},"end":{"line":495,"column":null}}},"15":{"name":"(anonymous_17)","decl":{"start":{"line":321,"column":0},"end":{"line":321,"column":null}},"loc":{"start":{"line":321,"column":0},"end":{"line":325,"column":null}}},"16":{"name":"(anonymous_18)","decl":{"start":{"line":327,"column":0},"end":{"line":327,"column":null}},"loc":{"start":{"line":327,"column":0},"end":{"line":331,"column":null}}},"17":{"name":"(anonymous_19)","decl":{"start":{"line":333,"column":0},"end":{"line":333,"column":null}},"loc":{"start":{"line":333,"column":0},"end":{"line":337,"column":null}}},"18":{"name":"(anonymous_20)","decl":{"start":{"line":339,"column":0},"end":{"line":339,"column":null}},"loc":{"start":{"line":339,"column":0},"end":{"line":343,"column":null}}},"19":{"name":"(anonymous_21)","decl":{"start":{"line":345,"column":0},"end":{"line":345,"column":null}},"loc":{"start":{"line":345,"column":0},"end":{"line":349,"column":null}}},"20":{"name":"(anonymous_22)","decl":{"start":{"line":380,"column":0},"end":{"line":380,"column":null}},"loc":{"start":{"line":380,"column":0},"end":{"line":390,"column":null}}},"21":{"name":"(anonymous_23)","decl":{"start":{"line":395,"column":0},"end":{"line":395,"column":null}},"loc":{"start":{"line":395,"column":0},"end":{"line":395,"column":null}}},"22":{"name":"(anonymous_24)","decl":{"start":{"line":420,"column":0},"end":{"line":420,"column":null}},"loc":{"start":{"line":420,"column":0},"end":{"line":427,"column":null}}},"23":{"name":"(anonymous_25)","decl":{"start":{"line":428,"column":0},"end":{"line":428,"column":null}},"loc":{"start":{"line":428,"column":0},"end":{"line":432,"column":null}}},"24":{"name":"(anonymous_26)","decl":{"start":{"line":433,"column":0},"end":{"line":433,"column":null}},"loc":{"start":{"line":433,"column":0},"end":{"line":438,"column":null}}},"25":{"name":"(anonymous_27)","decl":{"start":{"line":442,"column":0},"end":{"line":442,"column":null}},"loc":{"start":{"line":442,"column":0},"end":{"line":450,"column":null}}},"26":{"name":"(anonymous_28)","decl":{"start":{"line":450,"column":0},"end":{"line":450,"column":null}},"loc":{"start":{"line":450,"column":0},"end":{"line":453,"column":null}}},"27":{"name":"(anonymous_29)","decl":{"start":{"line":453,"column":0},"end":{"line":453,"column":null}},"loc":{"start":{"line":453,"column":0},"end":{"line":456,"column":null}}},"28":{"name":"(anonymous_30)","decl":{"start":{"line":456,"column":0},"end":{"line":456,"column":null}},"loc":{"start":{"line":456,"column":0},"end":{"line":459,"column":null}}},"29":{"name":"(anonymous_31)","decl":{"start":{"line":459,"column":0},"end":{"line":459,"column":null}},"loc":{"start":{"line":459,"column":0},"end":{"line":462,"column":null}}},"30":{"name":"(anonymous_32)","decl":{"start":{"line":462,"column":0},"end":{"line":462,"column":null}},"loc":{"start":{"line":462,"column":0},"end":{"line":468,"column":null}}},"31":{"name":"(anonymous_33)","decl":{"start":{"line":471,"column":0},"end":{"line":471,"column":null}},"loc":{"start":{"line":471,"column":0},"end":{"line":471,"column":null}}},"32":{"name":"(anonymous_37)","decl":{"start":{"line":497,"column":0},"end":{"line":497,"column":null}},"loc":{"start":{"line":497,"column":0},"end":{"line":503,"column":null}}},"33":{"name":"(anonymous_38)","decl":{"start":{"line":500,"column":0},"end":{"line":500,"column":null}},"loc":{"start":{"line":500,"column":0},"end":{"line":500,"column":null}}}},"branchMap":{"0":{"loc":{"start":{"line":153,"column":0},"end":{"line":163,"column":null}},"type":"if","locations":[{"start":{"line":153,"column":0},"end":{"line":163,"column":null}},{"start":{"line":153,"column":0},"end":{"line":163,"column":null}}]},"1":{"loc":{"start":{"line":153,"column":0},"end":{"line":153,"column":null}},"type":"binary-expr","locations":[{"start":{"line":153,"column":0},"end":{"line":153,"column":null}},{"start":{"line":153,"column":0},"end":{"line":153,"column":null}},{"start":{"line":153,"column":0},"end":{"line":153,"column":null}}]},"2":{"loc":{"start":{"line":174,"column":0},"end":{"line":193,"column":null}},"type":"if","locations":[{"start":{"line":174,"column":0},"end":{"line":193,"column":null}},{"start":{"line":174,"column":0},"end":{"line":193,"column":null}}]},"3":{"loc":{"start":{"line":201,"column":0},"end":{"line":201,"column":null}},"type":"cond-expr","locations":[{"start":{"line":201,"column":0},"end":{"line":201,"column":null}},{"start":{"line":201,"column":0},"end":{"line":201,"column":null}}]},"4":{"loc":{"start":{"line":204,"column":0},"end":{"line":204,"column":null}},"type":"cond-expr","locations":[{"start":{"line":204,"column":0},"end":{"line":204,"column":null}},{"start":{"line":204,"column":0},"end":{"line":204,"column":null}}]},"5":{"loc":{"start":{"line":216,"column":0},"end":{"line":218,"column":null}},"type":"switch","locations":[{"start":{"line":216,"column":0},"end":{"line":218,"column":null}},{"start":{"line":219,"column":0},"end":{"line":221,"column":null}},{"start":{"line":222,"column":0},"end":{"line":223,"column":null}}]},"6":{"loc":{"start":{"line":226,"column":0},"end":{"line":251,"column":null}},"type":"if","locations":[{"start":{"line":226,"column":0},"end":{"line":251,"column":null}},{"start":{"line":226,"column":0},"end":{"line":251,"column":null}}]},"7":{"loc":{"start":{"line":288,"column":0},"end":{"line":296,"column":null}},"type":"if","locations":[{"start":{"line":288,"column":0},"end":{"line":296,"column":null}},{"start":{"line":288,"column":0},"end":{"line":296,"column":null}}]},"8":{"loc":{"start":{"line":288,"column":0},"end":{"line":288,"column":null}},"type":"binary-expr","locations":[{"start":{"line":288,"column":0},"end":{"line":288,"column":null}},{"start":{"line":288,"column":0},"end":{"line":288,"column":null}}]},"9":{"loc":{"start":{"line":317,"column":0},"end":{"line":317,"column":null}},"type":"if","locations":[{"start":{"line":317,"column":0},"end":{"line":317,"column":null}},{"start":{"line":317,"column":0},"end":{"line":317,"column":null}}]},"10":{"loc":{"start":{"line":395,"column":0},"end":{"line":395,"column":null}},"type":"cond-expr","locations":[{"start":{"line":395,"column":0},"end":{"line":395,"column":null}},{"start":{"line":395,"column":0},"end":{"line":395,"column":null}}]}},"s":{"0":0,"1":0,"2":0,"3":0,"4":0,"5":0,"6":0,"7":0,"8":0,"9":0,"10":0,"11":0,"12":0,"13":0,"14":0,"15":0,"16":0,"17":0,"18":0,"19":0,"20":0,"21":0,"22":0,"23":0,"24":0,"25":0,"26":0,"27":0,"28":0,"29":0,"30":0,"31":0,"32":0,"33":0,"34":0,"35":0,"36":0,"37":0,"38":0,"39":0,"40":0,"41":0,"42":0,"43":0,"44":0,"45":0,"46":0,"47":0,"48":0,"49":0,"50":0,"51":0,"52":0,"53":0,"54":0,"55":0,"56":0,"57":0,"58":0,"59":0,"60":0,"61":0,"62":0,"63":0,"64":0,"65":0,"66":0,"67":0,"68":0,"69":0,"70":0,"71":0,"72":0,"73":0,"74":0,"75":0,"76":0,"77":0,"78":0,"79":0,"80":0,"81":0,"82":0,"83":0,"84":0,"85":0,"86":0,"87":0,"88":0,"89":0,"90":0,"91":0,"92":0,"93":0,"94":0,"95":0,"96":0,"97":0,"98":0,"99":0,"100":0,"101":0,"102":0,"103":0,"104":0,"105":0,"106":0,"107":0,"108":0,"109":0,"110":0,"111":0,"112":0,"113":0,"114":0,"115":0,"116":0,"117":0,"118":0,"119":0},"f":{"0":0,"1":0,"2":0,"3":0,"4":0,"5":0,"6":0,"7":0,"8":0,"9":0,"10":0,"11":0,"12":0,"13":0,"14":0,"15":0,"16":0,"17":0,"18":0,"19":0,"20":0,"21":0,"22":0,"23":0,"24":0,"25":0,"26":0,"27":0,"28":0,"29":0,"30":0,"31":0,"32":0,"33":0},"b":{"0":[0,0],"1":[0,0,0],"2":[0,0],"3":[0,0],"4":[0,0],"5":[0,0,0],"6":[0,0],"7":[0,0],"8":[0,0],"9":[0,0],"10":[0,0]}}
,"C:\\Users\\tedhw\\Documents\\dev\\mipa-ted\\src\\components\\Actions\\ActionsList.vue": {"path":"C:\\Users\\tedhw\\Documents\\dev\\mipa-ted\\src\\components\\Actions\\ActionsList.vue","statementMap":{"0":{"start":{"line":42,"column":0},"end":{"line":42,"column":null}},"1":{"start":{"line":43,"column":0},"end":{"line":43,"column":null}},"2":{"start":{"line":44,"column":0},"end":{"line":44,"column":null}},"3":{"start":{"line":47,"column":0},"end":{"line":47,"column":null}},"4":{"start":{"line":48,"column":0},"end":{"line":48,"column":null}},"5":{"start":{"line":49,"column":0},"end":{"line":49,"column":null}},"6":{"start":{"line":51,"column":0},"end":{"line":51,"column":null}},"7":{"start":{"line":53,"column":0},"end":{"line":53,"column":null}},"8":{"start":{"line":55,"column":0},"end":{"line":55,"column":null}},"9":{"start":{"line":64,"column":0},"end":{"line":64,"column":null}},"10":{"start":{"line":85,"column":0},"end":{"line":85,"column":null}},"11":{"start":{"line":92,"column":0},"end":{"line":92,"column":null}},"12":{"start":{"line":101,"column":0},"end":{"line":101,"column":null}},"13":{"start":{"line":103,"column":0},"end":{"line":103,"column":null}},"14":{"start":{"line":111,"column":0},"end":{"line":111,"column":null}},"15":{"start":{"line":126,"column":0},"end":{"line":126,"column":null}},"16":{"start":{"line":134,"column":0},"end":{"line":134,"column":null}},"17":{"start":{"line":142,"column":0},"end":{"line":142,"column":null}},"18":{"start":{"line":150,"column":0},"end":{"line":150,"column":null}},"19":{"start":{"line":159,"column":0},"end":{"line":159,"column":null}},"20":{"start":{"line":168,"column":0},"end":{"line":168,"column":null}},"21":{"start":{"line":178,"column":0},"end":{"line":178,"column":null}},"22":{"start":{"line":189,"column":0},"end":{"line":189,"column":null}},"23":{"start":{"line":197,"column":0},"end":{"line":199,"column":null}},"24":{"start":{"line":198,"column":0},"end":{"line":198,"column":null}},"25":{"start":{"line":200,"column":0},"end":{"line":212,"column":null}},"26":{"start":{"line":201,"column":0},"end":{"line":211,"column":null}},"27":{"start":{"line":210,"column":0},"end":{"line":210,"column":null}},"28":{"start":{"line":212,"column":0},"end":{"line":212,"column":null}},"29":{"start":{"line":216,"column":0},"end":{"line":216,"column":null}},"30":{"start":{"line":217,"column":0},"end":{"line":231,"column":null}},"31":{"start":{"line":218,"column":0},"end":{"line":218,"column":null}},"32":{"start":{"line":220,"column":0},"end":{"line":222,"column":null}},"33":{"start":{"line":221,"column":0},"end":{"line":221,"column":null}},"34":{"start":{"line":223,"column":0},"end":{"line":223,"column":null}},"35":{"start":{"line":224,"column":0},"end":{"line":224,"column":null}},"36":{"start":{"line":225,"column":0},"end":{"line":225,"column":null}},"37":{"start":{"line":230,"column":0},"end":{"line":230,"column":null}},"38":{"start":{"line":235,"column":0},"end":{"line":235,"column":null}},"39":{"start":{"line":236,"column":0},"end":{"line":243,"column":null}},"40":{"start":{"line":237,"column":0},"end":{"line":237,"column":null}},"41":{"start":{"line":238,"column":0},"end":{"line":238,"column":null}},"42":{"start":{"line":242,"column":0},"end":{"line":242,"column":null}}},"fnMap":{"0":{"name":"getRelationshipsDisplay","decl":{"start":{"line":46,"column":0},"end":{"line":46,"column":null}},"loc":{"start":{"line":46,"column":0},"end":{"line":56,"column":null}}},"1":{"name":"(anonymous_2)","decl":{"start":{"line":63,"column":0},"end":{"line":63,"column":null}},"loc":{"start":{"line":63,"column":0},"end":{"line":77,"column":null}}},"2":{"name":"(anonymous_3)","decl":{"start":{"line":84,"column":0},"end":{"line":84,"column":null}},"loc":{"start":{"line":84,"column":0},"end":{"line":190,"column":null}}},"3":{"name":"(anonymous_4)","decl":{"start":{"line":92,"column":0},"end":{"line":92,"column":null}},"loc":{"start":{"line":92,"column":0},"end":{"line":92,"column":null}}},"4":{"name":"(anonymous_5)","decl":{"start":{"line":101,"column":0},"end":{"line":101,"column":null}},"loc":{"start":{"line":101,"column":0},"end":{"line":101,"column":null}}},"5":{"name":"(anonymous_6)","decl":{"start":{"line":103,"column":0},"end":{"line":103,"column":null}},"loc":{"start":{"line":103,"column":0},"end":{"line":103,"column":null}}},"6":{"name":"(anonymous_7)","decl":{"start":{"line":111,"column":0},"end":{"line":111,"column":null}},"loc":{"start":{"line":111,"column":0},"end":{"line":111,"column":null}}},"7":{"name":"(anonymous_8)","decl":{"start":{"line":126,"column":0},"end":{"line":126,"column":null}},"loc":{"start":{"line":126,"column":0},"end":{"line":126,"column":null}}},"8":{"name":"(anonymous_9)","decl":{"start":{"line":134,"column":0},"end":{"line":134,"column":null}},"loc":{"start":{"line":134,"column":0},"end":{"line":134,"column":null}}},"9":{"name":"(anonymous_10)","decl":{"start":{"line":142,"column":0},"end":{"line":142,"column":null}},"loc":{"start":{"line":142,"column":0},"end":{"line":142,"column":null}}},"10":{"name":"(anonymous_11)","decl":{"start":{"line":150,"column":0},"end":{"line":150,"column":null}},"loc":{"start":{"line":150,"column":0},"end":{"line":150,"column":null}}},"11":{"name":"(anonymous_12)","decl":{"start":{"line":159,"column":0},"end":{"line":159,"column":null}},"loc":{"start":{"line":159,"column":0},"end":{"line":159,"column":null}}},"12":{"name":"(anonymous_13)","decl":{"start":{"line":168,"column":0},"end":{"line":168,"column":null}},"loc":{"start":{"line":168,"column":0},"end":{"line":168,"column":null}}},"13":{"name":"(anonymous_14)","decl":{"start":{"line":178,"column":0},"end":{"line":178,"column":null}},"loc":{"start":{"line":178,"column":0},"end":{"line":178,"column":null}}},"14":{"name":"(anonymous_15)","decl":{"start":{"line":195,"column":0},"end":{"line":195,"column":null}},"loc":{"start":{"line":195,"column":0},"end":{"line":213,"column":null}}},"15":{"name":"(anonymous_16)","decl":{"start":{"line":202,"column":0},"end":{"line":202,"column":null}},"loc":{"start":{"line":202,"column":0},"end":{"line":211,"column":null}}},"16":{"name":"(anonymous_17)","decl":{"start":{"line":215,"column":0},"end":{"line":215,"column":null}},"loc":{"start":{"line":215,"column":0},"end":{"line":232,"column":null}}},"17":{"name":"(anonymous_18)","decl":{"start":{"line":217,"column":0},"end":{"line":217,"column":null}},"loc":{"start":{"line":217,"column":0},"end":{"line":231,"column":null}}},"18":{"name":"(anonymous_19)","decl":{"start":{"line":234,"column":0},"end":{"line":234,"column":null}},"loc":{"start":{"line":234,"column":0},"end":{"line":244,"column":null}}},"19":{"name":"(anonymous_20)","decl":{"start":{"line":236,"column":0},"end":{"line":236,"column":null}},"loc":{"start":{"line":236,"column":0},"end":{"line":243,"column":null}}}},"branchMap":{"0":{"loc":{"start":{"line":48,"column":0},"end":{"line":48,"column":null}},"type":"if","locations":[{"start":{"line":48,"column":0},"end":{"line":48,"column":null}},{"start":{"line":48,"column":0},"end":{"line":48,"column":null}}]},"1":{"loc":{"start":{"line":49,"column":0},"end":{"line":49,"column":null}},"type":"if","locations":[{"start":{"line":49,"column":0},"end":{"line":49,"column":null}},{"start":{"line":49,"column":0},"end":{"line":49,"column":null}}]},"2":{"loc":{"start":{"line":51,"column":0},"end":{"line":51,"column":null}},"type":"if","locations":[{"start":{"line":51,"column":0},"end":{"line":51,"column":null}},{"start":{"line":51,"column":0},"end":{"line":51,"column":null}}]},"3":{"loc":{"start":{"line":53,"column":0},"end":{"line":53,"column":null}},"type":"if","locations":[{"start":{"line":53,"column":0},"end":{"line":53,"column":null}},{"start":{"line":53,"column":0},"end":{"line":53,"column":null}}]},"4":{"loc":{"start":{"line":168,"column":0},"end":{"line":168,"column":null}},"type":"cond-expr","locations":[{"start":{"line":168,"column":0},"end":{"line":168,"column":null}},{"start":{"line":168,"column":0},"end":{"line":168,"column":null}}]},"5":{"loc":{"start":{"line":197,"column":0},"end":{"line":199,"column":null}},"type":"if","locations":[{"start":{"line":197,"column":0},"end":{"line":199,"column":null}},{"start":{"line":197,"column":0},"end":{"line":199,"column":null}}]},"6":{"loc":{"start":{"line":200,"column":0},"end":{"line":212,"column":null}},"type":"if","locations":[{"start":{"line":200,"column":0},"end":{"line":212,"column":null}},{"start":{"line":200,"column":0},"end":{"line":212,"column":null}}]},"7":{"loc":{"start":{"line":220,"column":0},"end":{"line":222,"column":null}},"type":"if","locations":[{"start":{"line":220,"column":0},"end":{"line":222,"column":null}},{"start":{"line":220,"column":0},"end":{"line":222,"column":null}}]}},"s":{"0":0,"1":0,"2":0,"3":0,"4":0,"5":0,"6":0,"7":0,"8":0,"9":0,"10":0,"11":0,"12":0,"13":0,"14":0,"15":0,"16":0,"17":0,"18":0,"19":0,"20":0,"21":0,"22":0,"23":0,"24":0,"25":0,"26":0,"27":0,"28":0,"29":0,"30":0,"31":0,"32":0,"33":0,"34":0,"35":0,"36":0,"37":0,"38":0,"39":0,"40":0,"41":0,"42":0},"f":{"0":0,"1":0,"2":0,"3":0,"4":0,"5":0,"6":0,"7":0,"8":0,"9":0,"10":0,"11":0,"12":0,"13":0,"14":0,"15":0,"16":0,"17":0,"18":0,"19":0},"b":{"0":[0,0],"1":[0,0],"2":[0,0],"3":[0,0],"4":[0,0],"5":[0,0],"6":[0,0],"7":[0,0]}}
,"C:\\Users\\tedhw\\Documents\\dev\\mipa-ted\\src\\components\\Actions\\UnprioritizedActionsList.vue": {"path":"C:\\Users\\tedhw\\Documents\\dev\\mipa-ted\\src\\components\\Actions\\UnprioritizedActionsList.vue","statementMap":{"0":{"start":{"line":56,"column":0},"end":{"line":56,"column":null}},"1":{"start":{"line":57,"column":0},"end":{"line":57,"column":null}},"2":{"start":{"line":63,"column":0},"end":{"line":63,"column":null}},"3":{"start":{"line":79,"column":0},"end":{"line":79,"column":null}},"4":{"start":{"line":100,"column":0},"end":{"line":100,"column":null}},"5":{"start":{"line":101,"column":0},"end":{"line":101,"column":null}},"6":{"start":{"line":105,"column":0},"end":{"line":105,"column":null}},"7":{"start":{"line":106,"column":0},"end":{"line":120,"column":null}},"8":{"start":{"line":107,"column":0},"end":{"line":107,"column":null}},"9":{"start":{"line":109,"column":0},"end":{"line":111,"column":null}},"10":{"start":{"line":110,"column":0},"end":{"line":110,"column":null}},"11":{"start":{"line":112,"column":0},"end":{"line":112,"column":null}},"12":{"start":{"line":113,"column":0},"end":{"line":113,"column":null}},"13":{"start":{"line":114,"column":0},"end":{"line":114,"column":null}},"14":{"start":{"line":119,"column":0},"end":{"line":119,"column":null}},"15":{"start":{"line":124,"column":0},"end":{"line":124,"column":null}},"16":{"start":{"line":125,"column":0},"end":{"line":132,"column":null}},"17":{"start":{"line":126,"column":0},"end":{"line":126,"column":null}},"18":{"start":{"line":127,"column":0},"end":{"line":127,"column":null}},"19":{"start":{"line":131,"column":0},"end":{"line":131,"column":null}}},"fnMap":{"0":{"name":"(anonymous_1)","decl":{"start":{"line":62,"column":0},"end":{"line":62,"column":null}},"loc":{"start":{"line":62,"column":0},"end":{"line":91,"column":null}}},"1":{"name":"(anonymous_2)","decl":{"start":{"line":79,"column":0},"end":{"line":79,"column":null}},"loc":{"start":{"line":79,"column":0},"end":{"line":79,"column":null}}},"2":{"name":"(anonymous_3)","decl":{"start":{"line":99,"column":0},"end":{"line":99,"column":null}},"loc":{"start":{"line":99,"column":0},"end":{"line":102,"column":null}}},"3":{"name":"(anonymous_4)","decl":{"start":{"line":104,"column":0},"end":{"line":104,"column":null}},"loc":{"start":{"line":104,"column":0},"end":{"line":121,"column":null}}},"4":{"name":"(anonymous_5)","decl":{"start":{"line":106,"column":0},"end":{"line":106,"column":null}},"loc":{"start":{"line":106,"column":0},"end":{"line":120,"column":null}}},"5":{"name":"(anonymous_6)","decl":{"start":{"line":123,"column":0},"end":{"line":123,"column":null}},"loc":{"start":{"line":123,"column":0},"end":{"line":133,"column":null}}},"6":{"name":"(anonymous_7)","decl":{"start":{"line":125,"column":0},"end":{"line":125,"column":null}},"loc":{"start":{"line":125,"column":0},"end":{"line":132,"column":null}}}},"branchMap":{"0":{"loc":{"start":{"line":109,"column":0},"end":{"line":111,"column":null}},"type":"if","locations":[{"start":{"line":109,"column":0},"end":{"line":111,"column":null}},{"start":{"line":109,"column":0},"end":{"line":111,"column":null}}]}},"s":{"0":0,"1":0,"2":0,"3":0,"4":0,"5":0,"6":0,"7":0,"8":0,"9":0,"10":0,"11":0,"12":0,"13":0,"14":0,"15":0,"16":0,"17":0,"18":0,"19":0},"f":{"0":0,"1":0,"2":0,"3":0,"4":0,"5":0,"6":0},"b":{"0":[0,0]}}
,"C:\\Users\\tedhw\\Documents\\dev\\mipa-ted\\src\\components\\Actions\\Modals\\AddAction.vue": {"path":"C:\\Users\\tedhw\\Documents\\dev\\mipa-ted\\src\\components\\Actions\\Modals\\AddAction.vue","statementMap":{"0":{"start":{"line":15,"column":0},"end":{"line":15,"column":null}},"1":{"start":{"line":19,"column":0},"end":{"line":19,"column":null}},"2":{"start":{"line":45,"column":0},"end":{"line":45,"column":null}},"3":{"start":{"line":46,"column":0},"end":{"line":46,"column":null}},"4":{"start":{"line":50,"column":0},"end":{"line":50,"column":null}},"5":{"start":{"line":51,"column":0},"end":{"line":53,"column":null}},"6":{"start":{"line":52,"column":0},"end":{"line":52,"column":null}}},"fnMap":{"0":{"name":"(anonymous_1)","decl":{"start":{"line":18,"column":0},"end":{"line":18,"column":null}},"loc":{"start":{"line":18,"column":0},"end":{"line":40,"column":null}}},"1":{"name":"(anonymous_2)","decl":{"start":{"line":44,"column":0},"end":{"line":44,"column":null}},"loc":{"start":{"line":44,"column":0},"end":{"line":47,"column":null}}},"2":{"name":"(anonymous_3)","decl":{"start":{"line":49,"column":0},"end":{"line":49,"column":null}},"loc":{"start":{"line":49,"column":0},"end":{"line":54,"column":null}}}},"branchMap":{"0":{"loc":{"start":{"line":51,"column":0},"end":{"line":53,"column":null}},"type":"if","locations":[{"start":{"line":51,"column":0},"end":{"line":53,"column":null}},{"start":{"line":51,"column":0},"end":{"line":53,"column":null}}]}},"s":{"0":0,"1":0,"2":0,"3":0,"4":0,"5":0,"6":0},"f":{"0":0,"1":0,"2":0},"b":{"0":[0,0]}}
,"C:\\Users\\tedhw\\Documents\\dev\\mipa-ted\\src\\components\\Actions\\Modals\\Shared\\ModalActionTitle.vue": {"path":"C:\\Users\\tedhw\\Documents\\dev\\mipa-ted\\src\\components\\Actions\\Modals\\Shared\\ModalActionTitle.vue","statementMap":{"0":{"start":{"line":19,"column":0},"end":{"line":19,"column":null}}},"fnMap":{},"branchMap":{},"s":{"0":0},"f":{},"b":{}}
,"C:\\Users\\tedhw\\Documents\\dev\\mipa-ted\\src\\components\\Actions\\Relationships\\ActionRelationships.vue": {"path":"C:\\Users\\tedhw\\Documents\\dev\\mipa-ted\\src\\components\\Actions\\Relationships\\ActionRelationships.vue","statementMap":{"0":{"start":{"line":170,"column":0},"end":{"line":170,"column":null}},"1":{"start":{"line":171,"column":0},"end":{"line":171,"column":null}},"2":{"start":{"line":173,"column":0},"end":{"line":173,"column":null}},"3":{"start":{"line":187,"column":0},"end":{"line":187,"column":null}},"4":{"start":{"line":211,"column":0},"end":{"line":213,"column":null}},"5":{"start":{"line":212,"column":0},"end":{"line":212,"column":null}},"6":{"start":{"line":229,"column":0},"end":{"line":238,"column":null}},"7":{"start":{"line":230,"column":0},"end":{"line":237,"column":null}},"8":{"start":{"line":231,"column":0},"end":{"line":231,"column":null}},"9":{"start":{"line":233,"column":0},"end":{"line":233,"column":null}},"10":{"start":{"line":234,"column":0},"end":{"line":234,"column":null}},"11":{"start":{"line":247,"column":0},"end":{"line":247,"column":null}},"12":{"start":{"line":248,"column":0},"end":{"line":248,"column":null}},"13":{"start":{"line":252,"column":0},"end":{"line":252,"column":null}},"14":{"start":{"line":253,"column":0},"end":{"line":293,"column":null}},"15":{"start":{"line":261,"column":0},"end":{"line":261,"column":null}},"16":{"start":{"line":263,"column":0},"end":{"line":263,"column":null}},"17":{"start":{"line":268,"column":0},"end":{"line":268,"column":null}},"18":{"start":{"line":270,"column":0},"end":{"line":270,"column":null}},"19":{"start":{"line":275,"column":0},"end":{"line":275,"column":null}},"20":{"start":{"line":277,"column":0},"end":{"line":277,"column":null}},"21":{"start":{"line":282,"column":0},"end":{"line":282,"column":null}},"22":{"start":{"line":284,"column":0},"end":{"line":284,"column":null}},"23":{"start":{"line":289,"column":0},"end":{"line":289,"column":null}},"24":{"start":{"line":291,"column":0},"end":{"line":291,"column":null}},"25":{"start":{"line":301,"column":0},"end":{"line":301,"column":null}}},"fnMap":{"0":{"name":"(anonymous_1)","decl":{"start":{"line":186,"column":0},"end":{"line":186,"column":null}},"loc":{"start":{"line":186,"column":0},"end":{"line":194,"column":null}}},"1":{"name":"(anonymous_2)","decl":{"start":{"line":210,"column":0},"end":{"line":210,"column":null}},"loc":{"start":{"line":210,"column":0},"end":{"line":214,"column":null}}},"2":{"name":"(anonymous_3)","decl":{"start":{"line":211,"column":0},"end":{"line":211,"column":null}},"loc":{"start":{"line":211,"column":0},"end":{"line":213,"column":null}}},"3":{"name":"(anonymous_4)","decl":{"start":{"line":225,"column":0},"end":{"line":225,"column":null}},"loc":{"start":{"line":225,"column":0},"end":{"line":240,"column":null}}},"4":{"name":"(anonymous_5)","decl":{"start":{"line":229,"column":0},"end":{"line":229,"column":null}},"loc":{"start":{"line":229,"column":0},"end":{"line":238,"column":null}}},"5":{"name":"(anonymous_6)","decl":{"start":{"line":234,"column":0},"end":{"line":234,"column":null}},"loc":{"start":{"line":234,"column":0},"end":{"line":234,"column":null}}},"6":{"name":"(anonymous_7)","decl":{"start":{"line":242,"column":0},"end":{"line":242,"column":null}},"loc":{"start":{"line":242,"column":0},"end":{"line":244,"column":null}}},"7":{"name":"(anonymous_8)","decl":{"start":{"line":246,"column":0},"end":{"line":246,"column":null}},"loc":{"start":{"line":246,"column":0},"end":{"line":249,"column":null}}},"8":{"name":"(anonymous_9)","decl":{"start":{"line":247,"column":0},"end":{"line":247,"column":null}},"loc":{"start":{"line":247,"column":0},"end":{"line":247,"column":null}}},"9":{"name":"(anonymous_10)","decl":{"start":{"line":251,"column":0},"end":{"line":251,"column":null}},"loc":{"start":{"line":251,"column":0},"end":{"line":294,"column":null}}},"10":{"name":"(anonymous_11)","decl":{"start":{"line":254,"column":0},"end":{"line":254,"column":null}},"loc":{"start":{"line":254,"column":0},"end":{"line":293,"column":null}}},"11":{"name":"(anonymous_12)","decl":{"start":{"line":297,"column":0},"end":{"line":297,"column":null}},"loc":{"start":{"line":297,"column":0},"end":{"line":306,"column":null}}}},"branchMap":{"0":{"loc":{"start":{"line":230,"column":0},"end":{"line":237,"column":null}},"type":"if","locations":[{"start":{"line":230,"column":0},"end":{"line":237,"column":null}},{"start":{"line":230,"column":0},"end":{"line":237,"column":null}}]},"1":{"loc":{"start":{"line":262,"column":0},"end":{"line":268,"column":null}},"type":"switch","locations":[{"start":{"line":262,"column":0},"end":{"line":268,"column":null}},{"start":{"line":269,"column":0},"end":{"line":275,"column":null}},{"start":{"line":276,"column":0},"end":{"line":282,"column":null}},{"start":{"line":283,"column":0},"end":{"line":289,"column":null}},{"start":{"line":290,"column":0},"end":{"line":291,"column":null}}]}},"s":{"0":0,"1":0,"2":0,"3":0,"4":0,"5":0,"6":0,"7":0,"8":0,"9":0,"10":0,"11":0,"12":0,"13":0,"14":0,"15":0,"16":0,"17":0,"18":0,"19":0,"20":0,"21":0,"22":0,"23":0,"24":0,"25":0},"f":{"0":0,"1":0,"2":0,"3":0,"4":0,"5":0,"6":0,"7":0,"8":0,"9":0,"10":0,"11":0},"b":{"0":[0,0],"1":[0,0,0,0,0]}}
[...]
{"start":{"line":4,"column":11},"end":{"line":4,"column":34}},"1":{"start":{"line":5,"column":11},"end":{"line":5,"column":34}},"2":{"start":{"line":7,"column":2},"end":{"line":11,"column":3}},"3":{"start":{"line":8,"column":22},"end":{"line":8,"column":25}},"4":{"start":{"line":10,"column":22},"end":{"line":10,"column":23}},"5":{"start":{"line":13,"column":16},"end":{"line":13,"column":48}},"6":{"start":{"line":14,"column":11},"end":{"line":14,"column":67}},"7":{"start":{"line":15,"column":11},"end":{"line":15,"column":67}},"8":{"start":{"line":17,"column":16},"end":{"line":17,"column":50}},"9":{"start":{"line":18,"column":11},"end":{"line":18,"column":50}},"10":{"start":{"line":19,"column":11},"end":{"line":19,"column":50}},"11":{"start":{"line":21,"column":2},"end":{"line":21,"column":44}},"12":{"start":{"line":25,"column":11},"end":{"line":25,"column":34}},"13":{"start":{"line":26,"column":11},"end":{"line":26,"column":34}},"14":{"start":{"line":27,"column":2},"end":{"line":27,"column":54}}},"fnMap":{"0":{"name":"getNodeLinkEndPoints","decl":{"start":{"line":3,"column":9},"end":{"line":3,"column":29}},"loc":{"start":{"line":3,"column":55},"end":{"line":22,"column":1}},"line":3},"1":{"name":"getDistance","decl":{"start":{"line":24,"column":9},"end":{"line":24,"column":20}},"loc":{"start":{"line":24,"column":24},"end":{"line":28,"column":1}},"line":24}},"branchMap":{"0":{"loc":{"start":{"line":7,"column":2},"end":{"line":11,"column":3}},"type":"if","locations":[{"start":{"line":7,"column":2},"end":{"line":11,"column":3}},{"start":{"line":7,"column":2},"end":{"line":11,"column":3}}],"line":7},"1":{"loc":{"start":{"line":7,"column":6},"end":{"line":7,"column":53}},"type":"binary-expr","locations":[{"start":{"line":7,"column":6},"end":{"line":7,"column":26}},{"start":{"line":7,"column":30},"end":{"line":7,"column":53}}],"line":7}},"s":{"0":0,"1":0,"2":0,"3":0,"4":0,"5":0,"6":0,"7":0,"8":0,"9":0,"10":0,"11":0,"12":0,"13":0,"14":0},"f":{"0":0,"1":0},"b":{"0":[0,0],"1":[0,0]}}
,"C:\\Users\\tedhw\\Documents\\dev\\mipa-ted\\src\\utils\\util-node-operations.js": {"path":"C:\\Users\\tedhw\\Documents\\dev\\mipa-ted\\src\\utils\\util-node-operations.js","statementMap":{"0":{"start":{"line":6,"column":17},"end":{"line":6,"column":33}},"1":{"start":{"line":7,"column":14},"end":{"line":7,"column":27}},"2":{"start":{"line":11,"column":4},"end":{"line":11,"column":74}},"3":{"start":{"line":14,"column":13},"end":{"line":14,"column":15}},"4":{"start":{"line":15,"column":17},"end":{"line":15,"column":19}},"5":{"start":{"line":16,"column":23},"end":{"line":16,"column":25}},"6":{"start":{"line":18,"column":2},"end":{"line":46,"column":3}},"7":{"start":{"line":19,"column":21},"end":{"line":19,"column":40}},"8":{"start":{"line":20,"column":27},"end":{"line":20,"column":44}},"9":{"start":{"line":21,"column":4},"end":{"line":26,"column":5}},"10":{"start":{"line":22,"column":6},"end":{"line":25,"column":9}},"11":{"start":{"line":23,"column":8},"end":{"line":23,"column":75}},"12":{"start":{"line":23,"column":47},"end":{"line":23,"column":75}},"13":{"start":{"line":24,"column":8},"end":{"line":24,"column":71}},"14":{"start":{"line":24,"column":47},"end":{"line":24,"column":71}},"15":{"start":{"line":31,"column":20},"end":{"line":31,"column":25}},"16":{"start":{"line":32,"column":4},"end":{"line":44,"column":7}},"17":{"start":{"line":33,"column":6},"end":{"line":43,"column":7}},"18":{"start":{"line":34,"column":8},"end":{"line":42,"column":9}},"19":{"start":{"line":35,"column":10},"end":{"line":35,"column":51}},"20":{"start":{"line":37,"column":10},"end":{"line":41,"column":29}},"21":{"start":{"line":41,"column":12},"end":{"line":41,"column":29}},"22":{"start":{"line":45,"column":4},"end":{"line":45,"column":54}},"23":{"start":{"line":45,"column":27},"end":{"line":45,"column":54}},"24":{"start":{"line":50,"column":32},"end":{"line":50,"column":45}},"25":{"start":{"line":52,"column":2},"end":{"line":103,"column":5}},"26":{"start":{"line":55,"column":31},"end":{"line":55,"column":35}},"27":{"start":{"line":56,"column":35},"end":{"line":56,"column":37}},"28":{"start":{"line":58,"column":4},"end":{"line":65,"column":7}},"29":{"start":{"line":61,"column":6},"end":{"line":64,"column":7}},"30":{"start":{"line":62,"column":8},"end":{"line":62,"column":37}},"31":{"start":{"line":63,"column":8},"end":{"line":63,"column":44}},"32":{"start":{"line":67,"column":4},"end":{"line":94,"column":7}},"33":{"start":{"line":70,"column":6},"end":{"line":70,"column":55}},"34":{"start":{"line":70,"column":27},"end":{"line":70,"column":55}},"35":{"start":{"line":71,"column":25},"end":{"line":71,"column":32}},"36":{"start":{"line":72,"column":6},"end":{"line":93,"column":7}},"37":{"start":{"line":74,"column":31},"end":{"line":74,"column":36}},"38":{"start":{"line":75,"column":29},"end":{"line":77,"column":10}},"39":{"start":{"line":76,"column":10},"end":{"line":76,"column":41}},"40":{"start":{"line":80,"column":8},"end":{"line":82,"column":9}},"41":{"start":{"line":81,"column":10},"end":{"line":81,"column":36}},"42":{"start":{"line":83,"column":8},"end":{"line":89,"column":47}},"43":{"start":{"line":88,"column":38},"end":{"line":88,"column":42}},"44":{"start":{"line":89,"column":41},"end":{"line":89,"column":46}},"45":{"start":{"line":91,"column":8},"end":{"line":92,"column":38}},"46":{"start":{"line":92,"column":10},"end":{"line":92,"column":38}},"47":{"start":{"line":95,"column":4},"end":{"line":102,"column":5}},"48":{"start":{"line":98,"column":20},"end":{"line":98,"column":50}},"49":{"start":{"line":99,"column":6},"end":{"line":101,"column":7}},"50":{"start":{"line":100,"column":8},"end":{"line":100,"column":34}},"51":{"start":{"line":107,"column":15},"end":{"line":107,"column":17}},"52":{"start":{"line":108,"column":2},"end":{"line":110,"column":3}},"53":{"start":{"line":109,"column":4},"end":{"line":109,"column":67}},"54":{"start":{"line":109,"column":47},"end":{"line":109,"column":65}},"55":{"start":{"line":113,"column":2},"end":{"line":116,"column":4}}},"fnMap":{"0":{"name":"classifyInfluencers","decl":{"start":{"line":5,"column":9},"end":{"line":5,"column":28}},"loc":{"start":{"line":5,"column":38},"end":{"line":117,"column":1}},"line":5},"1":{"name":"(anonymous_1)","decl":{"start":{"line":22,"column":35},"end":{"line":22,"column":36}},"loc":{"start":{"line":22,"column":58},"end":{"line":25,"column":7}},"line":22},"2":{"name":"(anonymous_2)","decl":{"start":{"line":32,"column":30},"end":{"line":32,"column":31}},"loc":{"start":{"line":32,"column":69},"end":{"line":44,"column":5}},"line":32},"3":{"name":"(anonymous_3)","decl":{"start":{"line":52,"column":34},"end":{"line":52,"column":35}},"loc":{"start":{"line":52,"column":72},"end":{"line":103,"column":3}},"line":52},"4":{"name":"(anonymous_4)","decl":{"start":{"line":58,"column":27},"end":{"line":58,"column":28}},"loc":{"start":{"line":58,"column":42},"end":{"line":65,"column":5}},"line":58},"5":{"name":"(anonymous_5)","decl":{"start":{"line":67,"column":37},"end":{"line":67,"column":38}},"loc":{"start":{"line":67,"column":52},"end":{"line":94,"column":5}},"line":67},"6":{"name":"(anonymous_6)","decl":{"start":{"line":75,"column":40},"end":{"line":75,"column":41}},"loc":{"start":{"line":75,"column":55},"end":{"line":77,"column":9}},"line":75},"7":{"name":"(anonymous_7)","decl":{"start":{"line":109,"column":41},"end":{"line":109,"column":42}},"loc":{"start":{"line":109,"column":47},"end":{"line":109,"column":65}},"line":109}},"branchMap":{"0":{"loc":{"start":{"line":11,"column":4},"end":{"line":11,"column":74}},"type":"binary-expr","locations":[{"start":{"line":11,"column":4},"end":{"line":11,"column":45}},{"start":{"line":11,"column":49},"end":{"line":11,"column":74}}],"line":11},"1":{"loc":{"start":{"line":18,"column":2},"end":{"line":46,"column":3}},"type":"if","locations":[{"start":{"line":18,"column":2},"end":{"line":46,"column":3}},{"start":{"line":18,"column":2},"end":{"line":46,"column":3}}],"line":18},"2":{"loc":{"start":{"line":21,"column":4},"end":{"line":26,"column":5}},"type":"if","locations":[{"start":{"line":21,"column":4},"end":{"line":26,"column":5}},{"start":{"line":21,"column":4},"end":{"line":26,"column":5}}],"line":21},"3":{"loc":{"start":{"line":23,"column":8},"end":{"line":23,"column":75}},"type":"if","locations":[{"start":{"line":23,"column":8},"end":{"line":23,"column":75}},{"start":{"line":23,"column":8},"end":{"line":23,"column":75}}],"line":23},"4":{"loc":{"start":{"line":24,"column":8},"end":{"line":24,"column":71}},"type":"if","locations":[{"start":{"line":24,"column":8},"end":{"line":24,"column":71}},{"start":{"line":24,"column":8},"end":{"line":24,"column":71}}],"line":24},"5":{"loc":{"start":{"line":33,"column":6},"end":{"line":43,"column":7}},"type":"if","locations":[{"start":{"line":33,"column":6},"end":{"line":43,"column":7}},{"start":{"line":33,"column":6},"end":{"line":43,"column":7}}],"line":33},"6":{"loc":{"start":{"line":34,"column":8},"end":{"line":42,"column":9}},"type":"if","locations":[{"start":{"line":34,"column":8},"end":{"line":42,"column":9}},{"start":{"line":34,"column":8},"end":{"line":42,"column":9}}],"line":34},"7":{"loc":{"start":{"line":37,"column":10},"end":{"line":41,"column":29}},"type":"if","locations":[{"start":{"line":37,"column":10},"end":{"line":41,"column":29}},{"start":{"line":37,"column":10},"end":{"line":41,"column":29}}],"line":37},"8":{"loc":{"start":{"line":38,"column":12},"end":{"line":39,"column":60}},"type":"binary-expr","locations":[{"start":{"line":38,"column":12},"end":{"line":38,"column":38}},{"start":{"line":39,"column":12},"end":{"line":39,"column":60}}],"line":38},"9":{"loc":{"start":{"line":45,"column":4},"end":{"line":45,"column":54}},"type":"if","locations":[{"start":{"line":45,"column":4},"end":{"line":45,"column":54}},{"start":{"line":45,"column":4},"end":{"line":45,"column":54}}],"line":45},"10":{"loc":{"start":{"line":61,"column":6},"end":{"line":64,"column":7}},"type":"if","locations":[{"start":{"line":61,"column":6},"end":{"line":64,"column":7}},{"start":{"line":61,"column":6},"end":{"line":64,"column":7}}],"line":61},"11":{"loc":{"start":{"line":61,"column":10},"end":{"line":61,"column":66}},"type":"binary-expr","locations":[{"start":{"line":61,"column":10},"end":{"line":61,"column":21}},{"start":{"line":61,"column":25},"end":{"line":61,"column":66}}],"line":61},"12":{"loc":{"start":{"line":70,"column":6},"end":{"line":70,"column":55}},"type":"if","locations":[{"start":{"line":70,"column":6},"end":{"line":70,"column":55}},{"start":{"line":70,"column":6},"end":{"line":70,"column":55}}],"line":70},"13":{"loc":{"start":{"line":72,"column":6},"end":{"line":93,"column":7}},"type":"if","locations":[{"start":{"line":72,"column":6},"end":{"line":93,"column":7}},{"start":{"line":72,"column":6},"end":{"line":93,"column":7}}],"line":72},"14":{"loc":{"start":{"line":80,"column":8},"end":{"line":82,"column":9}},"type":"if","locations":[{"start":{"line":80,"column":8},"end":{"line":82,"column":9}},{"start":{"line":80,"column":8},"end":{"line":82,"column":9}}],"line":80},"15":{"loc":{"start":{"line":83,"column":8},"end":{"line":89,"column":47}},"type":"if","locations":[{"start":{"line":83,"column":8},"end":{"line":89,"column":47}},{"start":{"line":83,"column":8},"end":{"line":89,"column":47}}],"line":83},"16":{"loc":{"start":{"line":84,"column":10},"end":{"line":86,"column":53}},"type":"binary-expr","locations":[{"start":{"line":84,"column":10},"end":{"line":84,"column":59}},{"start":{"line":85,"column":10},"end":{"line":85,"column":43}},{"start":{"line":86,"column":10},"end":{"line":86,"column":53}}],"line":84},"17":{"loc":{"start":{"line":91,"column":8},"end":{"line":92,"column":38}},"type":"if","locations":[{"start":{"line":91,"column":8},"end":{"line":92,"column":38}},{"start":{"line":91,"column":8},"end":{"line":92,"column":38}}],"line":91},"18":{"loc":{"start":{"line":91,"column":12},"end":{"line":91,"column":55}},"type":"binary-expr","locations":[{"start":{"line":91,"column":12},"end":{"line":91,"column":29}},{"start":{"line":91,"column":33},"end":{"line":91,"column":55}}],"line":91},"19":{"loc":{"start":{"line":95,"column":4},"end":{"line":102,"column":5}},"type":"if","locations":[{"start":{"line":95,"column":4},"end":{"line":102,"column":5}},{"start":{"line":95,"column":4},"end":{"line":102,"column":5}}],"line":95},"20":{"loc":{"start":{"line":99,"column":6},"end":{"line":101,"column":7}},"type":"if","locations":[{"start":{"line":99,"column":6},"end":{"line":101,"column":7}},{"start":{"line":99,"column":6},"end":{"line":101,"column":7}}],"line":99},"21":{"loc":{"start":{"line":108,"column":2},"end":{"line":110,"column":3}},"type":"if","locations":[{"start":{"line":108,"column":2},"end":{"line":110,"column":3}},{"start":{"line":108,"column":2},"end":{"line":110,"column":3}}],"line":108}},"s":{"0":0,"1":0,"2":0,"3":0,"4":0,"5":0,"6":0,"7":0,"8":0,"9":0,"10":0,"11":0,"12":0,"13":0,"14":0,"15":0,"16":0,"17":0,"18":0,"19":0,"20":0,"21":0,"22":0,"23":0,"24":0,"25":0,"26":0,"27":0,"28":0,"29":0,"30":0,"31":0,"32":0,"33":0,"34":0,"35":0,"36":0,"37":0,"38":0,"39":0,"40":0,"41":0,"42":0,"43":0,"44":0,"45":0,"46":0,"47":0,"48":0,"49":0,"50":0,"51":0,"52":0,"53":0,"54":0,"55":0},"f":{"0":0,"1":0,"2":0,"3":0,"4":0,"5":0,"6":0,"7":0},"b":{"0":[0,0],"1":[0,0],"2":[0,0],"3":[0,0],"4":[0,0],"5":[0,0],"6":[0,0],"7":[0,0],"8":[0,0],"9":[0,0],"10":[0,0],"11":[0,0],"12":[0,0],"13":[0,0],"14":[0,0],"15":[0,0],"16":[0,0,0],"17":[0,0],"18":[0,0],"19":[0,0],"20":[0,0],"21":[0,0]}}
,"C:\\Users\\tedhw\\Documents\\dev\\mipa-ted\\src\\utils\\util-responsify-svg.js": {"path":"C:\\Users\\tedhw\\Documents\\dev\\mipa-ted\\src\\utils\\util-responsify-svg.js","statementMap":{"0":{"start":{"line":5,"column":18},"end":{"line":5,"column":50}},"1":{"start":{"line":6,"column":12},"end":{"line":6,"column":40}},"2":{"start":{"line":7,"column":13},"end":{"line":7,"column":42}},"3":{"start":{"line":8,"column":13},"end":{"line":8,"column":27}},"4":{"start":{"line":12,"column":2},"end":{"line":15,"column":18}},"5":{"start":{"line":21,"column":2},"end":{"line":21,"column":65}},"6":{"start":{"line":25,"column":22},"end":{"line":25,"column":56}},"7":{"start":{"line":26,"column":4},"end":{"line":26,"column":35}},"8":{"start":{"line":27,"column":4},"end":{"line":27,"column":57}}},"fnMap":{"0":{"name":"responsify","decl":{"start":{"line":3,"column":16},"end":{"line":3,"column":26}},"loc":{"start":{"line":3,"column":32},"end":{"line":29,"column":1}},"line":3},"1":{"name":"resize","decl":{"start":{"line":24,"column":11},"end":{"line":24,"column":17}},"loc":{"start":{"line":24,"column":20},"end":{"line":28,"column":3}},"line":24}},"branchMap":{},"s":{"0":0,"1":0,"2":0,"3":0,"4":0,"5":0,"6":0,"7":0,"8":0},"f":{"0":0,"1":0},"b":{}}
,"C:\\Users\\tedhw\\Documents\\dev\\mipa-ted\\src\\utils\\util-shards.js": {"path":"C:\\Users\\tedhw\\Documents\\dev\\mipa-ted\\src\\utils\\util-shards.js","statementMap":{"0":{"start":{"line":2,"column":2},"end":{"line":4,"column":4}},"1":{"start":{"line":3,"column":4},"end":{"line":3,"column":25}},"2":{"start":{"line":5,"column":2},"end":{"line":14,"column":4}},"3":{"start":{"line":7,"column":4},"end":{"line":13,"column":5}},"4":{"start":{"line":8,"column":6},"end":{"line":10,"column":15}},"5":{"start":{"line":9,"column":8},"end":{"line":9,"column":21}},"6":{"start":{"line":12,"column":6},"end":{"line":12,"column":63}},"7":{"start":{"line":16,"column":2},"end":{"line":16,"column":34}},"8":{"start":{"line":18,"column":2},"end":{"line":27,"column":3}},"9":{"start":{"line":19,"column":17},"end":{"line":19,"column":48}},"10":{"start":{"line":20,"column":4},"end":{"line":20,"column":36}},"11":{"start":{"line":21,"column":4},"end":{"line":23,"column":5}},"12":{"start":{"line":21,"column":17},"end":{"line":21,"column":18}},"13":{"start":{"line":22,"column":6},"end":{"line":22,"column":45}},"14":{"start":{"line":24,"column":4},"end":{"line":24,"column":18}},"15":{"start":{"line":26,"column":4},"end":{"line":26,"column":18}}},"fnMap":{"0":{"name":"mergeShards","decl":{"start":{"line":1,"column":16},"end":{"line":1,"column":27}},"loc":{"start":{"line":1,"column":50},"end":{"line":28,"column":1}},"line":1},"1":{"name":"(anonymous_1)","decl":{"start":{"line":2,"column":26},"end":{"line":2,"column":27}},"loc":{"start":{"line":2,"column":37},"end":{"line":4,"column":3}},"line":2},"2":{"name":"(anonymous_2)","decl":{"start":{"line":5,"column":27},"end":{"line":5,"column":28}},"loc":{"start":{"line":5,"column":49},"end":{"line":14,"column":3}},"line":5},"3":{"name":"(anonymous_3)","decl":{"start":{"line":8,"column":26},"end":{"line":8,"column":27}},"loc":{"start":{"line":8,"column":38},"end":{"line":10,"column":7}},"line":8}},"branchMap":{"0":{"loc":{"start":{"line":7,"column":4},"end":{"line":13,"column":5}},"type":"if","locations":[{"start":{"line":7,"column":4},"end":{"line":13,"column":5}},{"start":{"line":7,"column":4},"end":{"line":13,"column":5}}],"line":7},"1":{"loc":{"start":{"line":18,"column":2},"end":{"line":27,"column":3}},"type":"if","locations":[{"start":{"line":18,"column":2},"end":{"line":27,"column":3}},{"start":{"line":18,"column":2},"end":{"line":27,"column":3}}],"line":18},"2":{"loc":{"start":{"line":18,"column":6},"end":{"line":18,"column":48}},"type":"binary-expr","locations":[{"start":{"line":18,"column":6},"end":{"line":18,"column":27}},{"start":{"line":18,"column":31},"end":{"line":18,"column":48}}],"line":18}},"s":{"0":0,"1":0,"2":0,"3":0,"4":0,"5":0,"6":0,"7":0,"8":0,"9":0,"10":0,"11":0,"12":0,"13":0,"14":0,"15":0},"f":{"0":0,"1":0,"2":0,"3":0},"b":{"0":[0,0],"1":[0,0],"2":[0,0]}}
,"C:\\Users\\tedhw\\Documents\\dev\\mipa-ted\\src\\utils\\util-show-error-message.js": {"path":"C:\\Users\\tedhw\\Documents\\dev\\mipa-ted\\src\\utils\\util-show-error-message.js","statementMap":{"0":{"start":{"line":4,"column":2},"end":{"line":4,"column":17}},"1":{"start":{"line":5,"column":2},"end":{"line":9,"column":5}}},"fnMap":{"0":{"name":"showErrorMessage","decl":{"start":{"line":3,"column":16},"end":{"line":3,"column":32}},"loc":{"start":{"line":3,"column":76},"end":{"line":10,"column":1}},"line":3}},"branchMap":{"0":{"loc":{"start":{"line":3,"column":59},"end":{"line":3,"column":74}},"type":"default-arg","locations":[{"start":{"line":3,"column":69},"end":{"line":3,"column":74}}],"line":3}},"s":{"0":0,"1":0},"f":{"0":0},"b":{"0":[0]}}
,"C:\\Users\\tedhw\\Documents\\dev\\mipa-ted\\src\\utils\\util-sleep.js": {"path":"C:\\Users\\tedhw\\Documents\\dev\\mipa-ted\\src\\utils\\util-sleep.js","statementMap":{"0":{"start":{"line":2,"column":2},"end":{"line":2,"column":57}},"1":{"start":{"line":2,"column":32},"end":{"line":2,"column":55}}},"fnMap":{"0":{"name":"sleep","decl":{"start":{"line":1,"column":16},"end":{"line":1,"column":21}},"loc":{"start":{"line":1,"column":26},"end":{"line":3,"column":1}},"line":1},"1":{"name":"(anonymous_1)","decl":{"start":{"line":2,"column":21},"end":{"line":2,"column":22}},"loc":{"start":{"line":2,"column":32},"end":{"line":2,"column":55}},"line":2}},"branchMap":{},"s":{"0":0,"1":0},"f":{"0":0,"1":0},"b":{}}
,"C:\\Users\\tedhw\\Documents\\dev\\mipa-ted\\src\\utils\\util-slugify.js": {"path":"C:\\Users\\tedhw\\Documents\\dev\\mipa-ted\\src\\utils\\util-slugify.js","statementMap":{"0":{"start":{"line":3,"column":4},"end":{"line":3,"column":79}},"1":{"start":{"line":5,"column":4},"end":{"line":5,"column":79}},"2":{"start":{"line":6,"column":12},"end":{"line":6,"column":50}},"3":{"start":{"line":8,"column":2},"end":{"line":19,"column":4}},"4":{"start":{"line":13,"column":23},"end":{"line":13,"column":45}}},"fnMap":{"0":{"name":"slugify","decl":{"start":{"line":1,"column":16},"end":{"line":1,"column":23}},"loc":{"start":{"line":1,"column":32},"end":{"line":20,"column":1}},"line":1},"1":{"name":"(anonymous_1)","decl":{"start":{"line":13,"column":18},"end":{"line":13,"column":19}},"loc":{"start":{"line":13,"column":23},"end":{"line":13,"column":45}},"line":13}},"branchMap":{},"s":{"0":0,"1":0,"2":0,"3":0,"4":0},"f":{"0":0,"1":0},"b":{}}
}
