TN:
SF:src\App.vue
FN:15,(anonymous_1)
FNF:1
FNH:0
FNDA:0,(anonymous_1)
DA:8,0
DA:16,0
DA:17,0
LF:3
LH:0
BRF:0
BRH:0
end_of_record
TN:
SF:src\api\idb.js
FN:6,(anonymous_0)
FN:7,(anonymous_1)
FN:14,(anonymous_2)
FN:19,(anonymous_3)
FN:24,(anonymous_4)
FN:32,(anonymous_5)
FN:36,(anonymous_6)
FN:58,(anonymous_7)
FN:61,(anonymous_8)
FN:63,(anonymous_9)
FN:71,(anonymous_10)
FN:74,(anonymous_11)
FN:76,(anonymous_12)
FN:83,(anonymous_13)
FN:93,(anonymous_14)
FN:96,(anonymous_15)
FN:98,(anonymous_16)
FN:105,(anonymous_17)
FN:111,(anonymous_18)
FN:114,(anonymous_19)
FN:116,(anonymous_20)
FN:123,(anonymous_21)
FN:129,(anonymous_22)
FN:133,(anonymous_23)
FN:135,(anonymous_24)
FN:144,(anonymous_25)
FN:147,(anonymous_26)
FN:149,(anonymous_27)
FN:158,(anonymous_28)
FN:161,(anonymous_29)
FN:163,(anonymous_30)
FN:171,(anonymous_31)
FN:174,(anonymous_32)
FN:176,(anonymous_33)
FN:183,(anonymous_34)
FNF:35
FNH:0
FNDA:0,(anonymous_0)
FNDA:0,(anonymous_1)
FNDA:0,(anonymous_2)
FNDA:0,(anonymous_3)
FNDA:0,(anonymous_4)
FNDA:0,(anonymous_5)
FNDA:0,(anonymous_6)
FNDA:0,(anonymous_7)
FNDA:0,(anonymous_8)
FNDA:0,(anonymous_9)
FNDA:0,(anonymous_10)
FNDA:0,(anonymous_11)
FNDA:0,(anonymous_12)
FNDA:0,(anonymous_13)
FNDA:0,(anonymous_14)
FNDA:0,(anonymous_15)
FNDA:0,(anonymous_16)
FNDA:0,(anonymous_17)
FNDA:0,(anonymous_18)
FNDA:0,(anonymous_19)
FNDA:0,(anonymous_20)
FNDA:0,(anonymous_21)
FNDA:0,(anonymous_22)
FNDA:0,(anonymous_23)
FNDA:0,(anonymous_24)
FNDA:0,(anonymous_25)
FNDA:0,(anonymous_26)
FNDA:0,(anonymous_27)
FNDA:0,(anonymous_28)
FNDA:0,(anonymous_29)
FNDA:0,(anonymous_30)
FNDA:0,(anonymous_31)
FNDA:0,(anonymous_32)
FNDA:0,(anonymous_33)
FNDA:0,(anonymous_34)
DA:1,0
DA:2,0
DA:7,0
DA:8,0
DA:9,0
DA:12,0
DA:14,0
DA:15,0
DA:16,0
DA:19,0
DA:20,0
DA:21,0
DA:24,0
DA:25,0
DA:26,0
DA:27,0
DA:28,0
DA:29,0
DA:32,0
DA:34,0
DA:36,0
DA:37,0
DA:40,0
DA:42,0
DA:43,0
DA:48,0
DA:49,0
DA:59,0
DA:61,0
DA:62,0
DA:63,0
DA:64,0
DA:67,0
DA:68,0
DA:72,0
DA:74,0
DA:75,0
DA:76,0
DA:77,0
DA:80,0
DA:81,0
DA:83,0
DA:84,0
DA:85,0
DA:86,0
DA:87,0
DA:94,0
DA:96,0
DA:97,0
DA:98,0
DA:99,0
DA:102,0
DA:103,0
DA:105,0
DA:106,0
DA:112,0
DA:114,0
DA:115,0
DA:116,0
DA:117,0
DA:120,0
DA:121,0
DA:123,0
DA:124,0
DA:131,0
DA:133,0
DA:134,0
DA:135,0
DA:136,0
DA:139,0
DA:140,0
DA:145,0
DA:147,0
DA:148,0
DA:149,0
DA:150,0
DA:153,0
DA:154,0
DA:159,0
DA:161,0
DA:162,0
DA:163,0
DA:164,0
DA:166,0
DA:167,0
DA:172,0
DA:174,0
DA:175,0
DA:176,0
DA:177,0
DA:180,0
DA:181,0
DA:183,0
DA:184,0
LF:94
LH:0
BRDA:8,0,0,0
BRDA:8,0,1,0
BRDA:40,1,0,0
BRDA:40,1,1,0
BRDA:48,2,0,0
BRDA:48,2,1,0
BRDA:85,3,0,0
BRDA:85,3,1,0
BRF:8
BRH:0
end_of_record
TN:
SF:src\boot\firebase.js
FN:41,(anonymous_0)
FNF:1
FNH:0
FNDA:0,(anonymous_0)
DA:5,0
DA:6,0
DA:11,0
DA:21,0
DA:22,0
DA:23,0
DA:26,0
DA:27,0
DA:28,0
DA:37,0
DA:38,0
DA:42,0
DA:43,0
DA:47,0
DA:48,0
DA:58,0
LF:16
LH:0
BRDA:26,0,0,0
BRDA:26,0,1,0
BRDA:37,1,0,0
BRDA:37,1,1,0
BRDA:37,2,0,0
BRDA:37,2,1,0
BRDA:42,3,0,0
BRDA:42,3,1,0
BRDA:47,4,0,0
BRDA:47,4,1,0
BRF:10
BRH:0
end_of_record
TN:
SF:src\boot\i18n.js
FN:13,(anonymous_0)
FNF:1
FNH:0
FNDA:0,(anonymous_0)
DA:5,0
DA:7,0
DA:15,0
LF:3
LH:0
BRF:0
BRH:0
end_of_record
TN:
SF:src\boot\router-auth.js
FN:3,(anonymous_0)
FN:4,(anonymous_1)
FNF:2
FNH:0
FNDA:0,(anonymous_0)
FNDA:0,(anonymous_1)
DA:4,0
DA:5,0
DA:6,0
DA:7,0
DA:9,0
LF:5
LH:0
BRDA:6,0,0,0
BRDA:6,0,1,0
BRDA:6,1,0,0
BRDA:6,1,1,0
BRF:4
BRH:0
end_of_record
TN:
SF:src\components\Actions\ActionSummary.vue
FN:276,(anonymous_1)
FN:340,(anonymous_2)
FN:353,(anonymous_3)
FN:361,(anonymous_4)
FN:362,(anonymous_5)
FN:368,(anonymous_6)
FN:370,(anonymous_7)
FN:409,(anonymous_8)
FN:415,(anonymous_9)
FN:428,(anonymous_10)
FN:441,(anonymous_11)
FN:455,(anonymous_12)
FN:496,(anonymous_13)
FN:511,(anonymous_14)
FN:516,(anonymous_15)
FN:520,(anonymous_16)
FN:521,(anonymous_17)
FN:525,(anonymous_18)
FN:526,(anonymous_19)
FN:532,(anonymous_20)
FN:533,(anonymous_21)
FN:538,(anonymous_22)
FN:547,(anonymous_23)
FN:550,(anonymous_24)
FN:553,(anonymous_25)
FN:560,(anonymous_26)
FN:594,(anonymous_27)
FNF:27
FNH:0
FNDA:0,(anonymous_1)
FNDA:0,(anonymous_2)
FNDA:0,(anonymous_3)
FNDA:0,(anonymous_4)
FNDA:0,(anonymous_5)
FNDA:0,(anonymous_6)
FNDA:0,(anonymous_7)
FNDA:0,(anonymous_8)
FNDA:0,(anonymous_9)
FNDA:0,(anonymous_10)
FNDA:0,(anonymous_11)
FNDA:0,(anonymous_12)
FNDA:0,(anonymous_13)
FNDA:0,(anonymous_14)
FNDA:0,(anonymous_15)
FNDA:0,(anonymous_16)
FNDA:0,(anonymous_17)
FNDA:0,(anonymous_18)
FNDA:0,(anonymous_19)
FNDA:0,(anonymous_20)
FNDA:0,(anonymous_21)
FNDA:0,(anonymous_22)
FNDA:0,(anonymous_23)
FNDA:0,(anonymous_24)
FNDA:0,(anonymous_25)
FNDA:0,(anonymous_26)
FNDA:0,(anonymous_27)
DA:250,0
DA:251,0
DA:252,0
DA:253,0
DA:254,0
DA:255,0
DA:256,0
DA:258,0
DA:277,0
DA:341,0
DA:342,0
DA:343,0
DA:344,0
DA:345,0
DA:346,0
DA:347,0
DA:349,0
DA:351,0
DA:353,0
DA:354,0
DA:357,0
DA:362,0
DA:369,0
DA:370,0
DA:374,0
DA:375,0
DA:377,0
DA:384,0
DA:386,0
DA:389,0
DA:391,0
DA:393,0
DA:401,0
DA:410,0
DA:411,0
DA:412,0
DA:417,0
DA:418,0
DA:428,0
DA:432,0
DA:433,0
DA:437,0
DA:438,0
DA:445,0
DA:450,0
DA:451,0
DA:452,0
DA:453,0
DA:455,0
DA:456,0
DA:457,0
DA:458,0
DA:469,0
DA:471,0
DA:472,0
DA:474,0
DA:475,0
DA:482,0
DA:483,0
DA:493,0
DA:497,0
DA:499,0
DA:500,0
DA:502,0
DA:503,0
DA:504,0
DA:505,0
DA:508,0
DA:509,0
DA:511,0
DA:512,0
DA:516,0
DA:521,0
DA:522,0
DA:526,0
DA:527,0
DA:532,0
DA:533,0
DA:534,0
DA:538,0
DA:540,0
DA:541,0
DA:542,0
DA:543,0
DA:548,0
DA:551,0
DA:554,0
DA:557,0
DA:560,0
DA:563,0
DA:564,0
DA:568,0
DA:572,0
DA:573,0
DA:574,0
DA:575,0
DA:576,0
DA:578,0
DA:583,0
DA:584,0
DA:595,0
DA:596,0
DA:597,0
DA:598,0
DA:599,0
DA:600,0
DA:601,0
LF:107
LH:0
BRDA:342,0,0,0
BRDA:342,0,1,0
BRDA:345,1,0,0
BRDA:345,1,1,0
BRDA:351,2,0,0
BRDA:351,2,1,0
BRDA:369,3,0,0
BRDA:369,3,1,0
BRDA:375,4,0,0
BRDA:375,4,1,0
BRDA:377,5,0,0
BRDA:377,5,1,0
BRDA:386,6,0,0
BRDA:386,6,1,0
BRDA:389,7,0,0
BRDA:389,7,1,0
BRDA:411,8,0,0
BRDA:411,8,1,0
BRDA:445,9,0,0
BRDA:445,9,1,0
BRDA:445,10,0,0
BRDA:445,10,1,0
BRDA:445,10,2,0
BRDA:456,11,0,0
BRDA:456,11,1,0
BRDA:474,12,0,0
BRDA:474,12,1,0
BRDA:497,13,0,0
BRDA:497,13,1,0
BRDA:522,14,0,0
BRDA:522,14,1,0
BRDA:527,15,0,0
BRDA:527,15,1,0
BRDA:554,16,0,0
BRDA:554,16,1,0
BRDA:554,17,0,0
BRDA:554,17,1,0
BRDA:554,17,2,0
BRDA:575,18,0,0
BRDA:575,18,1,0
BRDA:583,19,0,0
BRDA:583,19,1,0
BRDA:595,20,0,0
BRDA:595,20,1,0
BRF:44
BRH:0
end_of_record
TN:
SF:src\components\Actions\ActionsChart.vue
FN:34,(anonymous_1)
FN:48,(anonymous_2)
FN:152,(anonymous_3)
FN:153,(anonymous_4)
FN:171,(anonymous_6)
FN:176,(anonymous_7)
FN:187,(anonymous_8)
FN:192,(anonymous_9)
FN:196,(anonymous_10)
FN:198,(anonymous_11)
FN:213,(anonymous_12)
FN:225,(anonymous_13)
FN:253,(anonymous_14)
FN:254,(anonymous_15)
FN:316,(anonymous_16)
FN:321,(anonymous_17)
FN:327,(anonymous_18)
FN:333,(anonymous_19)
FN:339,(anonymous_20)
FN:345,(anonymous_21)
FN:380,(anonymous_22)
FN:395,(anonymous_23)
FN:420,(anonymous_24)
FN:428,(anonymous_25)
FN:433,(anonymous_26)
FN:442,(anonymous_27)
FN:450,(anonymous_28)
FN:453,(anonymous_29)
FN:456,(anonymous_30)
FN:459,(anonymous_31)
FN:462,(anonymous_32)
FN:471,(anonymous_33)
FN:497,(anonymous_37)
FN:500,(anonymous_38)
FNF:34
FNH:0
FNDA:0,(anonymous_1)
FNDA:0,(anonymous_2)
FNDA:0,(anonymous_3)
FNDA:0,(anonymous_4)
FNDA:0,(anonymous_6)
FNDA:0,(anonymous_7)
FNDA:0,(anonymous_8)
FNDA:0,(anonymous_9)
FNDA:0,(anonymous_10)
FNDA:0,(anonymous_11)
FNDA:0,(anonymous_12)
FNDA:0,(anonymous_13)
FNDA:0,(anonymous_14)
FNDA:0,(anonymous_15)
FNDA:0,(anonymous_16)
FNDA:0,(anonymous_17)
FNDA:0,(anonymous_18)
FNDA:0,(anonymous_19)
FNDA:0,(anonymous_20)
FNDA:0,(anonymous_21)
FNDA:0,(anonymous_22)
FNDA:0,(anonymous_23)
FNDA:0,(anonymous_24)
FNDA:0,(anonymous_25)
FNDA:0,(anonymous_26)
FNDA:0,(anonymous_27)
FNDA:0,(anonymous_28)
FNDA:0,(anonymous_29)
FNDA:0,(anonymous_30)
FNDA:0,(anonymous_31)
FNDA:0,(anonymous_32)
FNDA:0,(anonymous_33)
FNDA:0,(anonymous_37)
FNDA:0,(anonymous_38)
DA:11,0
DA:12,0
DA:13,0
DA:14,0
DA:15,0
DA:17,0
DA:23,0
DA:35,0
DA:50,0
DA:62,0
DA:64,0
DA:81,0
DA:90,0
DA:96,0
DA:104,0
DA:111,0
DA:118,0
DA:126,0
DA:133,0
DA:136,0
DA:153,0
DA:162,0
DA:163,0
DA:172,0
DA:174,0
DA:175,0
DA:185,0
DA:186,0
DA:187,0
DA:190,0
DA:191,0
DA:192,0
DA:197,0
DA:198,0
DA:199,0
DA:200,0
DA:201,0
DA:204,0
DA:208,0
DA:210,0
DA:214,0
DA:215,0
DA:217,0
DA:218,0
DA:220,0
DA:221,0
DA:223,0
DA:225,0
DA:226,0
DA:227,0
DA:236,0
DA:244,0
DA:250,0
DA:251,0
DA:254,0
DA:255,0
DA:264,0
DA:267,0
DA:284,0
DA:285,0
DA:286,0
DA:287,0
DA:288,0
DA:292,0
DA:293,0
DA:294,0
DA:295,0
DA:298,0
DA:299,0
DA:300,0
DA:301,0
DA:302,0
DA:303,0
DA:317,0
DA:319,0
DA:321,0
DA:324,0
DA:327,0
DA:330,0
DA:333,0
DA:336,0
DA:339,0
DA:342,0
DA:345,0
DA:348,0
DA:352,0
DA:359,0
DA:368,0
DA:369,0
DA:372,0
DA:380,0
DA:381,0
DA:389,0
DA:392,0
DA:395,0
DA:408,0
DA:420,0
DA:421,0
DA:422,0
DA:428,0
DA:429,0
DA:433,0
DA:434,0
DA:441,0
DA:442,0
DA:449,0
DA:452,0
DA:455,0
DA:458,0
DA:461,0
DA:467,0
DA:470,0
DA:471,0
DA:493,0
DA:498,0
DA:499,0
DA:500,0
LF:117
LH:0
BRDA:153,0,0,0
BRDA:153,0,1,0
BRDA:153,1,0,0
BRDA:153,1,1,0
BRDA:153,1,2,0
BRDA:174,2,0,0
BRDA:174,2,1,0
BRDA:201,3,0,0
BRDA:201,3,1,0
BRDA:204,4,0,0
BRDA:204,4,1,0
BRDA:216,5,0,0
BRDA:216,5,1,0
BRDA:216,5,2,0
BRDA:226,6,0,0
BRDA:226,6,1,0
BRDA:288,7,0,0
BRDA:288,7,1,0
BRDA:288,8,0,0
BRDA:288,8,1,0
BRDA:317,9,0,0
BRDA:317,9,1,0
BRDA:395,10,0,0
BRDA:395,10,1,0
BRF:24
BRH:0
end_of_record
TN:
SF:src\components\Actions\ActionsList.vue
FN:46,getRelationshipsDisplay
FN:63,(anonymous_2)
FN:84,(anonymous_3)
FN:92,(anonymous_4)
FN:101,(anonymous_5)
FN:103,(anonymous_6)
FN:111,(anonymous_7)
FN:126,(anonymous_8)
FN:134,(anonymous_9)
FN:142,(anonymous_10)
FN:150,(anonymous_11)
FN:159,(anonymous_12)
FN:168,(anonymous_13)
FN:178,(anonymous_14)
FN:195,(anonymous_15)
FN:202,(anonymous_16)
FN:215,(anonymous_17)
FN:217,(anonymous_18)
FN:234,(anonymous_19)
FN:236,(anonymous_20)
FNF:20
FNH:0
FNDA:0,getRelationshipsDisplay
FNDA:0,(anonymous_2)
FNDA:0,(anonymous_3)
FNDA:0,(anonymous_4)
FNDA:0,(anonymous_5)
FNDA:0,(anonymous_6)
FNDA:0,(anonymous_7)
FNDA:0,(anonymous_8)
FNDA:0,(anonymous_9)
FNDA:0,(anonymous_10)
FNDA:0,(anonymous_11)
FNDA:0,(anonymous_12)
FNDA:0,(anonymous_13)
FNDA:0,(anonymous_14)
FNDA:0,(anonymous_15)
FNDA:0,(anonymous_16)
FNDA:0,(anonymous_17)
FNDA:0,(anonymous_18)
FNDA:0,(anonymous_19)
FNDA:0,(anonymous_20)
DA:42,0
DA:43,0
DA:44,0
DA:47,0
DA:48,0
DA:49,0
DA:51,0
DA:53,0
DA:55,0
DA:64,0
DA:85,0
DA:92,0
DA:101,0
DA:103,0
DA:111,0
DA:126,0
DA:134,0
DA:142,0
DA:150,0
DA:159,0
DA:168,0
DA:178,0
DA:189,0
DA:197,0
DA:198,0
DA:200,0
DA:201,0
DA:210,0
DA:212,0
DA:216,0
DA:217,0
DA:218,0
DA:220,0
DA:221,0
DA:223,0
DA:224,0
DA:225,0
DA:230,0
DA:235,0
DA:236,0
DA:237,0
DA:238,0
DA:242,0
LF:43
LH:0
BRDA:48,0,0,0
BRDA:48,0,1,0
BRDA:49,1,0,0
BRDA:49,1,1,0
BRDA:51,2,0,0
BRDA:51,2,1,0
BRDA:53,3,0,0
BRDA:53,3,1,0
BRDA:168,4,0,0
BRDA:168,4,1,0
BRDA:197,5,0,0
BRDA:197,5,1,0
BRDA:200,6,0,0
BRDA:200,6,1,0
BRDA:220,7,0,0
BRDA:220,7,1,0
BRF:16
BRH:0
end_of_record
TN:
SF:src\components\Actions\UnprioritizedActionsList.vue
FN:62,(anonymous_1)
FN:79,(anonymous_2)
FN:99,(anonymous_3)
FN:104,(anonymous_4)
FN:106,(anonymous_5)
FN:123,(anonymous_6)
FN:125,(anonymous_7)
FNF:7
FNH:0
FNDA:0,(anonymous_1)
FNDA:0,(anonymous_2)
FNDA:0,(anonymous_3)
FNDA:0,(anonymous_4)
FNDA:0,(anonymous_5)
FNDA:0,(anonymous_6)
FNDA:0,(anonymous_7)
DA:56,0
DA:57,0
DA:63,0
DA:79,0
DA:100,0
DA:101,0
DA:105,0
DA:106,0
DA:107,0
DA:109,0
DA:110,0
DA:112,0
DA:113,0
DA:114,0
DA:119,0
DA:124,0
DA:125,0
DA:126,0
DA:127,0
DA:131,0
LF:20
LH:0
BRDA:109,0,0,0
BRDA:109,0,1,0
BRF:2
BRH:0
end_of_record
TN:
SF:src\components\Actions\Modals\AddAction.vue
FN:18,(anonymous_1)
FN:44,(anonymous_2)
FN:49,(anonymous_3)
FNF:3
FNH:0
FNDA:0,(anonymous_1)
FNDA:0,(anonymous_2)
FNDA:0,(anonymous_3)
DA:15,0
DA:19,0
DA:45,0
DA:46,0
DA:50,0
DA:51,0
DA:52,0
LF:7
LH:0
BRDA:51,0,0,0
BRDA:51,0,1,0
BRF:2
BRH:0
end_of_record
TN:
SF:src\components\Actions\Modals\Shared\ModalActionTitle.vue
FNF:0
FNH:0
DA:19,0
LF:1
LH:0
BRF:0
BRH:0
end_of_record
TN:
SF:src\components\Actions\Relationships\ActionRelationships.vue
FN:186,(anonymous_1)
FN:210,(anonymous_2)
FN:211,(anonymous_3)
FN:225,(anonymous_4)
FN:229,(anonymous_5)
FN:234,(anonymous_6)
FN:242,(anonymous_7)
FN:246,(anonymous_8)
FN:247,(anonymous_9)
FN:251,(anonymous_10)
FN:254,(anonymous_11)
FN:297,(anonymous_12)
FNF:12
FNH:0
FNDA:0,(anonymous_1)
FNDA:0,(anonymous_2)
FNDA:0,(anonymous_3)
FNDA:0,(anonymous_4)
FNDA:0,(anonymous_5)
FNDA:0,(anonymous_6)
FNDA:0,(anonymous_7)
FNDA:0,(anonymous_8)
FNDA:0,(anonymous_9)
FNDA:0,(anonymous_10)
FNDA:0,(anonymous_11)
FNDA:0,(anonymous_12)
DA:170,0
DA:171,0
DA:173,0
DA:187,0
DA:211,0
DA:212,0
DA:229,0
DA:230,0
DA:231,0
DA:233,0
DA:234,0
DA:247,0
DA:248,0
DA:252,0
DA:253,0
DA:261,0
DA:263,0
DA:268,0
DA:270,0
DA:275,0
DA:277,0
DA:282,0
DA:284,0
DA:289,0
DA:291,0
DA:301,0
LF:26
LH:0
BRDA:230,0,0,0
BRDA:230,0,1,0
BRDA:262,1,0,0
BRDA:262,1,1,0
BRDA:262,1,2,0
BRDA:262,1,3,0
BRDA:262,1,4,0
BRF:7
BRH:0
end_of_record
TN:
SF:src\components\Actions\Relationships\AddActionRelationship.vue
FN:46,(anonymous_1)
FN:139,(anonymous_2)
FN:150,(anonymous_3)
FN:153,(anonymous_4)
FN:154,(anonymous_5)
FN:158,(anonymous_6)
FN:168,(anonymous_7)
FN:180,(anonymous_8)
FN:184,(anonymous_9)
FN:189,(anonymous_10)
FN:197,(anonymous_11)
FN:201,(anonymous_12)
FN:202,(anonymous_13)
FN:206,(anonymous_14)
FNF:14
FNH:0
FNDA:0,(anonymous_1)
FNDA:0,(anonymous_2)
FNDA:0,(anonymous_3)
FNDA:0,(anonymous_4)
FNDA:0,(anonymous_5)
FNDA:0,(anonymous_6)
FNDA:0,(anonymous_7)
FNDA:0,(anonymous_8)
FNDA:0,(anonymous_9)
FNDA:0,(anonymous_10)
FNDA:0,(anonymous_11)
FNDA:0,(anonymous_12)
FNDA:0,(anonymous_13)
FNDA:0,(anonymous_14)
DA:34,0
DA:47,0
DA:143,0
DA:145,0
DA:146,0
DA:154,0
DA:155,0
DA:159,0
DA:160,0
DA:161,0
DA:166,0
DA:169,0
DA:170,0
DA:174,0
DA:184,0
DA:185,0
DA:186,0
DA:188,0
DA:189,0
DA:202,0
DA:203,0
DA:208,0
DA:218,0
DA:219,0
DA:221,0
DA:222,0
DA:223,0
DA:224,0
DA:225,0
DA:227,0
DA:229,0
LF:31
LH:0
BRDA:145,0,0,0
BRDA:145,0,1,0
BRDA:160,1,0,0
BRDA:160,1,1,0
BRDA:169,2,0,0
BRDA:169,2,1,0
BRDA:170,3,0,0
BRDA:170,3,1,0
BRDA:185,4,0,0
BRDA:185,4,1,0
BRDA:208,5,0,0
BRDA:208,5,1,0
BRDA:210,6,0,0
BRDA:210,6,1,0
BRDA:210,6,2,0
BRDA:210,6,3,0
BRDA:210,6,4,0
BRDA:210,6,5,0
BRDA:210,6,6,0
BRDA:210,6,7,0
BRDA:223,7,0,0
BRDA:223,7,1,0
BRF:22
BRH:0
end_of_record
TN:
SF:src\components\Auth\LoginRegister.vue
FN:49,(anonymous_1)
FN:59,(anonymous_2)
FN:63,(anonymous_3)
FN:76,(anonymous_4)
FNF:4
FNH:0
FNDA:0,(anonymous_1)
FNDA:0,(anonymous_2)
FNDA:0,(anonymous_3)
FNDA:0,(anonymous_4)
DA:45,0
DA:50,0
DA:60,0
DA:61,0
DA:64,0
DA:65,0
DA:66,0
DA:67,0
DA:68,0
DA:70,0
DA:77,0
LF:11
LH:0
BRDA:66,0,0,0
BRDA:66,0,1,0
BRDA:66,1,0,0
BRDA:66,1,1,0
BRDA:67,2,0,0
BRDA:67,2,1,0
BRF:6
BRH:0
end_of_record
TN:
SF:src\components\Calc\CalculatorUi.vue
FN:25,(anonymous_1)
FN:41,(anonymous_2)
FN:44,(anonymous_3)
FN:74,(anonymous_4)
FN:75,(anonymous_5)
FN:76,(anonymous_6)
FNF:6
FNH:0
FNDA:0,(anonymous_1)
FNDA:0,(anonymous_2)
FNDA:0,(anonymous_3)
FNDA:0,(anonymous_4)
FNDA:0,(anonymous_5)
FNDA:0,(anonymous_6)
DA:20,0
DA:26,0
DA:45,0
DA:48,0
DA:56,0
DA:58,0
DA:59,0
DA:61,0
DA:62,0
DA:63,0
DA:65,0
DA:66,0
DA:67,0
DA:69,0
DA:71,0
LF:15
LH:0
BRDA:45,0,0,0
BRDA:45,0,1,0
BRDA:57,1,0,0
BRDA:57,1,1,0
BRDA:57,1,2,0
BRDA:57,1,3,0
BRF:6
BRH:0
end_of_record
TN:
SF:src\components\Impacts\AddEditImpact.vue
FN:120,(anonymous_1)
FN:215,(anonymous_2)
FN:226,(anonymous_3)
FN:229,(anonymous_4)
FN:230,(anonymous_5)
FN:234,(anonymous_6)
FN:244,(anonymous_7)
FN:256,(anonymous_8)
FN:260,(anonymous_9)
FN:265,(anonymous_10)
FN:273,(anonymous_11)
FN:277,(anonymous_12)
FN:278,(anonymous_13)
FN:282,(anonymous_14)
FNF:14
FNH:0
FNDA:0,(anonymous_1)
FNDA:0,(anonymous_2)
FNDA:0,(anonymous_3)
FNDA:0,(anonymous_4)
FNDA:0,(anonymous_5)
FNDA:0,(anonymous_6)
FNDA:0,(anonymous_7)
FNDA:0,(anonymous_8)
FNDA:0,(anonymous_9)
FNDA:0,(anonymous_10)
FNDA:0,(anonymous_11)
FNDA:0,(anonymous_12)
FNDA:0,(anonymous_13)
FNDA:0,(anonymous_14)
DA:108,0
DA:121,0
DA:219,0
DA:221,0
DA:222,0
DA:230,0
DA:231,0
DA:235,0
DA:236,0
DA:237,0
DA:242,0
DA:245,0
DA:246,0
DA:250,0
DA:260,0
DA:261,0
DA:262,0
DA:264,0
DA:265,0
DA:278,0
DA:279,0
DA:284,0
DA:294,0
DA:295,0
DA:297,0
DA:298,0
DA:299,0
DA:300,0
DA:301,0
DA:303,0
DA:305,0
LF:31
LH:0
BRDA:221,0,0,0
BRDA:221,0,1,0
BRDA:236,1,0,0
BRDA:236,1,1,0
BRDA:245,2,0,0
BRDA:245,2,1,0
BRDA:246,3,0,0
BRDA:246,3,1,0
BRDA:261,4,0,0
BRDA:261,4,1,0
BRDA:279,5,0,0
BRDA:279,5,1,0
BRDA:284,6,0,0
BRDA:284,6,1,0
BRDA:286,7,0,0
BRDA:286,7,1,0
BRDA:286,7,2,0
BRDA:286,7,3,0
BRDA:286,7,4,0
BRDA:286,7,5,0
BRDA:286,7,6,0
BRDA:286,7,7,0
BRDA:299,8,0,0
BRDA:299,8,1,0
BRF:24
BRH:0
end_of_record
TN:
SF:src\components\Impacts\Impacts.vue
FN:96,(anonymous_1)
FN:130,(anonymous_2)
FN:131,(anonymous_3)
FN:140,(anonymous_4)
FN:150,(anonymous_5)
FN:151,(anonymous_6)
FN:156,(anonymous_7)
FN:158,(anonymous_8)
FNF:8
FNH:0
FNDA:0,(anonymous_1)
FNDA:0,(anonymous_2)
FNDA:0,(anonymous_3)
FNDA:0,(anonymous_4)
FNDA:0,(anonymous_5)
FNDA:0,(anonymous_6)
FNDA:0,(anonymous_7)
FNDA:0,(anonymous_8)
DA:83,0
DA:84,0
DA:86,0
DA:97,0
DA:131,0
DA:141,0
DA:143,0
DA:144,0
DA:146,0
DA:147,0
DA:151,0
DA:152,0
DA:157,0
DA:165,0
LF:14
LH:0
BRDA:131,0,0,0
BRDA:131,0,1,0
BRDA:142,1,0,0
BRDA:142,1,1,0
BRDA:152,2,0,0
BRDA:152,2,1,0
BRF:6
BRH:0
end_of_record
TN:
SF:src\components\Impacts\SimpleCostsAndImpacts.vue
FN:85,(anonymous_1)
FN:118,(anonymous_2)
FN:128,(anonymous_3)
FN:129,(anonymous_4)
FN:134,(anonymous_5)
FN:135,(anonymous_6)
FNF:6
FNH:0
FNDA:0,(anonymous_1)
FNDA:0,(anonymous_2)
FNDA:0,(anonymous_3)
FNDA:0,(anonymous_4)
FNDA:0,(anonymous_5)
FNDA:0,(anonymous_6)
DA:69,0
DA:70,0
DA:71,0
DA:73,0
DA:86,0
DA:119,0
DA:121,0
DA:122,0
DA:124,0
DA:125,0
DA:129,0
DA:130,0
DA:135,0
DA:136,0
LF:14
LH:0
BRDA:120,0,0,0
BRDA:120,0,1,0
BRDA:130,1,0,0
BRDA:130,1,1,0
BRF:4
BRH:0
end_of_record
TN:
SF:src\components\Model\DependencyGraph.vue
FN:70,(anonymous_1)
FN:143,(anonymous_2)
FN:146,(anonymous_3)
FN:150,(anonymous_4)
FN:152,(anonymous_5)
FN:157,(anonymous_6)
FN:162,(anonymous_7)
FN:167,(anonymous_8)
FN:168,(anonymous_9)
FN:191,(anonymous_10)
FN:230,(anonymous_11)
FN:240,(anonymous_12)
FN:243,(anonymous_13)
FN:258,(anonymous_14)
FN:266,(anonymous_15)
FN:275,(anonymous_16)
FN:288,(anonymous_17)
FN:292,(anonymous_18)
FN:314,(anonymous_19)
FN:318,(anonymous_20)
FN:343,(anonymous_21)
FN:351,(anonymous_22)
FN:352,(anonymous_23)
FN:355,(anonymous_24)
FN:365,(anonymous_25)
FN:380,(anonymous_26)
FN:383,(anonymous_27)
FN:392,(anonymous_28)
FN:401,(anonymous_29)
FN:413,(anonymous_30)
FN:422,(anonymous_31)
FN:444,(anonymous_32)
FN:449,(anonymous_33)
FN:454,(anonymous_34)
FN:455,(anonymous_35)
FN:478,(anonymous_36)
FN:480,(anonymous_37)
FN:492,(anonymous_38)
FN:506,(anonymous_39)
FN:513,(anonymous_40)
FN:517,(anonymous_41)
FN:552,(anonymous_42)
FN:564,(anonymous_43)
FN:570,(anonymous_44)
FN:573,(anonymous_45)
FN:594,(anonymous_46)
FN:609,(anonymous_47)
FN:631,(anonymous_48)
FN:654,(anonymous_49)
FN:675,(anonymous_51)
FN:686,(anonymous_52)
FN:700,composeNodeContextMenuItems
FN:708,(anonymous_54)
FN:731,(anonymous_55)
FN:739,(anonymous_56)
FN:747,(anonymous_57)
FN:756,(anonymous_58)
FN:766,(anonymous_59)
FN:775,(anonymous_60)
FN:776,(anonymous_62)
FN:795,(anonymous_64)
FN:808,(anonymous_67)
FN:819,(anonymous_70)
FN:829,(anonymous_73)
FN:842,(anonymous_76)
FN:885,(anonymous_80)
FN:891,(anonymous_81)
FN:911,(anonymous_82)
FN:933,(anonymous_83)
FN:950,(anonymous_84)
FN:960,(anonymous_85)
FN:981,(anonymous_86)
FN:985,(anonymous_87)
FN:993,(anonymous_88)
FN:998,(anonymous_89)
FN:1009,(anonymous_90)
FN:1018,(anonymous_91)
FN:1033,(anonymous_92)
FN:1037,(anonymous_93)
FN:1041,(anonymous_94)
FN:1043,(anonymous_95)
FN:1056,(anonymous_96)
FN:1060,(anonymous_97)
FN:1064,(anonymous_98)
FN:1078,(anonymous_99)
FN:1083,(anonymous_100)
FN:1090,(anonymous_101)
FN:1108,(anonymous_102)
FN:1133,menu
FN:1139,(anonymous_104)
FN:1150,(anonymous_105)
FN:1155,(anonymous_106)
FN:1160,(anonymous_107)
FN:1168,(anonymous_108)
FN:1172,(anonymous_109)
FN:1182,(anonymous_110)
FN:1187,(anonymous_111)
FN:1195,scaleItems
FN:1198,(anonymous_113)
FN:1210,(anonymous_114)
FN:1216,(anonymous_115)
FN:1223,(anonymous_116)
FN:1236,(anonymous_117)
FN:1237,(anonymous_118)
FN:1283,(anonymous_119)
FN:1294,(anonymous_120)
FN:1302,(anonymous_121)
FN:1309,(anonymous_122)
FN:1311,(anonymous_123)
FN:1323,(anonymous_124)
FN:1335,(anonymous_125)
FN:1338,(anonymous_126)
FN:1343,(anonymous_127)
FN:1353,(anonymous_128)
FNF:114
FNH:0
FNDA:0,(anonymous_1)
FNDA:0,(anonymous_2)
FNDA:0,(anonymous_3)
FNDA:0,(anonymous_4)
FNDA:0,(anonymous_5)
FNDA:0,(anonymous_6)
FNDA:0,(anonymous_7)
FNDA:0,(anonymous_8)
FNDA:0,(anonymous_9)
FNDA:0,(anonymous_10)
FNDA:0,(anonymous_11)
FNDA:0,(anonymous_12)
FNDA:0,(anonymous_13)
FNDA:0,(anonymous_14)
FNDA:0,(anonymous_15)
FNDA:0,(anonymous_16)
FNDA:0,(anonymous_17)
FNDA:0,(anonymous_18)
FNDA:0,(anonymous_19)
FNDA:0,(anonymous_20)
FNDA:0,(anonymous_21)
FNDA:0,(anonymous_22)
FNDA:0,(anonymous_23)
FNDA:0,(anonymous_24)
FNDA:0,(anonymous_25)
FNDA:0,(anonymous_26)
FNDA:0,(anonymous_27)
FNDA:0,(anonymous_28)
FNDA:0,(anonymous_29)
FNDA:0,(anonymous_30)
FNDA:0,(anonymous_31)
FNDA:0,(anonymous_32)
FNDA:0,(anonymous_33)
FNDA:0,(anonymous_34)
FNDA:0,(anonymous_35)
FNDA:0,(anonymous_36)
FNDA:0,(anonymous_37)
FNDA:0,(anonymous_38)
FNDA:0,(anonymous_39)
FNDA:0,(anonymous_40)
FNDA:0,(anonymous_41)
FNDA:0,(anonymous_42)
FNDA:0,(anonymous_43)
FNDA:0,(anonymous_44)
FNDA:0,(anonymous_45)
FNDA:0,(anonymous_46)
FNDA:0,(anonymous_47)
FNDA:0,(anonymous_48)
FNDA:0,(anonymous_49)
FNDA:0,(anonymous_51)
FNDA:0,(anonymous_52)
FNDA:0,composeNodeContextMenuItems
FNDA:0,(anonymous_54)
FNDA:0,(anonymous_55)
FNDA:0,(anonymous_56)
FNDA:0,(anonymous_57)
FNDA:0,(anonymous_58)
FNDA:0,(anonymous_59)
FNDA:0,(anonymous_60)
FNDA:0,(anonymous_62)
FNDA:0,(anonymous_64)
FNDA:0,(anonymous_67)
FNDA:0,(anonymous_70)
FNDA:0,(anonymous_73)
FNDA:0,(anonymous_76)
FNDA:0,(anonymous_80)
FNDA:0,(anonymous_81)
FNDA:0,(anonymous_82)
FNDA:0,(anonymous_83)
FNDA:0,(anonymous_84)
FNDA:0,(anonymous_85)
FNDA:0,(anonymous_86)
FNDA:0,(anonymous_87)
FNDA:0,(anonymous_88)
FNDA:0,(anonymous_89)
FNDA:0,(anonymous_90)
FNDA:0,(anonymous_91)
FNDA:0,(anonymous_92)
FNDA:0,(anonymous_93)
FNDA:0,(anonymous_94)
FNDA:0,(anonymous_95)
FNDA:0,(anonymous_96)
FNDA:0,(anonymous_97)
FNDA:0,(anonymous_98)
FNDA:0,(anonymous_99)
FNDA:0,(anonymous_100)
FNDA:0,(anonymous_101)
FNDA:0,(anonymous_102)
FNDA:0,menu
FNDA:0,(anonymous_104)
FNDA:0,(anonymous_105)
FNDA:0,(anonymous_106)
FNDA:0,(anonymous_107)
FNDA:0,(anonymous_108)
FNDA:0,(anonymous_109)
FNDA:0,(anonymous_110)
FNDA:0,(anonymous_111)
FNDA:0,scaleItems
FNDA:0,(anonymous_113)
FNDA:0,(anonymous_114)
FNDA:0,(anonymous_115)
FNDA:0,(anonymous_116)
FNDA:0,(anonymous_117)
FNDA:0,(anonymous_118)
FNDA:0,(anonymous_119)
FNDA:0,(anonymous_120)
FNDA:0,(anonymous_121)
FNDA:0,(anonymous_122)
FNDA:0,(anonymous_123)
FNDA:0,(anonymous_124)
FNDA:0,(anonymous_125)
FNDA:0,(anonymous_126)
FNDA:0,(anonymous_127)
FNDA:0,(anonymous_128)
DA:42,0
DA:43,0
DA:44,0
DA:45,0
DA:46,0
DA:47,0
DA:48,0
DA:49,0
DA:50,0
DA:57,0
DA:58,0
DA:59,0
DA:71,0
DA:144,0
DA:147,0
DA:151,0
DA:152,0
DA:153,0
DA:158,0
DA:163,0
DA:168,0
DA:173,0
DA:188,0
DA:193,0
DA:196,0
DA:198,0
DA:204,0
DA:223,0
DA:227,0
DA:230,0
DA:231,0
DA:234,0
DA:235,0
DA:237,0
DA:259,0
DA:261,0
DA:262,0
DA:266,0
DA:270,0
DA:275,0
DA:278,0
DA:288,0
DA:289,0
DA:292,0
DA:293,0
DA:294,0
DA:306,0
DA:307,0
DA:308,0
DA:309,0
DA:310,0
DA:315,0
DA:316,0
DA:317,0
DA:318,0
DA:319,0
DA:320,0
DA:321,0
DA:322,0
DA:323,0
DA:329,0
DA:330,0
DA:336,0
DA:337,0
DA:338,0
DA:339,0
DA:344,0
DA:347,0
DA:348,0
DA:351,0
DA:352,0
DA:355,0
DA:365,0
DA:366,0
DA:370,0
DA:380,0
DA:383,0
DA:384,0
DA:385,0
DA:386,0
DA:391,0
DA:392,0
DA:393,0
DA:394,0
DA:395,0
DA:396,0
DA:401,0
DA:406,0
DA:407,0
DA:408,0
DA:410,0
DA:413,0
DA:414,0
DA:422,0
DA:423,0
DA:427,0
DA:428,0
DA:429,0
DA:431,0
DA:435,0
DA:436,0
DA:437,0
DA:443,0
DA:444,0
DA:449,0
DA:453,0
DA:454,0
DA:455,0
DA:456,0
DA:458,0
DA:463,0
DA:468,0
DA:469,0
DA:476,0
DA:477,0
DA:478,0
DA:480,0
DA:481,0
DA:482,0
DA:483,0
DA:490,0
DA:493,0
DA:495,0
DA:496,0
DA:497,0
DA:498,0
DA:499,0
DA:500,0
DA:502,0
DA:503,0
DA:505,0
DA:506,0
DA:507,0
DA:509,0
DA:511,0
DA:513,0
DA:515,0
DA:517,0
DA:522,0
DA:524,0
DA:525,0
DA:526,0
DA:528,0
DA:529,0
DA:530,0
DA:532,0
DA:533,0
DA:534,0
DA:536,0
DA:537,0
DA:538,0
DA:540,0
DA:541,0
DA:542,0
DA:545,0
DA:546,0
DA:550,0
DA:551,0
DA:552,0
DA:553,0
DA:555,0
DA:556,0
DA:563,0
DA:564,0
DA:565,0
DA:568,0
DA:570,0
DA:571,0
DA:573,0
DA:583,0
DA:586,0
DA:587,0
DA:588,0
DA:592,0
DA:593,0
DA:594,0
DA:596,0
DA:598,0
DA:599,0
DA:602,0
DA:603,0
DA:605,0
DA:606,0
DA:610,0
DA:614,0
DA:618,0
DA:621,0
DA:622,0
DA:623,0
DA:626,0
DA:627,0
DA:629,0
DA:633,0
DA:643,0
DA:647,0
DA:651,0
DA:654,0
DA:667,0
DA:668,0
DA:672,0
DA:673,0
DA:675,0
DA:681,0
DA:682,0
DA:684,0
DA:697,0
DA:698,0
DA:705,0
DA:706,0
DA:708,0
DA:710,0
DA:712,0
DA:714,0
DA:715,0
DA:719,0
DA:720,0
DA:721,0
DA:728,0
DA:732,0
DA:733,0
DA:734,0
DA:740,0
DA:741,0
DA:742,0
DA:748,0
DA:749,0
DA:750,0
DA:751,0
DA:757,0
DA:758,0
DA:759,0
DA:760,0
DA:767,0
DA:772,0
DA:775,0
DA:776,0
DA:779,0
DA:783,0
DA:785,0
DA:786,0
DA:787,0
DA:792,0
DA:795,0
DA:796,0
DA:805,0
DA:808,0
DA:809,0
DA:810,0
DA:811,0
DA:816,0
DA:819,0
DA:820,0
DA:829,0
DA:830,0
DA:831,0
DA:834,0
DA:835,0
DA:836,0
DA:842,0
DA:844,0
DA:849,0
DA:850,0
DA:851,0
DA:853,0
DA:859,0
DA:861,0
DA:863,0
DA:866,0
DA:867,0
DA:868,0
DA:872,0
DA:874,0
DA:877,0
DA:879,0
DA:880,0
DA:881,0
DA:882,0
DA:886,0
DA:887,0
DA:888,0
DA:891,0
DA:908,0
DA:910,0
DA:911,0
DA:929,0
DA:930,0
DA:934,0
DA:935,0
DA:940,0
DA:950,0
DA:954,0
DA:955,0
DA:957,0
DA:960,0
DA:964,0
DA:965,0
DA:968,0
DA:979,0
DA:982,0
DA:983,0
DA:986,0
DA:987,0
DA:988,0
DA:990,0
DA:991,0
DA:994,0
DA:995,0
DA:996,0
DA:999,0
DA:1001,0
DA:1002,0
DA:1004,0
DA:1006,0
DA:1007,0
DA:1010,0
DA:1011,0
DA:1012,0
DA:1013,0
DA:1015,0
DA:1016,0
DA:1017,0
DA:1018,0
DA:1022,0
DA:1023,0
DA:1024,0
DA:1025,0
DA:1027,0
DA:1028,0
DA:1032,0
DA:1033,0
DA:1036,0
DA:1037,0
DA:1040,0
DA:1041,0
DA:1044,0
DA:1045,0
DA:1046,0
DA:1047,0
DA:1049,0
DA:1050,0
DA:1051,0
DA:1052,0
DA:1053,0
DA:1054,0
DA:1057,0
DA:1059,0
DA:1060,0
DA:1062,0
DA:1063,0
DA:1076,0
DA:1077,0
DA:1078,0
DA:1081,0
DA:1082,0
DA:1083,0
DA:1085,0
DA:1086,0
DA:1088,0
DA:1089,0
DA:1090,0
DA:1091,0
DA:1096,0
DA:1097,0
DA:1100,0
DA:1103,0
DA:1105,0
DA:1109,0
DA:1110,0
DA:1114,0
DA:1134,0
DA:1135,0
DA:1139,0
DA:1149,0
DA:1152,0
DA:1155,0
DA:1159,0
DA:1165,0
DA:1168,0
DA:1171,0
DA:1175,0
DA:1182,0
DA:1183,0
DA:1187,0
DA:1188,0
DA:1189,0
DA:1190,0
DA:1191,0
DA:1196,0
DA:1198,0
DA:1204,0
DA:1210,0
DA:1214,0
DA:1216,0
DA:1218,0
DA:1221,0
DA:1222,0
DA:1223,0
DA:1225,0
DA:1230,0
DA:1231,0
DA:1234,0
DA:1237,0
DA:1238,0
DA:1246,0
DA:1249,0
DA:1255,0
DA:1256,0
DA:1257,0
DA:1258,0
DA:1259,0
DA:1263,0
DA:1264,0
DA:1265,0
DA:1266,0
DA:1269,0
DA:1270,0
DA:1271,0
DA:1272,0
DA:1273,0
DA:1274,0
DA:1284,0
DA:1288,0
DA:1295,0
DA:1303,0
DA:1310,0
DA:1311,0
DA:1314,0
DA:1325,0
DA:1327,0
DA:1336,0
DA:1338,0
DA:1341,0
DA:1343,0
DA:1346,0
DA:1349,0
DA:1351,0
DA:1353,0
DA:1356,0
DA:1359,0
LF:439
LH:0
BRDA:158,0,0,0
BRDA:158,0,1,0
BRDA:261,1,0,0
BRDA:261,1,1,0
BRDA:270,2,0,0
BRDA:270,2,1,0
BRDA:278,3,0,0
BRDA:278,3,1,0
BRDA:336,4,0,0
BRDA:336,4,1,0
BRDA:336,5,0,0
BRDA:336,5,1,0
BRDA:355,6,0,0
BRDA:355,6,1,0
BRDA:384,7,0,0
BRDA:384,7,1,0
BRDA:385,8,0,0
BRDA:385,8,1,0
BRDA:386,9,0,0
BRDA:386,9,1,0
BRDA:391,10,0,0
BRDA:391,10,1,0
BRDA:393,11,0,0
BRDA:393,11,1,0
BRDA:406,12,0,0
BRDA:406,12,1,0
BRDA:414,13,0,0
BRDA:414,13,1,0
BRDA:423,14,0,0
BRDA:423,14,1,0
BRDA:423,15,0,0
BRDA:423,15,1,0
BRDA:431,16,0,0
BRDA:431,16,1,0
BRDA:431,17,0,0
BRDA:431,17,1,0
BRDA:443,18,0,0
BRDA:443,18,1,0
BRDA:443,19,0,0
BRDA:443,19,1,0
BRDA:456,20,0,0
BRDA:456,20,1,0
BRDA:456,21,0,0
BRDA:456,21,1,0
BRDA:476,22,0,0
BRDA:476,22,1,0
BRDA:478,23,0,0
BRDA:478,23,1,0
BRDA:478,24,0,0
BRDA:478,24,1,0
BRDA:481,25,0,0
BRDA:481,25,1,0
BRDA:482,26,0,0
BRDA:482,26,1,0
BRDA:483,27,0,0
BRDA:483,27,1,0
BRDA:493,28,0,0
BRDA:493,28,1,0
BRDA:493,29,0,0
BRDA:493,29,1,0
BRDA:505,30,0,0
BRDA:505,30,1,0
BRDA:515,31,0,0
BRDA:515,31,1,0
BRDA:524,32,0,0
BRDA:524,32,1,0
BRDA:528,33,0,0
BRDA:528,33,1,0
BRDA:532,34,0,0
BRDA:532,34,1,0
BRDA:536,35,0,0
BRDA:536,35,1,0
BRDA:540,36,0,0
BRDA:540,36,1,0
BRDA:550,37,0,0
BRDA:550,37,1,0
BRDA:555,38,0,0
BRDA:555,38,1,0
BRDA:563,39,0,0
BRDA:563,39,1,0
BRDA:571,40,0,0
BRDA:571,40,1,0
BRDA:573,41,0,0
BRDA:573,41,1,0
BRDA:573,41,2,0
BRDA:573,41,3,0
BRDA:573,41,4,0
BRDA:586,42,0,0
BRDA:586,42,1,0
BRDA:592,43,0,0
BRDA:592,43,1,0
BRDA:598,44,0,0
BRDA:598,44,1,0
BRDA:602,45,0,0
BRDA:602,45,1,0
BRDA:605,46,0,0
BRDA:605,46,1,0
BRDA:605,47,0,0
BRDA:605,47,1,0
BRDA:610,48,0,0
BRDA:610,48,1,0
BRDA:614,49,0,0
BRDA:614,49,1,0
BRDA:621,50,0,0
BRDA:621,50,1,0
BRDA:647,51,0,0
BRDA:647,51,1,0
BRDA:654,52,0,0
BRDA:654,52,1,0
BRDA:681,53,0,0
BRDA:681,53,1,0
BRDA:708,54,0,0
BRDA:708,54,1,0
BRDA:710,55,0,0
BRDA:710,55,1,0
BRDA:714,56,0,0
BRDA:714,56,1,0
BRDA:719,57,0,0
BRDA:719,57,1,0
BRDA:721,58,0,0
BRDA:721,58,1,0
BRDA:721,59,0,0
BRDA:721,59,1,0
BRDA:721,59,2,0
BRDA:834,60,0,0
BRDA:834,60,1,0
BRDA:850,61,0,0
BRDA:850,61,1,0
BRDA:851,62,0,0
BRDA:851,62,1,0
BRDA:853,63,0,0
BRDA:853,63,1,0
BRDA:853,64,0,0
BRDA:853,64,1,0
BRDA:853,64,2,0
BRDA:859,65,0,0
BRDA:859,65,1,0
BRDA:861,66,0,0
BRDA:861,66,1,0
BRDA:879,67,0,0
BRDA:879,67,1,0
BRDA:888,68,0,0
BRDA:888,68,1,0
BRDA:891,69,0,0
BRDA:891,69,1,0
BRDA:891,70,0,0
BRDA:891,70,1,0
BRDA:891,70,2,0
BRDA:911,71,0,0
BRDA:911,71,1,0
BRDA:929,72,0,0
BRDA:929,72,1,0
BRDA:929,73,0,0
BRDA:929,73,1,0
BRDA:954,74,0,0
BRDA:954,74,1,0
BRDA:964,75,0,0
BRDA:964,75,1,0
BRDA:986,76,0,0
BRDA:986,76,1,0
BRDA:999,77,0,0
BRDA:999,77,1,0
BRDA:1002,78,0,0
BRDA:1002,78,1,0
BRDA:1022,79,0,0
BRDA:1022,79,1,0
BRDA:1022,80,0,0
BRDA:1022,80,1,0
BRDA:1024,81,0,0
BRDA:1024,81,1,0
BRDA:1027,82,0,0
BRDA:1027,82,1,0
BRDA:1037,83,0,0
BRDA:1037,83,1,0
BRDA:1062,84,0,0
BRDA:1062,84,1,0
BRDA:1085,85,0,0
BRDA:1085,85,1,0
BRDA:1088,86,0,0
BRDA:1088,86,1,0
BRDA:1091,87,0,0
BRDA:1091,87,1,0
BRDA:1091,88,0,0
BRDA:1091,88,1,0
BRDA:1091,88,2,0
BRDA:1100,89,0,0
BRDA:1100,89,1,0
BRDA:1188,90,0,0
BRDA:1188,90,1,0
BRDA:1196,91,0,0
BRDA:1196,91,1,0
BRDA:1259,92,0,0
BRDA:1259,92,1,0
BRDA:1259,93,0,0
BRDA:1259,93,1,0
BRDA:1310,94,0,0
BRDA:1310,94,1,0
BRDA:1310,95,0,0
BRDA:1310,95,1,0
BRDA:1325,96,0,0
BRDA:1325,96,1,0
BRDA:1325,97,0,0
BRDA:1325,97,1,0
BRDA:1336,98,0,0
BRDA:1336,98,1,0
BRDA:1336,99,0,0
BRDA:1336,99,1,0
BRDA:1336,99,2,0
BRDA:1349,100,0,0
BRDA:1349,100,1,0
BRDA:1351,101,0,0
BRDA:1351,101,1,0
BRF:212
BRH:0
end_of_record
TN:
SF:src\components\Model\NodeSummary.vue
FN:143,(anonymous_1)
FN:175,(anonymous_2)
FN:177,(anonymous_3)
FN:182,(anonymous_4)
FN:187,(anonymous_5)
FN:190,(anonymous_6)
FN:207,(anonymous_7)
FN:220,(anonymous_8)
FN:228,(anonymous_9)
FN:241,(anonymous_10)
FN:244,(anonymous_11)
FN:250,(anonymous_12)
FN:280,(anonymous_13)
FN:310,(anonymous_14)
FN:324,(anonymous_15)
FN:328,(anonymous_16)
FN:353,(anonymous_17)
FN:369,(anonymous_18)
FN:374,(anonymous_19)
FN:375,(anonymous_20)
FN:379,(anonymous_21)
FN:380,(anonymous_22)
FN:386,(anonymous_23)
FN:398,(anonymous_24)
FN:410,(anonymous_25)
FN:413,(anonymous_26)
FN:419,(anonymous_27)
FN:440,(anonymous_28)
FN:444,(anonymous_29)
FN:465,(anonymous_30)
FN:466,(anonymous_31)
FN:475,(anonymous_32)
FN:481,(anonymous_33)
FNF:33
FNH:0
FNDA:0,(anonymous_1)
FNDA:0,(anonymous_2)
FNDA:0,(anonymous_3)
FNDA:0,(anonymous_4)
FNDA:0,(anonymous_5)
FNDA:0,(anonymous_6)
FNDA:0,(anonymous_7)
FNDA:0,(anonymous_8)
FNDA:0,(anonymous_9)
FNDA:0,(anonymous_10)
FNDA:0,(anonymous_11)
FNDA:0,(anonymous_12)
FNDA:0,(anonymous_13)
FNDA:0,(anonymous_14)
FNDA:0,(anonymous_15)
FNDA:0,(anonymous_16)
FNDA:0,(anonymous_17)
FNDA:0,(anonymous_18)
FNDA:0,(anonymous_19)
FNDA:0,(anonymous_20)
FNDA:0,(anonymous_21)
FNDA:0,(anonymous_22)
FNDA:0,(anonymous_23)
FNDA:0,(anonymous_24)
FNDA:0,(anonymous_25)
FNDA:0,(anonymous_26)
FNDA:0,(anonymous_27)
FNDA:0,(anonymous_28)
FNDA:0,(anonymous_29)
FNDA:0,(anonymous_30)
FNDA:0,(anonymous_31)
FNDA:0,(anonymous_32)
FNDA:0,(anonymous_33)
DA:127,0
DA:128,0
DA:129,0
DA:130,0
DA:131,0
DA:132,0
DA:133,0
DA:144,0
DA:176,0
DA:177,0
DA:178,0
DA:183,0
DA:184,0
DA:185,0
DA:187,0
DA:190,0
DA:191,0
DA:201,0
DA:203,0
DA:208,0
DA:209,0
DA:212,0
DA:213,0
DA:215,0
DA:216,0
DA:221,0
DA:229,0
DA:235,0
DA:242,0
DA:245,0
DA:246,0
DA:247,0
DA:251,0
DA:252,0
DA:253,0
DA:257,0
DA:261,0
DA:264,0
DA:265,0
DA:266,0
DA:267,0
DA:269,0
DA:282,0
DA:288,0
DA:289,0
DA:290,0
DA:291,0
DA:292,0
DA:293,0
DA:294,0
DA:299,0
DA:307,0
DA:314,0
DA:320,0
DA:321,0
DA:324,0
DA:327,0
DA:328,0
DA:329,0
DA:341,0
DA:342,0
DA:343,0
DA:344,0
DA:345,0
DA:346,0
DA:350,0
DA:354,0
DA:355,0
DA:369,0
DA:375,0
DA:376,0
DA:380,0
DA:381,0
DA:388,0
DA:389,0
DA:393,0
DA:394,0
DA:399,0
DA:400,0
DA:401,0
DA:402,0
DA:403,0
DA:404,0
DA:405,0
DA:411,0
DA:412,0
DA:413,0
DA:419,0
DA:420,0
DA:428,0
DA:429,0
DA:430,0
DA:431,0
DA:434,0
DA:436,0
DA:441,0
DA:445,0
DA:449,0
DA:450,0
DA:452,0
DA:453,0
DA:456,0
DA:457,0
DA:461,0
DA:465,0
DA:466,0
DA:467,0
DA:469,0
DA:475,0
DA:476,0
DA:479,0
DA:480,0
DA:481,0
DA:482,0
DA:488,0
DA:489,0
DA:490,0
DA:494,0
DA:499,0
DA:500,0
DA:501,0
LF:121
LH:0
BRDA:185,0,0,0
BRDA:185,0,1,0
BRDA:209,1,0,0
BRDA:209,1,1,0
BRDA:229,2,0,0
BRDA:229,2,1,0
BRDA:246,3,0,0
BRDA:246,3,1,0
BRDA:253,4,0,0
BRDA:253,4,1,0
BRDA:253,4,2,0
BRDA:257,5,0,0
BRDA:257,5,1,0
BRDA:257,5,2,0
BRDA:282,6,0,0
BRDA:282,6,1,0
BRDA:282,7,0,0
BRDA:282,7,1,0
BRDA:282,7,2,0
BRDA:282,7,3,0
BRDA:291,8,0,0
BRDA:291,8,1,0
BRDA:314,9,0,0
BRDA:314,9,1,0
BRDA:314,10,0,0
BRDA:314,10,1,0
BRDA:314,10,2,0
BRDA:314,10,3,0
BRDA:327,11,0,0
BRDA:327,11,1,0
BRDA:343,12,0,0
BRDA:343,12,1,0
BRDA:354,13,0,0
BRDA:354,13,1,0
BRDA:369,14,0,0
BRDA:369,14,1,0
BRDA:376,15,0,0
BRDA:376,15,1,0
BRDA:381,16,0,0
BRDA:381,16,1,0
BRDA:411,17,0,0
BRDA:411,17,1,0
BRDA:413,18,0,0
BRDA:413,18,1,0
BRDA:428,19,0,0
BRDA:428,19,1,0
BRDA:445,20,0,0
BRDA:445,20,1,0
BRDA:449,21,0,0
BRDA:449,21,1,0
BRDA:461,22,0,0
BRDA:461,22,1,0
BRDA:461,23,0,0
BRDA:461,23,1,0
BRDA:480,24,0,0
BRDA:480,24,1,0
BRF:56
BRH:0
end_of_record
TN:
SF:src\components\Model\Modals\AddLink.vue
FN:37,(anonymous_1)
FN:44,(anonymous_2)
FNF:2
FNH:0
FNDA:0,(anonymous_1)
FNDA:0,(anonymous_2)
DA:19,0
DA:38,0
DA:39,0
DA:40,0
DA:45,0
DA:49,0
LF:6
LH:0
BRDA:39,0,0,0
BRDA:39,0,1,0
BRF:2
BRH:0
end_of_record
TN:
SF:src\components\Model\Modals\AddNode.vue
FN:29,(anonymous_1)
FN:41,(anonymous_2)
FN:48,(anonymous_3)
FNF:3
FNH:0
FNDA:0,(anonymous_1)
FNDA:0,(anonymous_2)
FNDA:0,(anonymous_3)
DA:16,0
DA:17,0
DA:30,0
DA:42,0
DA:43,0
DA:44,0
DA:49,0
DA:50,0
DA:51,0
DA:52,0
DA:58,0
LF:11
LH:0
BRDA:43,0,0,0
BRDA:43,0,1,0
BRF:2
BRH:0
end_of_record
TN:
SF:src\components\Model\Modals\ConfigOrgModel.vue
FN:247,(anonymous_1)
FN:280,(anonymous_2)
FN:296,(anonymous_3)
FN:297,(anonymous_4)
FN:301,(anonymous_5)
FN:307,(anonymous_6)
FN:308,(anonymous_7)
FN:313,(anonymous_8)
FN:319,(anonymous_9)
FN:322,(anonymous_10)
FN:330,(anonymous_11)
FN:336,(anonymous_12)
FN:346,(anonymous_13)
FN:353,(anonymous_14)
FNF:14
FNH:0
FNDA:0,(anonymous_1)
FNDA:0,(anonymous_2)
FNDA:0,(anonymous_3)
FNDA:0,(anonymous_4)
FNDA:0,(anonymous_5)
FNDA:0,(anonymous_6)
FNDA:0,(anonymous_7)
FNDA:0,(anonymous_8)
FNDA:0,(anonymous_9)
FNDA:0,(anonymous_10)
FNDA:0,(anonymous_11)
FNDA:0,(anonymous_12)
FNDA:0,(anonymous_13)
FNDA:0,(anonymous_14)
DA:243,0
DA:248,0
DA:281,0
DA:282,0
DA:283,0
DA:284,0
DA:286,0
DA:288,0
DA:289,0
DA:290,0
DA:292,0
DA:294,0
DA:297,0
DA:298,0
DA:302,0
DA:308,0
DA:309,0
DA:310,0
DA:312,0
DA:313,0
DA:323,0
DA:327,0
DA:334,0
DA:339,0
DA:347,0
DA:348,0
DA:349,0
DA:354,0
DA:355,0
DA:356,0
DA:359,0
DA:360,0
LF:32
LH:0
BRDA:283,0,0,0
BRDA:283,0,1,0
BRDA:309,1,0,0
BRDA:309,1,1,0
BRDA:347,2,0,0
BRDA:347,2,1,0
BRDA:354,3,0,0
BRDA:354,3,1,0
BRF:8
BRH:0
end_of_record
TN:
SF:src\components\Model\Modals\DeleteNode.vue
FN:42,(anonymous_1)
FN:59,(anonymous_2)
FNF:2
FNH:0
FNDA:0,(anonymous_1)
FNDA:0,(anonymous_2)
DA:28,0
DA:29,0
DA:43,0
DA:44,0
DA:49,0
DA:51,0
DA:60,0
DA:61,0
DA:65,0
DA:67,0
LF:10
LH:0
BRDA:44,0,0,0
BRDA:44,0,1,0
BRDA:44,1,0,0
BRDA:44,1,1,0
BRDA:44,1,2,0
BRDA:44,1,3,0
BRDA:44,1,4,0
BRDA:44,1,5,0
BRDA:60,2,0,0
BRDA:60,2,1,0
BRF:10
BRH:0
end_of_record
TN:
SF:src\components\Model\Modals\Shared\ModalNodeName.vue
FNF:0
FNH:0
DA:18,0
LF:1
LH:0
BRF:0
BRH:0
end_of_record
TN:
SF:src\components\Model\Modals\Shared\ModalNodeSelection.vue
FN:35,(anonymous_1)
FN:44,(anonymous_2)
FN:45,(anonymous_3)
FN:49,(anonymous_4)
FN:51,(anonymous_5)
FN:57,(anonymous_6)
FN:59,(anonymous_7)
FNF:7
FNH:0
FNDA:0,(anonymous_1)
FNDA:0,(anonymous_2)
FNDA:0,(anonymous_3)
FNDA:0,(anonymous_4)
FNDA:0,(anonymous_5)
FNDA:0,(anonymous_6)
FNDA:0,(anonymous_7)
DA:31,0
DA:36,0
DA:45,0
DA:50,0
DA:51,0
DA:52,0
DA:54,0
DA:57,0
DA:58,0
DA:59,0
LF:10
LH:0
BRDA:50,0,0,0
BRDA:50,0,1,0
BRF:2
BRH:0
end_of_record
TN:
SF:src\components\Orgs\OrgCard.vue
FN:79,(anonymous_1)
FN:89,(anonymous_2)
FN:92,(anonymous_3)
FN:94,(anonymous_4)
FNF:4
FNH:0
FNDA:0,(anonymous_1)
FNDA:0,(anonymous_2)
FNDA:0,(anonymous_3)
FNDA:0,(anonymous_4)
DA:75,0
DA:80,0
DA:90,0
DA:93,0
DA:101,0
LF:5
LH:0
BRF:0
BRH:0
end_of_record
TN:
SF:src\components\Orgs\Orgs.vue
FNF:0
FNH:0
DA:14,0
LF:1
LH:0
BRF:0
BRH:0
end_of_record
TN:
SF:src\components\Orgs\Modals\AddOrg.vue
FN:27,(anonymous_1)
FN:49,(anonymous_2)
FNF:2
FNH:0
FNDA:0,(anonymous_1)
FNDA:0,(anonymous_2)
DA:22,0
DA:23,0
DA:28,0
DA:50,0
DA:52,0
LF:5
LH:0
BRF:0
BRH:0
end_of_record
TN:
SF:src\components\Orgs\Modals\EditOrg.vue
FN:28,(anonymous_1)
FN:36,(anonymous_2)
FN:44,(anonymous_3)
FNF:3
FNH:0
FNDA:0,(anonymous_1)
FNDA:0,(anonymous_2)
FNDA:0,(anonymous_3)
DA:22,0
DA:23,0
DA:29,0
DA:37,0
DA:41,0
DA:45,0
LF:6
LH:0
BRF:0
BRH:0
end_of_record
TN:
SF:src\components\Orgs\Modals\Shared\ModalOrgCurrency.vue
FN:23,(anonymous_1)
FNF:1
FNH:0
FNDA:0,(anonymous_1)
DA:16,0
DA:24,0
LF:2
LH:0
BRF:0
BRH:0
end_of_record
TN:
SF:src\components\Orgs\Modals\Shared\ModalOrgName.vue
FNF:0
FNH:0
DA:18,0
LF:1
LH:0
BRF:0
BRH:0
end_of_record
TN:
SF:src\components\Tasks\Task.vue
FN:55,(anonymous_1)
FN:63,(anonymous_2)
FN:75,(anonymous_3)
FN:78,(anonymous_4)
FN:80,(anonymous_5)
FN:92,(anonymous_6)
FN:95,(anonymous_7)
FN:98,(anonymous_8)
FNF:8
FNH:0
FNDA:0,(anonymous_1)
FNDA:0,(anonymous_2)
FNDA:0,(anonymous_3)
FNDA:0,(anonymous_4)
FNDA:0,(anonymous_5)
FNDA:0,(anonymous_6)
FNDA:0,(anonymous_7)
FNDA:0,(anonymous_8)
DA:48,0
DA:49,0
DA:50,0
DA:51,0
DA:56,0
DA:64,0
DA:65,0
DA:70,0
DA:76,0
DA:79,0
DA:87,0
DA:93,0
DA:96,0
DA:97,0
DA:98,0
DA:99,0
DA:102,0
LF:17
LH:0
BRDA:64,0,0,0
BRDA:64,0,1,0
BRDA:96,1,0,0
BRDA:96,1,1,0
BRF:4
BRH:0
end_of_record
TN:
SF:src\components\Tasks\TasksCompleted.vue
FNF:0
FNH:0
DA:13,0
LF:1
LH:0
BRF:0
BRH:0
end_of_record
TN:
SF:src\components\Tasks\TasksTodo.vue
FNF:0
FNH:0
DA:17,0
LF:1
LH:0
BRF:0
BRH:0
end_of_record
TN:
SF:src\components\Tasks\Modals\AddTask.vue
FN:22,(anonymous_1)
FN:35,(anonymous_2)
FNF:2
FNH:0
FNDA:0,(anonymous_1)
FNDA:0,(anonymous_2)
DA:17,0
DA:18,0
DA:23,0
DA:36,0
DA:37,0
LF:5
LH:0
BRF:0
BRH:0
end_of_record
TN:
SF:src\components\Tasks\Modals\EditTask.vue
FN:23,(anonymous_1)
FN:30,(anonymous_2)
FN:38,(anonymous_3)
FNF:3
FNH:0
FNDA:0,(anonymous_1)
FNDA:0,(anonymous_2)
FNDA:0,(anonymous_3)
DA:17,0
DA:18,0
DA:24,0
DA:31,0
DA:35,0
DA:39,0
LF:6
LH:0
BRF:0
BRH:0
end_of_record
TN:
SF:src\components\Tasks\Modals\Shared\ModalTaskName.vue
FNF:0
FNH:0
DA:19,0
LF:1
LH:0
BRF:0
BRH:0
end_of_record
TN:
SF:src\components\Tasks\Tools\Search.vue
FN:30,(anonymous_1)
FN:33,(anonymous_2)
FNF:2
FNH:0
FNDA:0,(anonymous_1)
FNDA:0,(anonymous_2)
DA:23,0
DA:24,0
DA:31,0
DA:34,0
LF:4
LH:0
BRF:0
BRH:0
end_of_record
TN:
SF:src\components\Tasks\Tools\Sort.vue
FN:16,(anonymous_1)
FN:27,(anonymous_2)
FN:30,(anonymous_3)
FNF:3
FNH:0
FNDA:0,(anonymous_1)
FNDA:0,(anonymous_2)
FNDA:0,(anonymous_3)
DA:14,0
DA:17,0
DA:28,0
DA:31,0
LF:4
LH:0
BRF:0
BRH:0
end_of_record
TN:
SF:src\components\Teams\TeamCard.vue
FN:56,(anonymous_1)
FN:66,(anonymous_2)
FN:69,(anonymous_3)
FN:71,(anonymous_4)
FNF:4
FNH:0
FNDA:0,(anonymous_1)
FNDA:0,(anonymous_2)
FNDA:0,(anonymous_3)
FNDA:0,(anonymous_4)
DA:52,0
DA:57,0
DA:67,0
DA:70,0
DA:78,0
LF:5
LH:0
BRF:0
BRH:0
end_of_record
TN:
SF:src\components\Teams\Teams.vue
FNF:0
FNH:0
DA:14,0
LF:1
LH:0
BRF:0
BRH:0
end_of_record
TN:
SF:src\components\Teams\Modals\AddTeam.vue
FN:26,(anonymous_1)
FN:48,(anonymous_2)
FNF:2
FNH:0
FNDA:0,(anonymous_1)
FNDA:0,(anonymous_2)
DA:21,0
DA:22,0
DA:27,0
DA:49,0
DA:50,0
DA:51,0
LF:6
LH:0
BRF:0
BRH:0
end_of_record
TN:
SF:src\components\Teams\Modals\EditTeam.vue
FN:26,(anonymous_1)
FN:33,(anonymous_2)
FN:41,(anonymous_3)
FNF:3
FNH:0
FNDA:0,(anonymous_1)
FNDA:0,(anonymous_2)
FNDA:0,(anonymous_3)
DA:20,0
DA:21,0
DA:27,0
DA:34,0
DA:38,0
DA:42,0
LF:6
LH:0
BRF:0
BRH:0
end_of_record
TN:
SF:src\components\Teams\Modals\Shared\ModalTeamName.vue
FNF:0
FNH:0
DA:18,0
LF:1
LH:0
BRF:0
BRH:0
end_of_record
TN:
SF:src\directives\directive-select-all.js
FN:2,(anonymous_0)
FN:4,(anonymous_1)
FNF:2
FNH:0
FNDA:0,(anonymous_0)
FNDA:0,(anonymous_1)
DA:1,0
DA:3,0
DA:4,0
DA:5,0
DA:6,0
LF:5
LH:0
BRDA:5,0,0,0
BRDA:5,0,1,0
BRF:2
BRH:0
end_of_record
TN:
SF:src\i18n\index.js
FNF:0
FNH:0
LF:0
LH:0
BRF:0
BRH:0
end_of_record
TN:
SF:src\i18n\en-us\index.js
FNF:0
FNH:0
LF:0
LH:0
BRF:0
BRH:0
end_of_record
TN:
SF:src\i18n\zh-tw\index.js
FNF:0
FNH:0
LF:0
LH:0
BRF:0
BRH:0
end_of_record
TN:
SF:src\layouts\Layout.vue
FN:183,(anonymous_1)
FN:220,(anonymous_2)
FN:224,(anonymous_3)
FN:228,(anonymous_4)
FN:232,(anonymous_5)
FN:236,(anonymous_6)
FN:240,(anonymous_7)
FN:244,(anonymous_8)
FN:379,(anonymous_9)
FN:400,(anonymous_10)
FN:404,(anonymous_11)
FN:407,(anonymous_12)
FN:410,(anonymous_13)
FN:413,(anonymous_14)
FN:421,(anonymous_15)
FN:422,(anonymous_16)
FN:427,(anonymous_17)
FN:437,(anonymous_18)
FN:442,(anonymous_19)
FN:447,(anonymous_20)
FN:459,(anonymous_21)
FNF:21
FNH:0
FNDA:0,(anonymous_1)
FNDA:0,(anonymous_2)
FNDA:0,(anonymous_3)
FNDA:0,(anonymous_4)
FNDA:0,(anonymous_5)
FNDA:0,(anonymous_6)
FNDA:0,(anonymous_7)
FNDA:0,(anonymous_8)
FNDA:0,(anonymous_9)
FNDA:0,(anonymous_10)
FNDA:0,(anonymous_11)
FNDA:0,(anonymous_12)
FNDA:0,(anonymous_13)
FNDA:0,(anonymous_14)
FNDA:0,(anonymous_15)
FNDA:0,(anonymous_16)
FNDA:0,(anonymous_17)
FNDA:0,(anonymous_18)
FNDA:0,(anonymous_19)
FNDA:0,(anonymous_20)
FNDA:0,(anonymous_21)
DA:176,0
DA:177,0
DA:178,0
DA:179,0
DA:184,0
DA:221,0
DA:225,0
DA:229,0
DA:233,0
DA:237,0
DA:241,0
DA:245,0
DA:380,0
DA:381,0
DA:382,0
DA:383,0
DA:384,0
DA:385,0
DA:386,0
DA:387,0
DA:388,0
DA:389,0
DA:390,0
DA:391,0
DA:393,0
DA:401,0
DA:402,0
DA:405,0
DA:408,0
DA:411,0
DA:414,0
DA:415,0
DA:416,0
DA:417,0
DA:421,0
DA:422,0
DA:423,0
DA:427,0
DA:429,0
DA:430,0
DA:431,0
DA:432,0
DA:433,0
DA:438,0
DA:439,0
DA:440,0
DA:443,0
DA:444,0
DA:448,0
DA:449,0
DA:451,0
DA:452,0
DA:454,0
DA:455,0
DA:460,0
DA:461,0
DA:466,0
LF:57
LH:0
BRDA:225,0,0,0
BRDA:225,0,1,0
BRDA:229,1,0,0
BRDA:229,1,1,0
BRDA:233,2,0,0
BRDA:233,2,1,0
BRDA:237,3,0,0
BRDA:237,3,1,0
BRDA:241,4,0,0
BRDA:241,4,1,0
BRDA:380,5,0,0
BRDA:380,5,1,0
BRDA:380,6,0,0
BRDA:380,6,1,0
BRDA:382,7,0,0
BRDA:382,7,1,0
BRDA:384,8,0,0
BRDA:384,8,1,0
BRDA:386,9,0,0
BRDA:386,9,1,0
BRDA:388,10,0,0
BRDA:388,10,1,0
BRDA:390,11,0,0
BRDA:390,11,1,0
BRDA:432,12,0,0
BRDA:432,12,1,0
BRDA:438,13,0,0
BRDA:438,13,1,0
BRDA:448,14,0,0
BRDA:448,14,1,0
BRDA:449,15,0,0
BRDA:449,15,1,0
BRDA:451,16,0,0
BRDA:451,16,1,0
BRDA:451,17,0,0
BRDA:451,17,1,0
BRDA:454,18,0,0
BRDA:454,18,1,0
BRF:38
BRH:0
end_of_record
TN:
SF:src\mixins\mixin-add-edit-org.js
FN:3,(anonymous_0)
FNF:1
FNH:0
FNDA:0,(anonymous_0)
DA:4,0
DA:5,0
DA:6,0
LF:3
LH:0
BRDA:5,0,0,0
BRDA:5,0,1,0
BRF:2
BRH:0
end_of_record
TN:
SF:src\mixins\mixin-add-edit-task.js
FN:3,(anonymous_0)
FNF:1
FNH:0
FNDA:0,(anonymous_0)
DA:4,0
DA:5,0
DA:6,0
LF:3
LH:0
BRDA:5,0,0,0
BRDA:5,0,1,0
BRF:2
BRH:0
end_of_record
TN:
SF:src\mixins\mixin-add-edit-team.js
FN:3,(anonymous_0)
FNF:1
FNH:0
FNDA:0,(anonymous_0)
DA:4,0
DA:5,0
DA:6,0
LF:3
LH:0
BRDA:5,0,0,0
BRDA:5,0,1,0
BRF:2
BRH:0
end_of_record
TN:
SF:src\pages\PageActionDetails.vue
FN:27,(anonymous_1)
FN:36,(anonymous_2)
FN:37,(anonymous_3)
FN:38,(anonymous_4)
FN:47,(anonymous_5)
FN:51,(anonymous_6)
FN:54,(anonymous_7)
FN:66,(anonymous_8)
FNF:8
FNH:0
FNDA:0,(anonymous_1)
FNDA:0,(anonymous_2)
FNDA:0,(anonymous_3)
FNDA:0,(anonymous_4)
FNDA:0,(anonymous_5)
FNDA:0,(anonymous_6)
FNDA:0,(anonymous_7)
FNDA:0,(anonymous_8)
DA:10,0
DA:11,0
DA:28,0
DA:36,0
DA:37,0
DA:38,0
DA:43,0
DA:44,0
DA:52,0
DA:53,0
DA:61,0
DA:63,0
DA:68,0
DA:69,0
LF:14
LH:0
BRDA:52,0,0,0
BRDA:52,0,1,0
BRDA:68,1,0,0
BRDA:68,1,1,0
BRF:4
BRH:0
end_of_record
TN:
SF:src\pages\PageActions.vue
FN:47,(anonymous_1)
FN:54,(anonymous_2)
FN:55,(anonymous_3)
FN:56,(anonymous_4)
FN:66,(anonymous_5)
FN:69,(anonymous_6)
FN:81,(anonymous_7)
FNF:7
FNH:0
FNDA:0,(anonymous_1)
FNDA:0,(anonymous_2)
FNDA:0,(anonymous_3)
FNDA:0,(anonymous_4)
FNDA:0,(anonymous_5)
FNDA:0,(anonymous_6)
FNDA:0,(anonymous_7)
DA:29,0
DA:30,0
DA:48,0
DA:54,0
DA:55,0
DA:56,0
DA:61,0
DA:62,0
DA:67,0
DA:68,0
DA:76,0
DA:78,0
DA:83,0
DA:84,0
LF:14
LH:0
BRDA:67,0,0,0
BRDA:67,0,1,0
BRDA:83,1,0,0
BRDA:83,1,1,0
BRF:4
BRH:0
end_of_record
TN:
SF:src\pages\PageAuth.vue
FN:34,(anonymous_1)
FNF:1
FNH:0
FNDA:0,(anonymous_1)
DA:35,0
LF:1
LH:0
BRF:0
BRH:0
end_of_record
TN:
SF:src\pages\PageModel.vue
FN:91,(anonymous_1)
FN:92,(anonymous_2)
FN:108,(anonymous_4)
FN:128,(anonymous_5)
FN:133,(anonymous_6)
FN:138,(anonymous_7)
FN:140,compare
FN:153,(anonymous_9)
FN:157,(anonymous_10)
FN:172,(anonymous_11)
FN:177,(anonymous_12)
FN:184,(anonymous_13)
FN:190,(anonymous_14)
FN:191,(anonymous_15)
FN:193,(anonymous_16)
FN:227,(anonymous_17)
FN:229,(anonymous_18)
FN:232,(anonymous_19)
FN:249,(anonymous_20)
FNF:19
FNH:0
FNDA:0,(anonymous_1)
FNDA:0,(anonymous_2)
FNDA:0,(anonymous_4)
FNDA:0,(anonymous_5)
FNDA:0,(anonymous_6)
FNDA:0,(anonymous_7)
FNDA:0,compare
FNDA:0,(anonymous_9)
FNDA:0,(anonymous_10)
FNDA:0,(anonymous_11)
FNDA:0,(anonymous_12)
FNDA:0,(anonymous_13)
FNDA:0,(anonymous_14)
FNDA:0,(anonymous_15)
FNDA:0,(anonymous_16)
FNDA:0,(anonymous_17)
FNDA:0,(anonymous_18)
FNDA:0,(anonymous_19)
FNDA:0,(anonymous_20)
DA:87,0
DA:88,0
DA:89,0
DA:91,0
DA:92,0
DA:109,0
DA:129,0
DA:134,0
DA:139,0
DA:141,0
DA:142,0
DA:144,0
DA:146,0
DA:147,0
DA:148,0
DA:154,0
DA:157,0
DA:160,0
DA:162,0
DA:166,0
DA:173,0
DA:177,0
DA:180,0
DA:185,0
DA:190,0
DA:191,0
DA:193,0
DA:200,0
DA:201,0
DA:202,0
DA:203,0
DA:204,0
DA:206,0
DA:211,0
DA:212,0
DA:216,0
DA:218,0
DA:219,0
DA:230,0
DA:231,0
DA:244,0
DA:246,0
LF:42
LH:0
BRDA:91,0,0,0
BRDA:129,1,0,0
BRDA:129,1,1,0
BRDA:139,2,0,0
BRDA:139,2,1,0
BRDA:141,3,0,0
BRDA:141,3,1,0
BRDA:142,4,0,0
BRDA:142,4,1,0
BRDA:173,5,0,0
BRDA:173,5,1,0
BRDA:173,6,0,0
BRDA:173,6,1,0
BRDA:185,7,0,0
BRDA:185,7,1,0
BRDA:211,8,0,0
BRDA:211,8,1,0
BRDA:230,9,0,0
BRDA:230,9,1,0
BRF:19
BRH:0
end_of_record
TN:
SF:src\pages\PageOrgs.vue
FN:36,(anonymous_1)
FN:50,(anonymous_2)
FN:51,(anonymous_3)
FN:53,(anonymous_4)
FN:62,(anonymous_5)
FN:64,(anonymous_6)
FN:69,(anonymous_7)
FNF:7
FNH:0
FNDA:0,(anonymous_1)
FNDA:0,(anonymous_2)
FNDA:0,(anonymous_3)
FNDA:0,(anonymous_4)
FNDA:0,(anonymous_5)
FNDA:0,(anonymous_6)
FNDA:0,(anonymous_7)
DA:32,0
DA:33,0
DA:37,0
DA:50,0
DA:51,0
DA:53,0
DA:57,0
DA:64,0
DA:65,0
DA:70,0
LF:10
LH:0
BRF:0
BRH:0
end_of_record
TN:
SF:src\pages\PageSettings.vue
FN:66,(anonymous_1)
FN:69,(anonymous_2)
FN:74,(anonymous_3)
FN:77,(anonymous_4)
FN:87,(anonymous_5)
FN:90,(anonymous_6)
FNF:6
FNH:0
FNDA:0,(anonymous_1)
FNDA:0,(anonymous_2)
FNDA:0,(anonymous_3)
FNDA:0,(anonymous_4)
FNDA:0,(anonymous_5)
FNDA:0,(anonymous_6)
DA:59,0
DA:60,0
DA:67,0
DA:70,0
DA:75,0
DA:78,0
DA:88,0
DA:91,0
LF:8
LH:0
BRF:0
BRH:0
end_of_record
TN:
SF:src\router\index.js
FN:13,(anonymous_0)
FN:15,(anonymous_1)
FNF:2
FNH:0
FNDA:0,(anonymous_0)
FNDA:0,(anonymous_1)
DA:6,0
DA:14,0
DA:15,0
DA:25,0
LF:4
LH:0
BRF:0
BRH:0
end_of_record
TN:
SF:src\router\routes.js
FN:4,(anonymous_0)
FN:6,(anonymous_1)
FN:9,(anonymous_2)
FN:10,(anonymous_3)
FN:11,(anonymous_4)
FN:14,(anonymous_5)
FN:18,(anonymous_6)
FN:23,(anonymous_7)
FN:28,(anonymous_8)
FN:37,(anonymous_9)
FNF:10
FNH:0
FNDA:0,(anonymous_0)
FNDA:0,(anonymous_1)
FNDA:0,(anonymous_2)
FNDA:0,(anonymous_3)
FNDA:0,(anonymous_4)
FNDA:0,(anonymous_5)
FNDA:0,(anonymous_6)
FNDA:0,(anonymous_7)
FNDA:0,(anonymous_8)
FNDA:0,(anonymous_9)
DA:1,0
DA:4,0
DA:6,0
DA:9,0
DA:10,0
DA:11,0
DA:14,0
DA:18,0
DA:23,0
DA:28,0
DA:35,0
DA:37,0
LF:12
LH:0
BRF:0
BRH:0
end_of_record
TN:
SF:src\state-machines\machine-action.js
FNF:0
FNH:0
DA:4,0
LF:1
LH:0
BRF:0
BRH:0
end_of_record
TN:
SF:src\store\index.js
FN:23,(anonymous_0)
FNF:1
FNH:0
FNDA:0,(anonymous_0)
DA:16,0
DA:24,0
DA:47,0
LF:3
LH:0
BRF:0
BRH:0
end_of_record
TN:
SF:src\store\store-actions.js
FN:14,(anonymous_0)
FN:17,(anonymous_1)
FN:20,(anonymous_2)
FN:23,(anonymous_3)
FN:30,(anonymous_4)
FN:41,(anonymous_5)
FN:47,(anonymous_6)
FN:52,(anonymous_7)
FN:63,(anonymous_8)
FN:65,(anonymous_9)
FN:107,(anonymous_10)
FN:113,(anonymous_11)
FN:120,(anonymous_12)
FN:126,(anonymous_13)
FN:129,(anonymous_14)
FN:134,(anonymous_15)
FN:146,(anonymous_16)
FN:149,(anonymous_17)
FN:165,(anonymous_18)
FN:182,(anonymous_19)
FN:186,(anonymous_20)
FN:189,(anonymous_21)
FN:192,(anonymous_22)
FN:196,(anonymous_23)
FN:200,(anonymous_24)
FN:204,(anonymous_25)
FN:208,(anonymous_26)
FN:226,(anonymous_27)
FN:230,(anonymous_28)
FN:232,(anonymous_29)
FN:236,(anonymous_30)
FN:244,(anonymous_31)
FN:250,(anonymous_32)
FN:255,(anonymous_33)
FN:267,(anonymous_34)
FN:270,(anonymous_35)
FN:278,(anonymous_36)
FN:281,(anonymous_37)
FN:289,(anonymous_38)
FN:291,(anonymous_39)
FN:294,(anonymous_40)
FN:319,changedSignificantly
FN:329,resultsNumbersChangedSignificantly
FN:339,relationshipExists
FN:360,addNestingRelationship
FN:364,(anonymous_45)
FN:395,addBlockingRelationship
FN:399,(anonymous_47)
FN:424,deleteNestingRelationship
FN:428,(anonymous_49)
FN:443,deleteBlockingRelationship
FN:447,(anonymous_51)
FNF:52
FNH:0
FNDA:0,(anonymous_0)
FNDA:0,(anonymous_1)
FNDA:0,(anonymous_2)
FNDA:0,(anonymous_3)
FNDA:0,(anonymous_4)
FNDA:0,(anonymous_5)
FNDA:0,(anonymous_6)
FNDA:0,(anonymous_7)
FNDA:0,(anonymous_8)
FNDA:0,(anonymous_9)
FNDA:0,(anonymous_10)
FNDA:0,(anonymous_11)
FNDA:0,(anonymous_12)
FNDA:0,(anonymous_13)
FNDA:0,(anonymous_14)
FNDA:0,(anonymous_15)
FNDA:0,(anonymous_16)
FNDA:0,(anonymous_17)
FNDA:0,(anonymous_18)
FNDA:0,(anonymous_19)
FNDA:0,(anonymous_20)
FNDA:0,(anonymous_21)
FNDA:0,(anonymous_22)
FNDA:0,(anonymous_23)
FNDA:0,(anonymous_24)
FNDA:0,(anonymous_25)
FNDA:0,(anonymous_26)
FNDA:0,(anonymous_27)
FNDA:0,(anonymous_28)
FNDA:0,(anonymous_29)
FNDA:0,(anonymous_30)
FNDA:0,(anonymous_31)
FNDA:0,(anonymous_32)
FNDA:0,(anonymous_33)
FNDA:0,(anonymous_34)
FNDA:0,(anonymous_35)
FNDA:0,(anonymous_36)
FNDA:0,(anonymous_37)
FNDA:0,(anonymous_38)
FNDA:0,(anonymous_39)
FNDA:0,(anonymous_40)
FNDA:0,changedSignificantly
FNDA:0,resultsNumbersChangedSignificantly
FNDA:0,relationshipExists
FNDA:0,addNestingRelationship
FNDA:0,(anonymous_45)
FNDA:0,addBlockingRelationship
FNDA:0,(anonymous_47)
FNDA:0,deleteNestingRelationship
FNDA:0,(anonymous_49)
FNDA:0,deleteBlockingRelationship
FNDA:0,(anonymous_51)
DA:6,0
DA:12,0
DA:15,0
DA:18,0
DA:21,0
DA:24,0
DA:28,0
DA:33,0
DA:34,0
DA:35,0
DA:37,0
DA:42,0
DA:44,0
DA:45,0
DA:48,0
DA:55,0
DA:56,0
DA:60,0
DA:61,0
DA:62,0
DA:63,0
DA:64,0
DA:65,0
DA:67,0
DA:75,0
DA:80,0
DA:91,0
DA:92,0
DA:95,0
DA:98,0
DA:99,0
DA:101,0
DA:105,0
DA:108,0
DA:109,0
DA:110,0
DA:111,0
DA:114,0
DA:121,0
DA:122,0
DA:127,0
DA:130,0
DA:137,0
DA:138,0
DA:139,0
DA:140,0
DA:141,0
DA:143,0
DA:147,0
DA:150,0
DA:166,0
DA:168,0
DA:183,0
DA:187,0
DA:190,0
DA:193,0
DA:194,0
DA:197,0
DA:198,0
DA:201,0
DA:202,0
DA:205,0
DA:206,0
DA:209,0
DA:211,0
DA:212,0
DA:214,0
DA:215,0
DA:217,0
DA:225,0
DA:227,0
DA:228,0
DA:230,0
DA:233,0
DA:234,0
DA:236,0
DA:237,0
DA:238,0
DA:239,0
DA:240,0
DA:241,0
DA:244,0
DA:245,0
DA:248,0
DA:251,0
DA:252,0
DA:253,0
DA:255,0
DA:256,0
DA:257,0
DA:258,0
DA:259,0
DA:260,0
DA:263,0
DA:265,0
DA:268,0
DA:269,0
DA:270,0
DA:271,0
DA:272,0
DA:273,0
DA:276,0
DA:279,0
DA:280,0
DA:281,0
DA:282,0
DA:283,0
DA:284,0
DA:287,0
DA:290,0
DA:291,0
DA:293,0
DA:294,0
DA:295,0
DA:307,0
DA:320,0
DA:321,0
DA:322,0
DA:323,0
DA:324,0
DA:325,0
DA:326,0
DA:330,0
DA:332,0
DA:333,0
DA:334,0
DA:335,0
DA:336,0
DA:340,0
DA:344,0
DA:345,0
DA:349,0
DA:350,0
DA:354,0
DA:355,0
DA:356,0
DA:357,0
DA:361,0
DA:362,0
DA:363,0
DA:364,0
DA:365,0
DA:366,0
DA:367,0
DA:368,0
DA:370,0
DA:374,0
DA:377,0
DA:378,0
DA:379,0
DA:381,0
DA:384,0
DA:387,0
DA:390,0
DA:391,0
DA:396,0
DA:397,0
DA:398,0
DA:399,0
DA:400,0
DA:401,0
DA:402,0
DA:403,0
DA:405,0
DA:409,0
DA:410,0
DA:413,0
DA:416,0
DA:419,0
DA:420,0
DA:425,0
DA:426,0
DA:427,0
DA:428,0
DA:429,0
DA:432,0
DA:435,0
DA:438,0
DA:439,0
DA:444,0
DA:445,0
DA:446,0
DA:447,0
DA:448,0
DA:451,0
DA:454,0
DA:457,0
DA:458,0
LF:188
LH:0
BRDA:44,0,0,0
BRDA:44,0,1,0
BRDA:44,1,0,0
BRDA:44,1,1,0
BRDA:67,2,0,0
BRDA:67,2,1,0
BRDA:68,3,0,0
BRDA:68,3,1,0
BRDA:91,4,0,0
BRDA:91,4,1,0
BRDA:101,5,0,0
BRDA:101,5,1,0
BRDA:102,6,0,0
BRDA:102,6,1,0
BRDA:102,6,2,0
BRDA:209,7,0,0
BRDA:209,7,1,0
BRDA:209,7,2,0
BRDA:227,8,0,0
BRDA:227,8,1,0
BRDA:239,9,0,0
BRDA:239,9,1,0
BRDA:240,10,0,0
BRDA:240,10,1,0
BRDA:253,11,0,0
BRDA:253,11,1,0
BRDA:259,12,0,0
BRDA:259,12,1,0
BRDA:272,13,0,0
BRDA:272,13,1,0
BRDA:283,14,0,0
BRDA:283,14,1,0
BRDA:293,15,0,0
BRDA:293,15,1,0
BRDA:320,16,0,0
BRDA:320,16,1,0
BRDA:320,17,0,0
BRDA:320,17,1,0
BRDA:321,18,0,0
BRDA:321,18,1,0
BRDA:321,19,0,0
BRDA:321,19,1,0
BRDA:322,20,0,0
BRDA:322,20,1,0
BRDA:324,21,0,0
BRDA:324,21,1,0
BRDA:330,22,0,0
BRDA:330,22,1,0
BRDA:332,23,0,0
BRDA:332,23,1,0
BRDA:333,24,0,0
BRDA:333,24,1,0
BRDA:335,25,0,0
BRDA:335,25,1,0
BRDA:340,26,0,0
BRDA:340,26,1,0
BRDA:341,27,0,0
BRDA:341,27,1,0
BRDA:345,28,0,0
BRDA:345,28,1,0
BRDA:346,29,0,0
BRDA:346,29,1,0
BRDA:350,30,0,0
BRDA:350,30,1,0
BRDA:351,31,0,0
BRDA:351,31,1,0
BRDA:355,32,0,0
BRDA:355,32,1,0
BRDA:355,33,0,0
BRDA:355,33,1,0
BRDA:370,34,0,0
BRDA:370,34,1,0
BRDA:371,35,0,0
BRDA:371,35,1,0
BRDA:377,36,0,0
BRDA:377,36,1,0
BRDA:405,37,0,0
BRDA:405,37,1,0
BRDA:406,38,0,0
BRDA:406,38,1,0
BRF:80
BRH:0
end_of_record
TN:
SF:src\store\store-adHocDocs.js
FN:11,(anonymous_0)
FN:21,(anonymous_1)
FNF:2
FNH:0
FNDA:0,(anonymous_0)
FNDA:0,(anonymous_1)
DA:4,0
DA:8,0
DA:10,0
DA:12,0
DA:22,0
DA:26,0
LF:6
LH:0
BRF:0
BRH:0
end_of_record
TN:
SF:src\store\store-auth.js
FN:10,(anonymous_0)
FN:16,(anonymous_1)
FN:20,(anonymous_2)
FN:28,(anonymous_3)
FN:32,(anonymous_4)
FN:36,(anonymous_5)
FN:41,(anonymous_6)
FN:45,(anonymous_7)
FN:50,(anonymous_8)
FN:51,(anonymous_9)
FNF:10
FNH:0
FNDA:0,(anonymous_0)
FNDA:0,(anonymous_1)
FNDA:0,(anonymous_2)
FNDA:0,(anonymous_3)
FNDA:0,(anonymous_4)
FNDA:0,(anonymous_5)
FNDA:0,(anonymous_6)
FNDA:0,(anonymous_7)
FNDA:0,(anonymous_8)
FNDA:0,(anonymous_9)
DA:5,0
DA:9,0
DA:11,0
DA:15,0
DA:17,0
DA:18,0
DA:21,0
DA:29,0
DA:33,0
DA:34,0
DA:38,0
DA:39,0
DA:42,0
DA:48,0
DA:51,0
DA:52,0
DA:53,0
DA:55,0
DA:56,0
DA:57,0
DA:58,0
DA:61,0
DA:62,0
DA:63,0
DA:66,0
DA:74,0
LF:26
LH:0
BRDA:53,0,0,0
BRDA:53,0,1,0
BRDA:57,1,0,0
BRDA:57,1,1,0
BRF:4
BRH:0
end_of_record
TN:
SF:src\store\store-calcResults.js
FN:13,(anonymous_0)
FN:16,(anonymous_1)
FN:19,(anonymous_2)
FN:25,(anonymous_3)
FN:29,(anonymous_4)
FN:33,(anonymous_5)
FN:37,(anonymous_6)
FNF:7
FNH:0
FNDA:0,(anonymous_0)
FNDA:0,(anonymous_1)
FNDA:0,(anonymous_2)
FNDA:0,(anonymous_3)
FNDA:0,(anonymous_4)
FNDA:0,(anonymous_5)
FNDA:0,(anonymous_6)
DA:7,0
DA:12,0
DA:14,0
DA:17,0
DA:20,0
DA:24,0
DA:26,0
DA:30,0
DA:34,0
DA:38,0
DA:42,0
LF:11
LH:0
BRF:0
BRH:0
end_of_record
TN:
SF:src\store\store-calculator.js
FN:12,(anonymous_0)
FN:15,(anonymous_1)
FN:21,(anonymous_2)
FN:43,(anonymous_3)
FN:69,(anonymous_4)
FNF:5
FNH:0
FNDA:0,(anonymous_0)
FNDA:0,(anonymous_1)
FNDA:0,(anonymous_2)
FNDA:0,(anonymous_3)
FNDA:0,(anonymous_4)
DA:6,0
DA:11,0
DA:13,0
DA:16,0
DA:20,0
DA:22,0
DA:23,0
DA:27,0
DA:30,0
DA:31,0
DA:35,0
DA:37,0
DA:38,0
DA:40,0
DA:44,0
DA:53,0
DA:54,0
DA:55,0
DA:69,0
DA:72,0
DA:73,0
DA:74,0
DA:75,0
DA:76,0
DA:81,0
DA:82,0
DA:83,0
DA:84,0
DA:86,0
DA:87,0
DA:88,0
DA:91,0
DA:93,0
DA:95,0
DA:99,0
DA:100,0
DA:101,0
DA:107,0
DA:109,0
DA:112,0
DA:114,0
DA:115,0
DA:116,0
DA:119,0
DA:121,0
DA:122,0
DA:124,0
DA:125,0
DA:134,0
LF:49
LH:0
BRDA:22,0,0,0
BRDA:22,0,1,0
BRDA:30,1,0,0
BRDA:30,1,1,0
BRDA:64,2,0,0
BRDA:64,2,1,0
BRDA:72,3,0,0
BRDA:72,3,1,0
BRDA:74,4,0,0
BRDA:74,4,1,0
BRDA:83,5,0,0
BRDA:83,5,1,0
BRDA:84,6,0,0
BRDA:84,6,1,0
BRDA:87,7,0,0
BRDA:87,7,1,0
BRDA:99,8,0,0
BRDA:99,8,1,0
BRDA:100,9,0,0
BRDA:100,9,1,0
BRDA:112,10,0,0
BRDA:112,10,1,0
BRDA:121,11,0,0
BRDA:121,11,1,0
BRF:24
BRH:0
end_of_record
TN:
SF:src\store\store-model.js
FN:13,(anonymous_0)
FN:16,(anonymous_1)
FN:19,(anonymous_2)
FN:24,(anonymous_3)
FN:28,(anonymous_4)
FN:35,(anonymous_5)
FN:50,(anonymous_6)
FN:53,(anonymous_7)
FN:58,(anonymous_8)
FN:75,(anonymous_9)
FN:81,(anonymous_10)
FN:84,(anonymous_11)
FN:89,(anonymous_12)
FN:103,(anonymous_13)
FN:107,(anonymous_14)
FN:124,(anonymous_15)
FN:128,(anonymous_16)
FN:138,(anonymous_17)
FN:162,(anonymous_18)
FN:167,(anonymous_19)
FN:182,(anonymous_20)
FN:192,(anonymous_21)
FN:200,(anonymous_22)
FN:206,(anonymous_23)
FN:216,(anonymous_24)
FN:219,(anonymous_25)
FN:224,(anonymous_26)
FN:258,(anonymous_27)
FN:275,(anonymous_28)
FN:281,(anonymous_29)
FN:304,(anonymous_30)
FN:316,(anonymous_31)
FN:326,(anonymous_32)
FN:335,(anonymous_33)
FN:337,(anonymous_34)
FN:371,(anonymous_35)
FN:374,(anonymous_36)
FN:381,(anonymous_37)
FN:386,(anonymous_38)
FN:388,(anonymous_39)
FN:408,(anonymous_40)
FN:428,(anonymous_41)
FN:435,(anonymous_42)
FN:438,(anonymous_43)
FN:441,(anonymous_44)
FN:453,(anonymous_45)
FN:459,(anonymous_46)
FN:462,(anonymous_47)
FN:466,(anonymous_48)
FN:479,(anonymous_49)
FN:482,(anonymous_50)
FN:485,(anonymous_51)
FN:497,(anonymous_52)
FN:501,(anonymous_53)
FN:503,(anonymous_54)
FN:505,(anonymous_55)
FN:508,(anonymous_56)
FNF:57
FNH:0
FNDA:0,(anonymous_0)
FNDA:0,(anonymous_1)
FNDA:0,(anonymous_2)
FNDA:0,(anonymous_3)
FNDA:0,(anonymous_4)
FNDA:0,(anonymous_5)
FNDA:0,(anonymous_6)
FNDA:0,(anonymous_7)
FNDA:0,(anonymous_8)
FNDA:0,(anonymous_9)
FNDA:0,(anonymous_10)
FNDA:0,(anonymous_11)
FNDA:0,(anonymous_12)
FNDA:0,(anonymous_13)
FNDA:0,(anonymous_14)
FNDA:0,(anonymous_15)
FNDA:0,(anonymous_16)
FNDA:0,(anonymous_17)
FNDA:0,(anonymous_18)
FNDA:0,(anonymous_19)
FNDA:0,(anonymous_20)
FNDA:0,(anonymous_21)
FNDA:0,(anonymous_22)
FNDA:0,(anonymous_23)
FNDA:0,(anonymous_24)
FNDA:0,(anonymous_25)
FNDA:0,(anonymous_26)
FNDA:0,(anonymous_27)
FNDA:0,(anonymous_28)
FNDA:0,(anonymous_29)
FNDA:0,(anonymous_30)
FNDA:0,(anonymous_31)
FNDA:0,(anonymous_32)
FNDA:0,(anonymous_33)
FNDA:0,(anonymous_34)
FNDA:0,(anonymous_35)
FNDA:0,(anonymous_36)
FNDA:0,(anonymous_37)
FNDA:0,(anonymous_38)
FNDA:0,(anonymous_39)
FNDA:0,(anonymous_40)
FNDA:0,(anonymous_41)
FNDA:0,(anonymous_42)
FNDA:0,(anonymous_43)
FNDA:0,(anonymous_44)
FNDA:0,(anonymous_45)
FNDA:0,(anonymous_46)
FNDA:0,(anonymous_47)
FNDA:0,(anonymous_48)
FNDA:0,(anonymous_49)
FNDA:0,(anonymous_50)
FNDA:0,(anonymous_51)
FNDA:0,(anonymous_52)
FNDA:0,(anonymous_53)
FNDA:0,(anonymous_54)
FNDA:0,(anonymous_55)
FNDA:0,(anonymous_56)
DA:7,0
DA:12,0
DA:14,0
DA:15,0
DA:16,0
DA:17,0
DA:19,0
DA:20,0
DA:24,0
DA:25,0
DA:28,0
DA:29,0
DA:34,0
DA:36,0
DA:37,0
DA:38,0
DA:39,0
DA:40,0
DA:41,0
DA:42,0
DA:43,0
DA:44,0
DA:45,0
DA:46,0
DA:54,0
DA:59,0
DA:62,0
DA:63,0
DA:65,0
DA:66,0
DA:67,0
DA:68,0
DA:70,0
DA:71,0
DA:78,0
DA:79,0
DA:82,0
DA:85,0
DA:90,0
DA:92,0
DA:104,0
DA:108,0
DA:110,0
DA:125,0
DA:130,0
DA:131,0
DA:132,0
DA:133,0
DA:141,0
DA:142,0
DA:143,0
DA:151,0
DA:152,0
DA:163,0
DA:168,0
DA:169,0
DA:172,0
DA:173,0
DA:175,0
DA:179,0
DA:184,0
DA:187,0
DA:192,0
DA:193,0
DA:194,0
DA:201,0
DA:202,0
DA:207,0
DA:208,0
DA:209,0
DA:214,0
DA:217,0
DA:220,0
DA:225,0
DA:226,0
DA:227,0
DA:229,0
DA:231,0
DA:232,0
DA:233,0
DA:235,0
DA:236,0
DA:237,0
DA:239,0
DA:242,0
DA:246,0
DA:247,0
DA:248,0
DA:251,0
DA:252,0
DA:256,0
DA:259,0
DA:261,0
DA:265,0
DA:270,0
DA:276,0
DA:277,0
DA:282,0
DA:283,0
DA:284,0
DA:286,0
DA:291,0
DA:295,0
DA:296,0
DA:299,0
DA:302,0
DA:305,0
DA:307,0
DA:311,0
DA:317,0
DA:320,0
DA:328,0
DA:334,0
DA:337,0
DA:338,0
DA:339,0
DA:341,0
DA:343,0
DA:345,0
DA:346,0
DA:347,0
DA:348,0
DA:349,0
DA:350,0
DA:351,0
DA:352,0
DA:353,0
DA:354,0
DA:359,0
DA:360,0
DA:361,0
DA:362,0
DA:363,0
DA:365,0
DA:367,0
DA:375,0
DA:383,0
DA:384,0
DA:385,0
DA:386,0
DA:388,0
DA:390,0
DA:396,0
DA:409,0
DA:410,0
DA:415,0
DA:416,0
DA:417,0
DA:420,0
DA:421,0
DA:423,0
DA:425,0
DA:429,0
DA:430,0
DA:431,0
DA:433,0
DA:434,0
DA:435,0
DA:436,0
DA:437,0
DA:438,0
DA:439,0
DA:440,0
DA:441,0
DA:442,0
DA:444,0
DA:446,0
DA:448,0
DA:449,0
DA:454,0
DA:455,0
DA:456,0
DA:457,0
DA:458,0
DA:459,0
DA:460,0
DA:461,0
DA:462,0
DA:463,0
DA:464,0
DA:465,0
DA:466,0
DA:467,0
DA:468,0
DA:470,0
DA:472,0
DA:474,0
DA:475,0
DA:480,0
DA:481,0
DA:482,0
DA:483,0
DA:484,0
DA:485,0
DA:486,0
DA:488,0
DA:490,0
DA:491,0
DA:496,0
DA:498,0
DA:499,0
DA:501,0
DA:504,0
DA:505,0
DA:507,0
DA:508,0
DA:509,0
DA:529,0
LF:208
LH:0
BRDA:17,0,0,0
BRDA:17,0,1,0
BRDA:20,1,0,0
BRDA:20,1,1,0
BRDA:142,2,0,0
BRDA:142,2,1,0
BRDA:151,3,0,0
BRDA:151,3,1,0
BRDA:187,4,0,0
BRDA:187,4,1,0
BRDA:188,5,0,0
BRDA:188,5,1,0
BRDA:188,5,2,0
BRDA:188,5,3,0
BRDA:226,6,0,0
BRDA:226,6,1,0
BRDA:229,7,0,0
BRDA:229,7,1,0
BRDA:229,7,2,0
BRDA:247,8,0,0
BRDA:247,8,1,0
BRDA:251,9,0,0
BRDA:251,9,1,0
BRDA:338,10,0,0
BRDA:338,10,1,0
BRDA:343,11,0,0
BRDA:343,11,1,0
BRDA:343,12,0,0
BRDA:343,12,1,0
BRDA:345,13,0,0
BRDA:345,13,1,0
BRDA:345,14,0,0
BRDA:345,14,1,0
BRDA:348,15,0,0
BRDA:348,15,1,0
BRDA:348,16,0,0
BRDA:348,16,1,0
BRDA:348,16,2,0
BRDA:351,17,0,0
BRDA:351,17,1,0
BRDA:351,18,0,0
BRDA:351,18,1,0
BRDA:351,18,2,0
BRDA:354,19,0,0
BRDA:354,19,1,0
BRDA:355,20,0,0
BRDA:355,20,1,0
BRDA:355,20,2,0
BRDA:361,21,0,0
BRDA:361,21,1,0
BRDA:361,22,0,0
BRDA:361,22,1,0
BRDA:361,22,2,0
BRDA:365,23,0,0
BRDA:365,23,1,0
BRDA:385,24,0,0
BRDA:385,24,1,0
BRDA:425,25,0,0
BRDA:425,25,1,0
BRDA:440,26,0,0
BRDA:440,26,1,0
BRDA:464,27,0,0
BRDA:464,27,1,0
BRDA:465,28,0,0
BRDA:465,28,1,0
BRDA:467,29,0,0
BRDA:467,29,1,0
BRDA:467,30,0,0
BRDA:467,30,1,0
BRDA:498,31,0,0
BRDA:498,31,1,0
BRDA:507,32,0,0
BRDA:507,32,1,0
BRDA:513,33,0,0
BRDA:513,33,1,0
BRDA:517,34,0,0
BRDA:517,34,1,0
BRDA:521,35,0,0
BRDA:521,35,1,0
BRF:79
BRH:0
end_of_record
TN:
SF:src\store\store-orgs.js
FN:13,(anonymous_0)
FN:18,(anonymous_1)
FN:27,(anonymous_2)
FN:32,(anonymous_3)
FN:36,(anonymous_4)
FN:42,(anonymous_5)
FN:45,(anonymous_6)
FN:52,(anonymous_7)
FN:63,(anonymous_8)
FN:72,(anonymous_9)
FN:76,(anonymous_10)
FN:92,(anonymous_11)
FN:96,(anonymous_12)
FN:109,(anonymous_13)
FNF:14
FNH:0
FNDA:0,(anonymous_0)
FNDA:0,(anonymous_1)
FNDA:0,(anonymous_2)
FNDA:0,(anonymous_3)
FNDA:0,(anonymous_4)
FNDA:0,(anonymous_5)
FNDA:0,(anonymous_6)
FNDA:0,(anonymous_7)
FNDA:0,(anonymous_8)
FNDA:0,(anonymous_9)
FNDA:0,(anonymous_10)
FNDA:0,(anonymous_11)
FNDA:0,(anonymous_12)
FNDA:0,(anonymous_13)
DA:7,0
DA:12,0
DA:14,0
DA:17,0
DA:19,0
DA:20,0
DA:21,0
DA:23,0
DA:28,0
DA:30,0
DA:33,0
DA:38,0
DA:43,0
DA:46,0
DA:49,0
DA:54,0
DA:55,0
DA:57,0
DA:58,0
DA:59,0
DA:60,0
DA:65,0
DA:70,0
DA:73,0
DA:77,0
DA:79,0
DA:93,0
DA:97,0
DA:99,0
DA:110,0
LF:30
LH:0
BRDA:20,0,0,0
BRDA:20,0,1,0
BRF:2
BRH:0
end_of_record
TN:
SF:src\store\store-settings.js
FN:11,(anonymous_0)
FN:14,(anonymous_1)
FN:17,(anonymous_2)
FN:23,(anonymous_3)
FN:27,(anonymous_4)
FN:31,(anonymous_5)
FN:34,(anonymous_6)
FN:43,(anonymous_7)
FNF:8
FNH:0
FNDA:0,(anonymous_0)
FNDA:0,(anonymous_1)
FNDA:0,(anonymous_2)
FNDA:0,(anonymous_3)
FNDA:0,(anonymous_4)
FNDA:0,(anonymous_5)
FNDA:0,(anonymous_6)
FNDA:0,(anonymous_7)
DA:3,0
DA:10,0
DA:12,0
DA:15,0
DA:18,0
DA:22,0
DA:24,0
DA:25,0
DA:28,0
DA:29,0
DA:32,0
DA:35,0
DA:36,0
DA:37,0
DA:42,0
DA:44,0
LF:16
LH:0
BRDA:36,0,0,0
BRDA:36,0,1,0
BRF:2
BRH:0
end_of_record
TN:
SF:src\store\store-ui.js
FN:13,(anonymous_0)
FN:18,(anonymous_1)
FN:21,(anonymous_2)
FN:24,(anonymous_3)
FN:28,(anonymous_4)
FN:32,(anonymous_5)
FN:36,(anonymous_6)
FN:39,(anonymous_7)
FN:42,(anonymous_8)
FN:47,(anonymous_9)
FN:50,(anonymous_10)
FN:53,(anonymous_11)
FN:56,(anonymous_12)
FNF:13
FNH:0
FNDA:0,(anonymous_0)
FNDA:0,(anonymous_1)
FNDA:0,(anonymous_2)
FNDA:0,(anonymous_3)
FNDA:0,(anonymous_4)
FNDA:0,(anonymous_5)
FNDA:0,(anonymous_6)
FNDA:0,(anonymous_7)
FNDA:0,(anonymous_8)
FNDA:0,(anonymous_9)
FNDA:0,(anonymous_10)
FNDA:0,(anonymous_11)
FNDA:0,(anonymous_12)
DA:1,0
DA:12,0
DA:14,0
DA:15,0
DA:16,0
DA:19,0
DA:22,0
DA:25,0
DA:26,0
DA:29,0
DA:30,0
DA:31,0
DA:32,0
DA:34,0
DA:37,0
DA:40,0
DA:43,0
DA:46,0
DA:48,0
DA:51,0
DA:54,0
DA:57,0
DA:61,0
LF:23
LH:0
BRDA:26,0,0,0
BRDA:26,0,1,0
BRF:2
BRH:0
end_of_record
TN:
SF:src\store\store-uiAction.js
FN:26,(anonymous_0)
FN:30,(anonymous_1)
FN:40,(anonymous_2)
FN:43,(anonymous_3)
FN:47,(anonymous_4)
FN:51,(anonymous_5)
FN:52,(anonymous_6)
FN:56,(anonymous_7)
FN:57,(anonymous_8)
FN:65,(anonymous_9)
FNF:10
FNH:0
FNDA:0,(anonymous_0)
FNDA:0,(anonymous_1)
FNDA:0,(anonymous_2)
FNDA:0,(anonymous_3)
FNDA:0,(anonymous_4)
FNDA:0,(anonymous_5)
FNDA:0,(anonymous_6)
FNDA:0,(anonymous_7)
FNDA:0,(anonymous_8)
FNDA:0,(anonymous_9)
DA:3,0
DA:10,0
DA:20,0
DA:25,0
DA:27,0
DA:28,0
DA:31,0
DA:32,0
DA:33,0
DA:35,0
DA:36,0
DA:37,0
DA:41,0
DA:44,0
DA:48,0
DA:49,0
DA:52,0
DA:53,0
DA:54,0
DA:57,0
DA:58,0
DA:60,0
DA:64,0
DA:66,0
DA:70,0
LF:25
LH:0
BRDA:31,0,0,0
BRDA:31,0,1,0
BRDA:35,1,0,0
BRDA:35,1,1,0
BRF:4
BRH:0
end_of_record
TN:
SF:src\store\module-example\actions.js
FN:1,someAction
FNF:1
FNH:0
FNDA:0,someAction
LF:0
LH:0
BRF:0
BRH:0
end_of_record
TN:
SF:src\store\module-example\getters.js
FN:1,someGetter
FNF:1
FNH:0
FNDA:0,someGetter
LF:0
LH:0
BRF:0
BRH:0
end_of_record
TN:
SF:src\store\module-example\index.js
FNF:0
FNH:0
LF:0
LH:0
BRF:0
BRH:0
end_of_record
TN:
SF:src\store\module-example\mutations.js
FN:1,someMutation
FNF:1
FNH:0
FNDA:0,someMutation
LF:0
LH:0
BRF:0
BRH:0
end_of_record
TN:
SF:src\store\module-example\state.js
FNF:0
FNH:0
LF:0
LH:0
BRF:0
BRH:0
end_of_record
TN:
SF:src\utils\util-calculateDependencyLevels.js
FN:3,calculateDependencyLevels
FN:16,(anonymous_1)
FN:20,(anonymous_2)
FN:42,(anonymous_3)
FN:50,(anonymous_4)
FNF:5
FNH:0
FNDA:0,calculateDependencyLevels
FNDA:0,(anonymous_1)
FNDA:0,(anonymous_2)
FNDA:0,(anonymous_3)
FNDA:0,(anonymous_4)
DA:5,0
DA:6,0
DA:7,0
DA:8,0
DA:11,0
DA:12,0
DA:13,0
DA:15,0
DA:16,0
DA:18,0
DA:19,0
DA:20,0
DA:21,0
DA:25,0
DA:33,0
DA:35,0
DA:36,0
DA:42,0
DA:43,0
DA:44,0
DA:49,0
DA:50,0
DA:51,0
DA:52,0
DA:55,0
DA:58,0
DA:62,0
LF:27
LH:0
BRDA:19,0,0,0
BRDA:19,0,1,0
BRDA:19,1,0,0
BRDA:19,1,1,0
BRDA:22,2,0,0
BRDA:22,2,1,0
BRDA:26,3,0,0
BRDA:26,3,1,0
BRDA:33,4,0,0
BRDA:33,4,1,0
BRDA:43,5,0,0
BRDA:43,5,1,0
BRDA:43,6,0,0
BRDA:43,6,1,0
BRDA:44,7,0,0
BRDA:44,7,1,0
BRDA:45,8,0,0
BRDA:45,8,1,0
BRDA:45,8,2,0
BRDA:51,9,0,0
BRDA:51,9,1,0
BRF:21
BRH:0
end_of_record
TN:
SF:src\utils\util-calculateGraphLevels.js
FN:3,calculateGraphLevels
FN:16,(anonymous_1)
FN:20,(anonymous_2)
FN:48,(anonymous_3)
FN:59,(anonymous_4)
FNF:5
FNH:0
FNDA:0,calculateGraphLevels
FNDA:0,(anonymous_1)
FNDA:0,(anonymous_2)
FNDA:0,(anonymous_3)
FNDA:0,(anonymous_4)
DA:5,0
DA:6,0
DA:7,0
DA:8,0
DA:11,0
DA:12,0
DA:13,0
DA:15,0
DA:16,0
DA:18,0
DA:19,0
DA:20,0
DA:21,0
DA:25,0
DA:33,0
DA:35,0
DA:36,0
DA:43,0
DA:44,0
DA:45,0
DA:46,0
DA:47,0
DA:48,0
DA:49,0
DA:51,0
DA:53,0
DA:58,0
DA:59,0
DA:60,0
DA:61,0
DA:64,0
DA:67,0
DA:70,0
DA:72,0
DA:73,0
DA:80,0
LF:36
LH:0
BRDA:12,0,0,0
BRDA:12,0,1,0
BRDA:19,1,0,0
BRDA:19,1,1,0
BRDA:19,2,0,0
BRDA:19,2,1,0
BRDA:22,3,0,0
BRDA:22,3,1,0
BRDA:26,4,0,0
BRDA:26,4,1,0
BRDA:33,5,0,0
BRDA:33,5,1,0
BRDA:46,6,0,0
BRDA:46,6,1,0
BRDA:49,7,0,0
BRDA:49,7,1,0
BRDA:49,8,0,0
BRDA:49,8,1,0
BRDA:53,9,0,0
BRDA:53,9,1,0
BRDA:54,10,0,0
BRDA:54,10,1,0
BRDA:54,10,2,0
BRDA:60,11,0,0
BRDA:60,11,1,0
BRDA:70,12,0,0
BRDA:70,12,1,0
BRF:27
BRH:0
end_of_record
TN:
SF:src\utils\util-camelize.js
FN:1,camelize
FN:3,(anonymous_1)
FNF:2
FNH:0
FNDA:0,camelize
FNDA:0,(anonymous_1)
DA:2,0
DA:4,0
LF:2
LH:0
BRDA:4,0,0,0
BRDA:4,0,1,0
BRF:2
BRH:0
end_of_record
TN:
SF:src\utils\util-formatNumber.js
FN:1,formatNumber
FN:15,withAbbreviation
FNF:2
FNH:0
FNDA:0,formatNumber
FNDA:0,withAbbreviation
DA:2,0
DA:3,0
DA:5,0
DA:6,0
DA:10,0
DA:11,0
DA:16,0
DA:24,0
DA:26,0
DA:27,0
DA:28,0
DA:29,0
DA:32,0
DA:33,0
DA:35,0
LF:15
LH:0
BRDA:2,0,0,0
BRDA:2,0,1,0
BRDA:2,1,0,0
BRDA:2,1,1,0
BRDA:3,2,0,0
BRDA:3,2,1,0
BRDA:3,3,0,0
BRDA:3,3,1,0
BRDA:5,4,0,0
BRDA:5,4,1,0
BRDA:28,5,0,0
BRDA:28,5,1,0
BRDA:32,6,0,0
BRDA:32,6,1,0
BRF:14
BRH:0
end_of_record
TN:
SF:src\utils\util-getAcronym.js
FN:1,getAcronym
FNF:1
FNH:0
FNDA:0,getAcronym
DA:4,0
DA:5,0
DA:6,0
DA:7,0
DA:8,0
DA:9,0
DA:10,0
DA:12,0
LF:8
LH:0
BRF:0
BRH:0
end_of_record
TN:
SF:src\utils\util-getNodeLinkEndPoints.js
FN:3,getNodeLinkEndPoints
FN:24,getDistance
FNF:2
FNH:0
FNDA:0,getNodeLinkEndPoints
FNDA:0,getDistance
DA:4,0
DA:5,0
DA:7,0
DA:8,0
DA:10,0
DA:13,0
DA:14,0
DA:15,0
DA:17,0
DA:18,0
DA:19,0
DA:21,0
DA:25,0
DA:26,0
DA:27,0
LF:15
LH:0
BRDA:7,0,0,0
BRDA:7,0,1,0
BRDA:7,1,0,0
BRDA:7,1,1,0
BRF:4
BRH:0
end_of_record
TN:
SF:src\utils\util-node-operations.js
FN:5,classifyInfluencers
FN:22,(anonymous_1)
FN:32,(anonymous_2)
FN:52,(anonymous_3)
FN:58,(anonymous_4)
FN:67,(anonymous_5)
FN:75,(anonymous_6)
FN:109,(anonymous_7)
FNF:8
FNH:0
FNDA:0,classifyInfluencers
FNDA:0,(anonymous_1)
FNDA:0,(anonymous_2)
FNDA:0,(anonymous_3)
FNDA:0,(anonymous_4)
FNDA:0,(anonymous_5)
FNDA:0,(anonymous_6)
FNDA:0,(anonymous_7)
DA:6,0
DA:7,0
DA:11,0
DA:14,0
DA:15,0
DA:16,0
DA:18,0
DA:19,0
DA:20,0
DA:21,0
DA:22,0
DA:23,0
DA:24,0
DA:31,0
DA:32,0
DA:33,0
DA:34,0
DA:35,0
DA:37,0
DA:41,0
DA:45,0
DA:50,0
DA:52,0
DA:55,0
DA:56,0
DA:58,0
DA:61,0
DA:62,0
DA:63,0
DA:67,0
DA:70,0
DA:71,0
DA:72,0
DA:74,0
DA:75,0
DA:76,0
DA:80,0
DA:81,0
DA:83,0
DA:88,0
DA:89,0
DA:91,0
DA:92,0
DA:95,0
DA:98,0
DA:99,0
DA:100,0
DA:107,0
DA:108,0
DA:109,0
DA:113,0
LF:51
LH:0
BRDA:11,0,0,0
BRDA:11,0,1,0
BRDA:18,1,0,0
BRDA:18,1,1,0
BRDA:21,2,0,0
BRDA:21,2,1,0
BRDA:23,3,0,0
BRDA:23,3,1,0
BRDA:24,4,0,0
BRDA:24,4,1,0
BRDA:33,5,0,0
BRDA:33,5,1,0
BRDA:34,6,0,0
BRDA:34,6,1,0
BRDA:37,7,0,0
BRDA:37,7,1,0
BRDA:38,8,0,0
BRDA:38,8,1,0
BRDA:45,9,0,0
BRDA:45,9,1,0
BRDA:61,10,0,0
BRDA:61,10,1,0
BRDA:61,11,0,0
BRDA:61,11,1,0
BRDA:70,12,0,0
BRDA:70,12,1,0
BRDA:72,13,0,0
BRDA:72,13,1,0
BRDA:80,14,0,0
BRDA:80,14,1,0
BRDA:83,15,0,0
BRDA:83,15,1,0
BRDA:84,16,0,0
BRDA:84,16,1,0
BRDA:84,16,2,0
BRDA:91,17,0,0
BRDA:91,17,1,0
BRDA:91,18,0,0
BRDA:91,18,1,0
BRDA:95,19,0,0
BRDA:95,19,1,0
BRDA:99,20,0,0
BRDA:99,20,1,0
BRDA:108,21,0,0
BRDA:108,21,1,0
BRF:45
BRH:0
end_of_record
TN:
SF:src\utils\util-responsify-svg.js
FN:3,responsify
FN:24,resize
FNF:2
FNH:0
FNDA:0,responsify
FNDA:0,resize
DA:5,0
DA:6,0
DA:7,0
DA:8,0
DA:12,0
DA:21,0
DA:25,0
DA:26,0
DA:27,0
LF:9
LH:0
BRF:0
BRH:0
end_of_record
TN:
SF:src\utils\util-shards.js
FN:1,mergeShards
FN:2,(anonymous_1)
FN:5,(anonymous_2)
FN:8,(anonymous_3)
FNF:4
FNH:0
FNDA:0,mergeShards
FNDA:0,(anonymous_1)
FNDA:0,(anonymous_2)
FNDA:0,(anonymous_3)
DA:2,0
DA:3,0
DA:5,0
DA:7,0
DA:8,0
DA:9,0
DA:12,0
DA:16,0
DA:18,0
DA:19,0
DA:20,0
DA:21,0
DA:22,0
DA:24,0
DA:26,0
LF:15
LH:0
BRDA:7,0,0,0
BRDA:7,0,1,0
BRDA:18,1,0,0
BRDA:18,1,1,0
BRDA:18,2,0,0
BRDA:18,2,1,0
BRF:6
BRH:0
end_of_record
TN:
SF:src\utils\util-show-error-message.js
FN:3,showErrorMessage
FNF:1
FNH:0
FNDA:0,showErrorMessage
DA:4,0
DA:5,0
LF:2
LH:0
BRDA:3,0,0,0
BRF:1
BRH:0
end_of_record
TN:
SF:src\utils\util-sleep.js
FN:1,sleep
FN:2,(anonymous_1)
FNF:2
FNH:0
FNDA:0,sleep
FNDA:0,(anonymous_1)
DA:2,0
LF:1
LH:0
BRF:0
BRH:0
end_of_record
TN:
SF:src\utils\util-slugify.js
FN:1,slugify
FN:13,(anonymous_1)
FNF:2
FNH:0
FNDA:0,slugify
FNDA:0,(anonymous_1)
DA:3,0
DA:5,0
DA:6,0
DA:8,0
DA:13,0
LF:5
LH:0
BRF:0
BRH:0
end_of_record
